{"/root/API-Maranguape/src/app.js": {"path":"/root/API-Maranguape/src/app.js","statementMap":{"0":{"start":{"line":1,"column":16},"end":{"line":1,"column":34}},"1":{"start":{"line":2,"column":15},"end":{"line":2,"column":32}},"2":{"start":{"line":3,"column":15},"end":{"line":3,"column":32}},"3":{"start":{"line":4,"column":20},"end":{"line":4,"column":42}},"4":{"start":{"line":5,"column":13},"end":{"line":5,"column":28}},"5":{"start":{"line":6,"column":15},"end":{"line":6,"column":32}},"6":{"start":{"line":7,"column":15},"end":{"line":7,"column":34}},"7":{"start":{"line":8,"column":16},"end":{"line":8,"column":34}},"8":{"start":{"line":9,"column":18},"end":{"line":9,"column":47}},"9":{"start":{"line":10,"column":26},"end":{"line":10,"column":77}},"10":{"start":{"line":11,"column":26},"end":{"line":11,"column":73}},"11":{"start":{"line":12,"column":14},"end":{"line":12,"column":45}},"12":{"start":{"line":13,"column":21},"end":{"line":13,"column":54}},"13":{"start":{"line":14,"column":22},"end":{"line":14,"column":55}},"14":{"start":{"line":15,"column":27},"end":{"line":15,"column":65}},"15":{"start":{"line":16,"column":26},"end":{"line":16,"column":63}},"16":{"start":{"line":18,"column":0},"end":{"line":18,"column":16}},"17":{"start":{"line":20,"column":0},"end":{"line":26,"column":5}},"18":{"start":{"line":22,"column":4},"end":{"line":22,"column":48}},"19":{"start":{"line":25,"column":4},"end":{"line":25,"column":62}},"20":{"start":{"line":28,"column":0},"end":{"line":34,"column":5}},"21":{"start":{"line":30,"column":4},"end":{"line":30,"column":48}},"22":{"start":{"line":33,"column":4},"end":{"line":33,"column":62}},"23":{"start":{"line":36,"column":12},"end":{"line":36,"column":21}},"24":{"start":{"line":38,"column":23},"end":{"line":43,"column":1}},"25":{"start":{"line":45,"column":20},"end":{"line":54,"column":1}},"26":{"start":{"line":47,"column":4},"end":{"line":51,"column":5}},"27":{"start":{"line":48,"column":6},"end":{"line":48,"column":27}},"28":{"start":{"line":50,"column":6},"end":{"line":50,"column":49}},"29":{"start":{"line":57,"column":0},"end":{"line":57,"column":23}},"30":{"start":{"line":58,"column":0},"end":{"line":58,"column":24}},"31":{"start":{"line":59,"column":0},"end":{"line":59,"column":48}},"32":{"start":{"line":60,"column":0},"end":{"line":63,"column":3}},"33":{"start":{"line":61,"column":2},"end":{"line":61,"column":38}},"34":{"start":{"line":62,"column":2},"end":{"line":62,"column":9}},"35":{"start":{"line":64,"column":0},"end":{"line":64,"column":27}},"36":{"start":{"line":65,"column":0},"end":{"line":65,"column":18}},"37":{"start":{"line":66,"column":0},"end":{"line":66,"column":23}},"38":{"start":{"line":69,"column":0},"end":{"line":71,"column":3}},"39":{"start":{"line":70,"column":2},"end":{"line":70,"column":37}},"40":{"start":{"line":73,"column":0},"end":{"line":75,"column":3}},"41":{"start":{"line":74,"column":2},"end":{"line":74,"column":39}},"42":{"start":{"line":77,"column":0},"end":{"line":77,"column":26}},"43":{"start":{"line":80,"column":16},"end":{"line":83,"column":2}},"44":{"start":{"line":84,"column":0},"end":{"line":84,"column":17}},"45":{"start":{"line":87,"column":0},"end":{"line":94,"column":3}},"46":{"start":{"line":88,"column":16},"end":{"line":88,"column":27}},"47":{"start":{"line":89,"column":21},"end":{"line":89,"column":23}},"48":{"start":{"line":90,"column":15},"end":{"line":90,"column":51}},"49":{"start":{"line":91,"column":2},"end":{"line":91,"column":38}},"50":{"start":{"line":93,"column":2},"end":{"line":93,"column":38}},"51":{"start":{"line":96,"column":0},"end":{"line":96,"column":39}},"52":{"start":{"line":97,"column":0},"end":{"line":97,"column":49}},"53":{"start":{"line":98,"column":0},"end":{"line":98,"column":39}},"54":{"start":{"line":99,"column":0},"end":{"line":99,"column":47}},"55":{"start":{"line":101,"column":0},"end":{"line":101,"column":21}}},"fnMap":{"0":{"name":"(anonymous_0)","decl":{"start":{"line":21,"column":8},"end":{"line":21,"column":9}},"loc":{"start":{"line":21,"column":14},"end":{"line":23,"column":3}},"line":21},"1":{"name":"(anonymous_1)","decl":{"start":{"line":24,"column":9},"end":{"line":24,"column":10}},"loc":{"start":{"line":24,"column":18},"end":{"line":26,"column":3}},"line":24},"2":{"name":"(anonymous_2)","decl":{"start":{"line":29,"column":8},"end":{"line":29,"column":9}},"loc":{"start":{"line":29,"column":14},"end":{"line":31,"column":3}},"line":29},"3":{"name":"(anonymous_3)","decl":{"start":{"line":32,"column":9},"end":{"line":32,"column":10}},"loc":{"start":{"line":32,"column":18},"end":{"line":34,"column":3}},"line":32},"4":{"name":"(anonymous_4)","decl":{"start":{"line":46,"column":10},"end":{"line":46,"column":11}},"loc":{"start":{"line":46,"column":38},"end":{"line":52,"column":3}},"line":46},"5":{"name":"(anonymous_5)","decl":{"start":{"line":60,"column":8},"end":{"line":60,"column":9}},"loc":{"start":{"line":60,"column":28},"end":{"line":63,"column":1}},"line":60},"6":{"name":"(anonymous_6)","decl":{"start":{"line":69,"column":20},"end":{"line":69,"column":21}},"loc":{"start":{"line":69,"column":26},"end":{"line":71,"column":1}},"line":69},"7":{"name":"(anonymous_7)","decl":{"start":{"line":73,"column":18},"end":{"line":73,"column":19}},"loc":{"start":{"line":73,"column":27},"end":{"line":75,"column":1}},"line":73},"8":{"name":"(anonymous_8)","decl":{"start":{"line":87,"column":13},"end":{"line":87,"column":14}},"loc":{"start":{"line":87,"column":33},"end":{"line":94,"column":1}},"line":87}},"branchMap":{"0":{"loc":{"start":{"line":47,"column":4},"end":{"line":51,"column":5}},"type":"if","locations":[{"start":{"line":47,"column":4},"end":{"line":51,"column":5}},{"start":{"line":49,"column":11},"end":{"line":51,"column":5}}],"line":47},"1":{"loc":{"start":{"line":47,"column":8},"end":{"line":47,"column":56}},"type":"binary-expr","locations":[{"start":{"line":47,"column":8},"end":{"line":47,"column":15}},{"start":{"line":47,"column":19},"end":{"line":47,"column":56}}],"line":47}},"s":{"0":2,"1":2,"2":2,"3":2,"4":2,"5":2,"6":2,"7":2,"8":2,"9":2,"10":2,"11":2,"12":2,"13":2,"14":2,"15":2,"16":2,"17":2,"18":2,"19":0,"20":2,"21":2,"22":0,"23":2,"24":2,"25":2,"26":15,"27":15,"28":0,"29":2,"30":2,"31":2,"32":2,"33":15,"34":15,"35":2,"36":2,"37":2,"38":2,"39":2,"40":2,"41":0,"42":2,"43":2,"44":2,"45":2,"46":0,"47":0,"48":0,"49":0,"50":0,"51":2,"52":2,"53":2,"54":2,"55":2},"f":{"0":2,"1":0,"2":2,"3":0,"4":15,"5":15,"6":2,"7":0,"8":0},"b":{"0":[15,0],"1":[15,0]},"_coverageSchema":"1a1c01bbd47fc00a2c39e90264f33305004495a9","hash":"f435dd575e96c16fa5487e5ae7236c0b670b09cd"}
,"/root/API-Maranguape/src/server.js": {"path":"/root/API-Maranguape/src/server.js","statementMap":{"0":{"start":{"line":1,"column":12},"end":{"line":1,"column":28}},"1":{"start":{"line":4,"column":13},"end":{"line":4,"column":37}},"2":{"start":{"line":5,"column":0},"end":{"line":5,"column":73}},"3":{"start":{"line":5,"column":23},"end":{"line":5,"column":71}}},"fnMap":{"0":{"name":"(anonymous_0)","decl":{"start":{"line":5,"column":17},"end":{"line":5,"column":18}},"loc":{"start":{"line":5,"column":23},"end":{"line":5,"column":71}},"line":5}},"branchMap":{"0":{"loc":{"start":{"line":4,"column":13},"end":{"line":4,"column":37}},"type":"binary-expr","locations":[{"start":{"line":4,"column":13},"end":{"line":4,"column":29}},{"start":{"line":4,"column":33},"end":{"line":4,"column":37}}],"line":4}},"s":{"0":0,"1":0,"2":0,"3":0},"f":{"0":0},"b":{"0":[0,0]}}
,"/root/API-Maranguape/src/config/aws.js": {"path":"/root/API-Maranguape/src/config/aws.js","statementMap":{"0":{"start":{"line":2,"column":21},"end":{"line":2,"column":50}},"1":{"start":{"line":5,"column":17},"end":{"line":11,"column":2}},"2":{"start":{"line":13,"column":0},"end":{"line":13,"column":26}}},"fnMap":{},"branchMap":{},"s":{"0":2,"1":2,"2":2},"f":{},"b":{},"_coverageSchema":"1a1c01bbd47fc00a2c39e90264f33305004495a9","hash":"e2556cbe1c6dc0db93f8e9330f610100029e99c3"}
,"/root/API-Maranguape/src/config/multerConfig.js": {"path":"/root/API-Maranguape/src/config/multerConfig.js","statementMap":{"0":{"start":{"line":2,"column":15},"end":{"line":2,"column":32}},"1":{"start":{"line":5,"column":16},"end":{"line":5,"column":38}},"2":{"start":{"line":8,"column":15},"end":{"line":16,"column":2}},"3":{"start":{"line":18,"column":0},"end":{"line":18,"column":24}}},"fnMap":{},"branchMap":{},"s":{"0":2,"1":2,"2":2,"3":2},"f":{},"b":{},"_coverageSchema":"1a1c01bbd47fc00a2c39e90264f33305004495a9","hash":"b22daf8d645a50f593454da1c3a0f926a0cec9a4"}
,"/root/API-Maranguape/src/config/redisClient.js": {"path":"/root/API-Maranguape/src/config/redisClient.js","statementMap":{"0":{"start":{"line":1,"column":14},"end":{"line":1,"column":32}},"1":{"start":{"line":4,"column":14},"end":{"line":13,"column":6}},"2":{"start":{"line":15,"column":0},"end":{"line":17,"column":3}},"3":{"start":{"line":16,"column":2},"end":{"line":16,"column":37}},"4":{"start":{"line":19,"column":0},"end":{"line":21,"column":3}},"5":{"start":{"line":20,"column":2},"end":{"line":20,"column":50}},"6":{"start":{"line":23,"column":0},"end":{"line":23,"column":23}}},"fnMap":{"0":{"name":"(anonymous_0)","decl":{"start":{"line":15,"column":20},"end":{"line":15,"column":21}},"loc":{"start":{"line":15,"column":26},"end":{"line":17,"column":1}},"line":15},"1":{"name":"(anonymous_1)","decl":{"start":{"line":19,"column":18},"end":{"line":19,"column":19}},"loc":{"start":{"line":19,"column":27},"end":{"line":21,"column":1}},"line":19}},"branchMap":{"0":{"loc":{"start":{"line":4,"column":14},"end":{"line":13,"column":6}},"type":"cond-expr","locations":[{"start":{"line":5,"column":4},"end":{"line":7,"column":6}},{"start":{"line":8,"column":4},"end":{"line":13,"column":6}}],"line":4},"1":{"loc":{"start":{"line":9,"column":12},"end":{"line":9,"column":49}},"type":"binary-expr","locations":[{"start":{"line":9,"column":12},"end":{"line":9,"column":34}},{"start":{"line":9,"column":38},"end":{"line":9,"column":49}}],"line":9},"2":{"loc":{"start":{"line":10,"column":12},"end":{"line":10,"column":42}},"type":"binary-expr","locations":[{"start":{"line":10,"column":12},"end":{"line":10,"column":34}},{"start":{"line":10,"column":38},"end":{"line":10,"column":42}}],"line":10}},"s":{"0":6,"1":6,"2":6,"3":6,"4":6,"5":0,"6":6},"f":{"0":6,"1":0},"b":{"0":[0,6],"1":[6,6],"2":[6,6]},"_coverageSchema":"1a1c01bbd47fc00a2c39e90264f33305004495a9","hash":"3ca44bbf492696c184a02d9801023fbfd3b45de3"}
,"/root/API-Maranguape/src/config/Mongoose/funcionariosConnection.js": {"path":"/root/API-Maranguape/src/config/Mongoose/funcionariosConnection.js","statementMap":{"0":{"start":{"line":1,"column":17},"end":{"line":1,"column":36}},"1":{"start":{"line":3,"column":22},"end":{"line":5,"column":1}},"2":{"start":{"line":4,"column":2},"end":{"line":4,"column":39}},"3":{"start":{"line":7,"column":25},"end":{"line":9,"column":1}},"4":{"start":{"line":8,"column":2},"end":{"line":8,"column":40}},"5":{"start":{"line":11,"column":0},"end":{"line":14,"column":2}}},"fnMap":{"0":{"name":"(anonymous_0)","decl":{"start":{"line":3,"column":22},"end":{"line":3,"column":23}},"loc":{"start":{"line":3,"column":37},"end":{"line":5,"column":1}},"line":3},"1":{"name":"(anonymous_1)","decl":{"start":{"line":7,"column":25},"end":{"line":7,"column":26}},"loc":{"start":{"line":7,"column":37},"end":{"line":9,"column":1}},"line":7}},"branchMap":{},"s":{"0":3,"1":3,"2":5,"3":3,"4":3,"5":3},"f":{"0":5,"1":3},"b":{},"_coverageSchema":"1a1c01bbd47fc00a2c39e90264f33305004495a9","hash":"d8a0966b672c4749838469354c1eef3b7729b73a"}
,"/root/API-Maranguape/src/config/Mongoose/usuariosConnection.js": {"path":"/root/API-Maranguape/src/config/Mongoose/usuariosConnection.js","statementMap":{"0":{"start":{"line":1,"column":17},"end":{"line":1,"column":36}},"1":{"start":{"line":3,"column":22},"end":{"line":5,"column":1}},"2":{"start":{"line":4,"column":2},"end":{"line":4,"column":39}},"3":{"start":{"line":7,"column":25},"end":{"line":9,"column":1}},"4":{"start":{"line":8,"column":2},"end":{"line":8,"column":40}},"5":{"start":{"line":11,"column":0},"end":{"line":14,"column":2}}},"fnMap":{"0":{"name":"(anonymous_0)","decl":{"start":{"line":3,"column":22},"end":{"line":3,"column":23}},"loc":{"start":{"line":3,"column":37},"end":{"line":5,"column":1}},"line":3},"1":{"name":"(anonymous_1)","decl":{"start":{"line":7,"column":25},"end":{"line":7,"column":26}},"loc":{"start":{"line":7,"column":37},"end":{"line":9,"column":1}},"line":7}},"branchMap":{},"s":{"0":3,"1":3,"2":5,"3":3,"4":3,"5":3},"f":{"0":5,"1":3},"b":{},"_coverageSchema":"1a1c01bbd47fc00a2c39e90264f33305004495a9","hash":"13cfabee7cf0b5b0c837e6b5e822d8999647df42"}
,"/root/API-Maranguape/src/controllers/SetorController.js": {"path":"/root/API-Maranguape/src/controllers/SetorController.js","statementMap":{"0":{"start":{"line":1,"column":21},"end":{"line":1,"column":56}},"1":{"start":{"line":5,"column":4},"end":{"line":12,"column":5}},"2":{"start":{"line":6,"column":21},"end":{"line":6,"column":61}},"3":{"start":{"line":7,"column":6},"end":{"line":7,"column":35}},"4":{"start":{"line":9,"column":6},"end":{"line":11,"column":72}},"5":{"start":{"line":16,"column":4},"end":{"line":21,"column":5}},"6":{"start":{"line":17,"column":22},"end":{"line":17,"column":57}},"7":{"start":{"line":18,"column":6},"end":{"line":18,"column":28}},"8":{"start":{"line":20,"column":6},"end":{"line":20,"column":73}},"9":{"start":{"line":25,"column":4},"end":{"line":31,"column":5}},"10":{"start":{"line":26,"column":26},"end":{"line":26,"column":36}},"11":{"start":{"line":27,"column":19},"end":{"line":27,"column":59}},"12":{"start":{"line":28,"column":6},"end":{"line":28,"column":21}},"13":{"start":{"line":30,"column":6},"end":{"line":30,"column":80}},"14":{"start":{"line":35,"column":4},"end":{"line":42,"column":5}},"15":{"start":{"line":36,"column":21},"end":{"line":36,"column":31}},"16":{"start":{"line":37,"column":23},"end":{"line":37,"column":31}},"17":{"start":{"line":38,"column":21},"end":{"line":38,"column":61}},"18":{"start":{"line":39,"column":6},"end":{"line":39,"column":35}},"19":{"start":{"line":41,"column":6},"end":{"line":41,"column":76}},"20":{"start":{"line":46,"column":4},"end":{"line":56,"column":5}},"21":{"start":{"line":47,"column":21},"end":{"line":47,"column":31}},"22":{"start":{"line":48,"column":6},"end":{"line":48,"column":41}},"23":{"start":{"line":49,"column":6},"end":{"line":51,"column":72}},"24":{"start":{"line":53,"column":6},"end":{"line":55,"column":75}},"25":{"start":{"line":60,"column":0},"end":{"line":60,"column":33}}},"fnMap":{"0":{"name":"(anonymous_0)","decl":{"start":{"line":4,"column":2},"end":{"line":4,"column":3}},"loc":{"start":{"line":4,"column":37},"end":{"line":13,"column":3}},"line":4},"1":{"name":"(anonymous_1)","decl":{"start":{"line":15,"column":2},"end":{"line":15,"column":3}},"loc":{"start":{"line":15,"column":40},"end":{"line":22,"column":3}},"line":15},"2":{"name":"(anonymous_2)","decl":{"start":{"line":24,"column":2},"end":{"line":24,"column":3}},"loc":{"start":{"line":24,"column":38},"end":{"line":32,"column":3}},"line":24},"3":{"name":"(anonymous_3)","decl":{"start":{"line":34,"column":2},"end":{"line":34,"column":3}},"loc":{"start":{"line":34,"column":37},"end":{"line":43,"column":3}},"line":34},"4":{"name":"(anonymous_4)","decl":{"start":{"line":45,"column":2},"end":{"line":45,"column":3}},"loc":{"start":{"line":45,"column":37},"end":{"line":57,"column":3}},"line":45}},"branchMap":{},"s":{"0":2,"1":3,"2":3,"3":2,"4":1,"5":3,"6":3,"7":2,"8":1,"9":3,"10":3,"11":3,"12":2,"13":1,"14":3,"15":3,"16":3,"17":3,"18":2,"19":1,"20":3,"21":3,"22":3,"23":2,"24":1,"25":2},"f":{"0":3,"1":3,"2":3,"3":3,"4":3},"b":{},"_coverageSchema":"1a1c01bbd47fc00a2c39e90264f33305004495a9","hash":"c493c7eb8b721d3b8245137d16132ed80e0309e4"}
,"/root/API-Maranguape/src/controllers/authController.js": {"path":"/root/API-Maranguape/src/controllers/authController.js","statementMap":{},"fnMap":{},"branchMap":{},"s":{},"f":{},"b":{}}
,"/root/API-Maranguape/src/middlewares/auth.js": {"path":"/root/API-Maranguape/src/middlewares/auth.js","statementMap":{},"fnMap":{},"branchMap":{},"s":{},"f":{},"b":{}}
,"/root/API-Maranguape/src/middlewares/validate.js": {"path":"/root/API-Maranguape/src/middlewares/validate.js","statementMap":{"0":{"start":{"line":1,"column":17},"end":{"line":10,"column":1}},"1":{"start":{"line":1,"column":29},"end":{"line":10,"column":1}},"2":{"start":{"line":2,"column":20},"end":{"line":2,"column":45}},"3":{"start":{"line":4,"column":2},"end":{"line":8,"column":3}},"4":{"start":{"line":5,"column":4},"end":{"line":7,"column":7}},"5":{"start":{"line":6,"column":42},"end":{"line":6,"column":53}},"6":{"start":{"line":9,"column":2},"end":{"line":9,"column":9}},"7":{"start":{"line":12,"column":0},"end":{"line":12,"column":30}}},"fnMap":{"0":{"name":"(anonymous_0)","decl":{"start":{"line":1,"column":17},"end":{"line":1,"column":18}},"loc":{"start":{"line":1,"column":29},"end":{"line":10,"column":1}},"line":1},"1":{"name":"(anonymous_1)","decl":{"start":{"line":1,"column":29},"end":{"line":1,"column":30}},"loc":{"start":{"line":1,"column":49},"end":{"line":10,"column":1}},"line":1},"2":{"name":"(anonymous_2)","decl":{"start":{"line":6,"column":33},"end":{"line":6,"column":34}},"loc":{"start":{"line":6,"column":42},"end":{"line":6,"column":53}},"line":6}},"branchMap":{"0":{"loc":{"start":{"line":4,"column":2},"end":{"line":8,"column":3}},"type":"if","locations":[{"start":{"line":4,"column":2},"end":{"line":8,"column":3}},{"start":{},"end":{}}],"line":4}},"s":{"0":2,"1":2,"2":3,"3":3,"4":0,"5":0,"6":3,"7":2},"f":{"0":2,"1":3,"2":0},"b":{"0":[0,3]},"_coverageSchema":"1a1c01bbd47fc00a2c39e90264f33305004495a9","hash":"89062df2dfbd9c91835908bccc1a29990ef36c0e"}
,"/root/API-Maranguape/src/models/funcionariosSchema.js": {"path":"/root/API-Maranguape/src/models/funcionariosSchema.js","statementMap":{"0":{"start":{"line":1,"column":17},"end":{"line":1,"column":36}},"1":{"start":{"line":4,"column":26},"end":{"line":31,"column":2}},"2":{"start":{"line":33,"column":20},"end":{"line":36,"column":1}},"3":{"start":{"line":38,"column":0},"end":{"line":38,"column":29}}},"fnMap":{},"branchMap":{},"s":{"0":2,"1":2,"2":2,"3":2},"f":{},"b":{},"_coverageSchema":"1a1c01bbd47fc00a2c39e90264f33305004495a9","hash":"b6d1e87e0fc5c7fe69aa4953dd3d6f4352a56095"}
,"/root/API-Maranguape/src/models/referenciasSchema.js": {"path":"/root/API-Maranguape/src/models/referenciasSchema.js","statementMap":{"0":{"start":{"line":1,"column":17},"end":{"line":1,"column":36}},"1":{"start":{"line":3,"column":24},"end":{"line":10,"column":2}},"2":{"start":{"line":12,"column":0},"end":{"line":12,"column":77}}},"fnMap":{},"branchMap":{},"s":{"0":2,"1":2,"2":2},"f":{},"b":{},"_coverageSchema":"1a1c01bbd47fc00a2c39e90264f33305004495a9","hash":"7187c36c7f220241cfabadba2edef48c0a466494"}
,"/root/API-Maranguape/src/models/setoresSchema.js": {"path":"/root/API-Maranguape/src/models/setoresSchema.js","statementMap":{"0":{"start":{"line":1,"column":17},"end":{"line":1,"column":36}},"1":{"start":{"line":4,"column":20},"end":{"line":26,"column":2}},"2":{"start":{"line":18,"column":10},"end":{"line":18,"column":69}},"3":{"start":{"line":29,"column":0},"end":{"line":34,"column":3}},"4":{"start":{"line":30,"column":2},"end":{"line":32,"column":3}},"5":{"start":{"line":31,"column":4},"end":{"line":31,"column":27}},"6":{"start":{"line":33,"column":2},"end":{"line":33,"column":9}},"7":{"start":{"line":36,"column":14},"end":{"line":36,"column":65}},"8":{"start":{"line":38,"column":0},"end":{"line":38,"column":23}}},"fnMap":{"0":{"name":"(anonymous_0)","decl":{"start":{"line":17,"column":19},"end":{"line":17,"column":20}},"loc":{"start":{"line":17,"column":36},"end":{"line":19,"column":9}},"line":17},"1":{"name":"(anonymous_1)","decl":{"start":{"line":29,"column":24},"end":{"line":29,"column":25}},"loc":{"start":{"line":29,"column":40},"end":{"line":34,"column":1}},"line":29}},"branchMap":{"0":{"loc":{"start":{"line":18,"column":17},"end":{"line":18,"column":68}},"type":"binary-expr","locations":[{"start":{"line":18,"column":17},"end":{"line":18,"column":46}},{"start":{"line":18,"column":50},"end":{"line":18,"column":68}}],"line":18},"1":{"loc":{"start":{"line":30,"column":2},"end":{"line":32,"column":3}},"type":"if","locations":[{"start":{"line":30,"column":2},"end":{"line":32,"column":3}},{"start":{},"end":{}}],"line":30}},"s":{"0":5,"1":5,"2":0,"3":5,"4":0,"5":0,"6":0,"7":5,"8":5},"f":{"0":0,"1":0},"b":{"0":[0,0],"1":[0,0]},"_coverageSchema":"1a1c01bbd47fc00a2c39e90264f33305004495a9","hash":"8c9c78f6829df0acf7e283cc8ddd4d7d57afd86b"}
,"/root/API-Maranguape/src/models/usuariosSchema.js": {"path":"/root/API-Maranguape/src/models/usuariosSchema.js","statementMap":{"0":{"start":{"line":1,"column":17},"end":{"line":1,"column":36}},"1":{"start":{"line":2,"column":15},"end":{"line":2,"column":34}},"2":{"start":{"line":4,"column":19},"end":{"line":9,"column":2}},"3":{"start":{"line":12,"column":0},"end":{"line":14,"column":2}},"4":{"start":{"line":13,"column":2},"end":{"line":13,"column":64}},"5":{"start":{"line":16,"column":13},"end":{"line":16,"column":62}},"6":{"start":{"line":18,"column":0},"end":{"line":18,"column":22}}},"fnMap":{"0":{"name":"(anonymous_0)","decl":{"start":{"line":12,"column":37},"end":{"line":12,"column":38}},"loc":{"start":{"line":12,"column":68},"end":{"line":14,"column":1}},"line":12}},"branchMap":{},"s":{"0":2,"1":2,"2":2,"3":2,"4":0,"5":2,"6":2},"f":{"0":0},"b":{},"_coverageSchema":"1a1c01bbd47fc00a2c39e90264f33305004495a9","hash":"15bfaec49b62d297077543324a39c828ebb012e9"}
,"/root/API-Maranguape/src/repositories/FuncionariosRepository.js": {"path":"/root/API-Maranguape/src/repositories/FuncionariosRepository.js","statementMap":{},"fnMap":{},"branchMap":{},"s":{},"f":{},"b":{}}
,"/root/API-Maranguape/src/repositories/SetorRepository.js": {"path":"/root/API-Maranguape/src/repositories/SetorRepository.js","statementMap":{"0":{"start":{"line":1,"column":17},"end":{"line":1,"column":36}},"1":{"start":{"line":2,"column":14},"end":{"line":2,"column":48}},"2":{"start":{"line":6,"column":4},"end":{"line":6,"column":40}},"3":{"start":{"line":10,"column":4},"end":{"line":10,"column":46}},"4":{"start":{"line":14,"column":4},"end":{"line":14,"column":49}},"5":{"start":{"line":18,"column":4},"end":{"line":18,"column":70}},"6":{"start":{"line":22,"column":21},"end":{"line":24,"column":10}},"7":{"start":{"line":26,"column":31},"end":{"line":39,"column":6}},"8":{"start":{"line":41,"column":27},"end":{"line":44,"column":6}},"9":{"start":{"line":41,"column":61},"end":{"line":44,"column":5}},"10":{"start":{"line":43,"column":34},"end":{"line":43,"column":39}},"11":{"start":{"line":45,"column":4},"end":{"line":45,"column":53}},"12":{"start":{"line":47,"column":4},"end":{"line":47,"column":68}},"13":{"start":{"line":51,"column":0},"end":{"line":51,"column":33}}},"fnMap":{"0":{"name":"(anonymous_0)","decl":{"start":{"line":5,"column":2},"end":{"line":5,"column":3}},"loc":{"start":{"line":5,"column":28},"end":{"line":7,"column":3}},"line":5},"1":{"name":"(anonymous_1)","decl":{"start":{"line":9,"column":2},"end":{"line":9,"column":3}},"loc":{"start":{"line":9,"column":33},"end":{"line":11,"column":3}},"line":9},"2":{"name":"(anonymous_2)","decl":{"start":{"line":13,"column":2},"end":{"line":13,"column":3}},"loc":{"start":{"line":13,"column":38},"end":{"line":15,"column":3}},"line":13},"3":{"name":"(anonymous_3)","decl":{"start":{"line":17,"column":2},"end":{"line":17,"column":3}},"loc":{"start":{"line":17,"column":36},"end":{"line":19,"column":3}},"line":17},"4":{"name":"(anonymous_4)","decl":{"start":{"line":21,"column":2},"end":{"line":21,"column":3}},"loc":{"start":{"line":21,"column":38},"end":{"line":48,"column":3}},"line":21},"5":{"name":"(anonymous_5)","decl":{"start":{"line":41,"column":54},"end":{"line":41,"column":55}},"loc":{"start":{"line":41,"column":61},"end":{"line":44,"column":5}},"line":41},"6":{"name":"(anonymous_6)","decl":{"start":{"line":43,"column":27},"end":{"line":43,"column":28}},"loc":{"start":{"line":43,"column":34},"end":{"line":43,"column":39}},"line":43}},"branchMap":{"0":{"loc":{"start":{"line":22,"column":21},"end":{"line":24,"column":10}},"type":"cond-expr","locations":[{"start":{"line":23,"column":8},"end":{"line":23,"column":39}},{"start":{"line":24,"column":8},"end":{"line":24,"column":10}}],"line":22}},"s":{"0":3,"1":3,"2":0,"3":0,"4":0,"5":0,"6":0,"7":0,"8":0,"9":0,"10":0,"11":0,"12":0,"13":3},"f":{"0":0,"1":0,"2":0,"3":0,"4":0,"5":0,"6":0},"b":{"0":[0,0]},"_coverageSchema":"1a1c01bbd47fc00a2c39e90264f33305004495a9","hash":"2034bc254a55502c2698c8af924c8bc4f8cb337a"}
,"/root/API-Maranguape/src/routes/funcionariosRoutes.js": {"path":"/root/API-Maranguape/src/routes/funcionariosRoutes.js","statementMap":{"0":{"start":{"line":1,"column":16},"end":{"line":1,"column":34}},"1":{"start":{"line":2,"column":13},"end":{"line":2,"column":28}},"2":{"start":{"line":3,"column":15},"end":{"line":3,"column":31}},"3":{"start":{"line":4,"column":17},"end":{"line":4,"column":36}},"4":{"start":{"line":5,"column":14},"end":{"line":5,"column":30}},"5":{"start":{"line":6,"column":20},"end":{"line":6,"column":59}},"6":{"start":{"line":7,"column":14},"end":{"line":7,"column":48}},"7":{"start":{"line":8,"column":20},"end":{"line":8,"column":37}},"8":{"start":{"line":9,"column":17},"end":{"line":9,"column":41}},"9":{"start":{"line":10,"column":47},"end":{"line":10,"column":76}},"10":{"start":{"line":11,"column":25},"end":{"line":11,"column":65}},"11":{"start":{"line":12,"column":28},"end":{"line":12,"column":73}},"12":{"start":{"line":13,"column":15},"end":{"line":13,"column":48}},"13":{"start":{"line":14,"column":20},"end":{"line":14,"column":52}},"14":{"start":{"line":16,"column":28},"end":{"line":29,"column":1}},"15":{"start":{"line":17,"column":2},"end":{"line":28,"column":3}},"16":{"start":{"line":18,"column":20},"end":{"line":21,"column":6}},"17":{"start":{"line":23,"column":16},"end":{"line":23,"column":74}},"18":{"start":{"line":24,"column":4},"end":{"line":24,"column":15}},"19":{"start":{"line":26,"column":4},"end":{"line":26,"column":60}},"20":{"start":{"line":27,"column":4},"end":{"line":27,"column":16}},"21":{"start":{"line":31,"column":0},"end":{"line":77,"column":3}},"22":{"start":{"line":32,"column":2},"end":{"line":76,"column":3}},"23":{"start":{"line":33,"column":21},"end":{"line":33,"column":41}},"24":{"start":{"line":36,"column":22},"end":{"line":36,"column":53}},"25":{"start":{"line":37,"column":4},"end":{"line":40,"column":5}},"26":{"start":{"line":38,"column":6},"end":{"line":38,"column":31}},"27":{"start":{"line":39,"column":6},"end":{"line":39,"column":45}},"28":{"start":{"line":42,"column":4},"end":{"line":42,"column":30}},"29":{"start":{"line":45,"column":25},"end":{"line":45,"column":49}},"30":{"start":{"line":48,"column":32},"end":{"line":63,"column":5}},"31":{"start":{"line":50,"column":24},"end":{"line":52,"column":16}},"32":{"start":{"line":53,"column":27},"end":{"line":55,"column":16}},"33":{"start":{"line":57,"column":8},"end":{"line":61,"column":10}},"34":{"start":{"line":66,"column":4},"end":{"line":70,"column":6}},"35":{"start":{"line":72,"column":4},"end":{"line":72,"column":34}},"36":{"start":{"line":74,"column":4},"end":{"line":74,"column":23}},"37":{"start":{"line":75,"column":4},"end":{"line":75,"column":56}},"38":{"start":{"line":80,"column":0},"end":{"line":252,"column":3}},"39":{"start":{"line":81,"column":2},"end":{"line":251,"column":3}},"40":{"start":{"line":82,"column":24},"end":{"line":82,"column":34}},"41":{"start":{"line":84,"column":4},"end":{"line":86,"column":5}},"42":{"start":{"line":85,"column":6},"end":{"line":85,"column":63}},"43":{"start":{"line":89,"column":4},"end":{"line":91,"column":5}},"44":{"start":{"line":90,"column":6},"end":{"line":90,"column":64}},"45":{"start":{"line":92,"column":4},"end":{"line":94,"column":5}},"46":{"start":{"line":93,"column":6},"end":{"line":93,"column":62}},"47":{"start":{"line":96,"column":4},"end":{"line":100,"column":5}},"48":{"start":{"line":97,"column":6},"end":{"line":99,"column":8}},"49":{"start":{"line":98,"column":18},"end":{"line":98,"column":40}},"50":{"start":{"line":102,"column":4},"end":{"line":102,"column":55}},"51":{"start":{"line":102,"column":34},"end":{"line":102,"column":55}},"52":{"start":{"line":103,"column":4},"end":{"line":103,"column":61}},"53":{"start":{"line":103,"column":37},"end":{"line":103,"column":61}},"54":{"start":{"line":105,"column":22},"end":{"line":105,"column":60}},"55":{"start":{"line":106,"column":4},"end":{"line":111,"column":5}},"56":{"start":{"line":107,"column":6},"end":{"line":107,"column":36}},"57":{"start":{"line":108,"column":6},"end":{"line":108,"column":27}},"58":{"start":{"line":109,"column":6},"end":{"line":109,"column":46}},"59":{"start":{"line":110,"column":6},"end":{"line":110,"column":71}},"60":{"start":{"line":127,"column":8},"end":{"line":127,"column":16}},"61":{"start":{"line":130,"column":35},"end":{"line":130,"column":70}},"62":{"start":{"line":131,"column":4},"end":{"line":136,"column":5}},"63":{"start":{"line":135,"column":6},"end":{"line":135,"column":71}},"64":{"start":{"line":139,"column":21},"end":{"line":139,"column":25}},"65":{"start":{"line":140,"column":18},"end":{"line":140,"column":22}},"66":{"start":{"line":141,"column":4},"end":{"line":174,"column":5}},"67":{"start":{"line":142,"column":19},"end":{"line":142,"column":36}},"68":{"start":{"line":143,"column":23},"end":{"line":143,"column":69}},"69":{"start":{"line":144,"column":23},"end":{"line":150,"column":7}},"70":{"start":{"line":152,"column":22},"end":{"line":152,"column":52}},"71":{"start":{"line":153,"column":32},"end":{"line":155,"column":8}},"72":{"start":{"line":158,"column":6},"end":{"line":160,"column":9}},"73":{"start":{"line":162,"column":6},"end":{"line":162,"column":32}},"74":{"start":{"line":164,"column":31},"end":{"line":167,"column":8}},"75":{"start":{"line":169,"column":18},"end":{"line":171,"column":8}},"76":{"start":{"line":173,"column":6},"end":{"line":173,"column":20}},"77":{"start":{"line":177,"column":24},"end":{"line":177,"column":28}},"78":{"start":{"line":178,"column":21},"end":{"line":178,"column":25}},"79":{"start":{"line":179,"column":4},"end":{"line":211,"column":5}},"80":{"start":{"line":180,"column":22},"end":{"line":180,"column":42}},"81":{"start":{"line":181,"column":23},"end":{"line":181,"column":42}},"82":{"start":{"line":182,"column":23},"end":{"line":188,"column":7}},"83":{"start":{"line":190,"column":22},"end":{"line":190,"column":52}},"84":{"start":{"line":191,"column":35},"end":{"line":193,"column":8}},"85":{"start":{"line":195,"column":6},"end":{"line":197,"column":9}},"86":{"start":{"line":199,"column":6},"end":{"line":199,"column":35}},"87":{"start":{"line":201,"column":31},"end":{"line":204,"column":8}},"88":{"start":{"line":206,"column":18},"end":{"line":208,"column":8}},"89":{"start":{"line":210,"column":6},"end":{"line":210,"column":23}},"90":{"start":{"line":214,"column":28},"end":{"line":230,"column":6}},"91":{"start":{"line":232,"column":29},"end":{"line":232,"column":57}},"92":{"start":{"line":235,"column":4},"end":{"line":237,"column":7}},"93":{"start":{"line":239,"column":21},"end":{"line":239,"column":45}},"94":{"start":{"line":240,"column":4},"end":{"line":240,"column":36}},"95":{"start":{"line":241,"column":4},"end":{"line":241,"column":48}},"96":{"start":{"line":243,"column":4},"end":{"line":247,"column":7}},"97":{"start":{"line":249,"column":4},"end":{"line":249,"column":25}},"98":{"start":{"line":250,"column":4},"end":{"line":250,"column":65}},"99":{"start":{"line":255,"column":0},"end":{"line":434,"column":3}},"100":{"start":{"line":256,"column":2},"end":{"line":433,"column":3}},"101":{"start":{"line":257,"column":28},"end":{"line":257,"column":38}},"102":{"start":{"line":260,"column":33},"end":{"line":260,"column":63}},"103":{"start":{"line":261,"column":4},"end":{"line":263,"column":5}},"104":{"start":{"line":262,"column":6},"end":{"line":262,"column":75}},"105":{"start":{"line":265,"column":21},"end":{"line":265,"column":28}},"106":{"start":{"line":268,"column":4},"end":{"line":286,"column":5}},"107":{"start":{"line":269,"column":6},"end":{"line":273,"column":7}},"108":{"start":{"line":270,"column":8},"end":{"line":272,"column":11}},"109":{"start":{"line":276,"column":28},"end":{"line":278,"column":7}},"110":{"start":{"line":279,"column":6},"end":{"line":283,"column":7}},"111":{"start":{"line":280,"column":8},"end":{"line":282,"column":75}},"112":{"start":{"line":285,"column":6},"end":{"line":285,"column":40}},"113":{"start":{"line":289,"column":4},"end":{"line":293,"column":5}},"114":{"start":{"line":290,"column":6},"end":{"line":292,"column":8}},"115":{"start":{"line":291,"column":18},"end":{"line":291,"column":40}},"116":{"start":{"line":294,"column":4},"end":{"line":296,"column":5}},"117":{"start":{"line":295,"column":6},"end":{"line":295,"column":62}},"118":{"start":{"line":298,"column":4},"end":{"line":298,"column":55}},"119":{"start":{"line":298,"column":34},"end":{"line":298,"column":55}},"120":{"start":{"line":299,"column":4},"end":{"line":299,"column":61}},"121":{"start":{"line":299,"column":37},"end":{"line":299,"column":61}},"122":{"start":{"line":302,"column":22},"end":{"line":302,"column":60}},"123":{"start":{"line":303,"column":4},"end":{"line":306,"column":5}},"124":{"start":{"line":304,"column":6},"end":{"line":304,"column":34}},"125":{"start":{"line":305,"column":6},"end":{"line":305,"column":71}},"126":{"start":{"line":322,"column":8},"end":{"line":322,"column":16}},"127":{"start":{"line":325,"column":21},"end":{"line":325,"column":46}},"128":{"start":{"line":326,"column":18},"end":{"line":326,"column":22}},"129":{"start":{"line":327,"column":4},"end":{"line":359,"column":5}},"130":{"start":{"line":328,"column":19},"end":{"line":328,"column":36}},"131":{"start":{"line":329,"column":23},"end":{"line":329,"column":69}},"132":{"start":{"line":330,"column":23},"end":{"line":336,"column":7}},"133":{"start":{"line":338,"column":22},"end":{"line":338,"column":52}},"134":{"start":{"line":339,"column":28},"end":{"line":341,"column":8}},"135":{"start":{"line":343,"column":6},"end":{"line":345,"column":9}},"136":{"start":{"line":347,"column":6},"end":{"line":347,"column":32}},"137":{"start":{"line":349,"column":31},"end":{"line":352,"column":8}},"138":{"start":{"line":354,"column":18},"end":{"line":356,"column":8}},"139":{"start":{"line":358,"column":6},"end":{"line":358,"column":20}},"140":{"start":{"line":362,"column":21},"end":{"line":362,"column":25}},"141":{"start":{"line":363,"column":24},"end":{"line":363,"column":52}},"142":{"start":{"line":364,"column":4},"end":{"line":396,"column":5}},"143":{"start":{"line":365,"column":22},"end":{"line":365,"column":42}},"144":{"start":{"line":366,"column":23},"end":{"line":366,"column":42}},"145":{"start":{"line":367,"column":23},"end":{"line":373,"column":7}},"146":{"start":{"line":375,"column":22},"end":{"line":375,"column":52}},"147":{"start":{"line":376,"column":28},"end":{"line":378,"column":8}},"148":{"start":{"line":380,"column":6},"end":{"line":382,"column":9}},"149":{"start":{"line":384,"column":6},"end":{"line":384,"column":35}},"150":{"start":{"line":386,"column":31},"end":{"line":389,"column":8}},"151":{"start":{"line":391,"column":18},"end":{"line":393,"column":8}},"152":{"start":{"line":395,"column":6},"end":{"line":395,"column":23}},"153":{"start":{"line":399,"column":34},"end":{"line":419,"column":5}},"154":{"start":{"line":421,"column":21},"end":{"line":421,"column":48}},"155":{"start":{"line":422,"column":4},"end":{"line":422,"column":36}},"156":{"start":{"line":423,"column":4},"end":{"line":423,"column":48}},"157":{"start":{"line":425,"column":4},"end":{"line":429,"column":7}},"158":{"start":{"line":431,"column":4},"end":{"line":431,"column":25}},"159":{"start":{"line":432,"column":4},"end":{"line":432,"column":69}},"160":{"start":{"line":437,"column":0},"end":{"line":490,"column":3}},"161":{"start":{"line":438,"column":22},"end":{"line":438,"column":30}},"162":{"start":{"line":440,"column":28},"end":{"line":442,"column":3}},"163":{"start":{"line":441,"column":4},"end":{"line":441,"column":51}},"164":{"start":{"line":444,"column":26},"end":{"line":444,"column":35}},"165":{"start":{"line":446,"column":2},"end":{"line":489,"column":3}},"166":{"start":{"line":448,"column":21},"end":{"line":450,"column":6}},"167":{"start":{"line":453,"column":4},"end":{"line":468,"column":5}},"168":{"start":{"line":454,"column":30},"end":{"line":454,"column":51}},"169":{"start":{"line":457,"column":6},"end":{"line":460,"column":8}},"170":{"start":{"line":463,"column":20},"end":{"line":463,"column":65}},"171":{"start":{"line":465,"column":6},"end":{"line":467,"column":7}},"172":{"start":{"line":466,"column":8},"end":{"line":466,"column":42}},"173":{"start":{"line":471,"column":4},"end":{"line":474,"column":5}},"174":{"start":{"line":472,"column":23},"end":{"line":472,"column":47}},"175":{"start":{"line":473,"column":6},"end":{"line":473,"column":38}},"176":{"start":{"line":477,"column":4},"end":{"line":477,"column":70}},"177":{"start":{"line":480,"column":4},"end":{"line":480,"column":48}},"178":{"start":{"line":482,"column":4},"end":{"line":485,"column":7}},"179":{"start":{"line":487,"column":4},"end":{"line":487,"column":25}},"180":{"start":{"line":488,"column":4},"end":{"line":488,"column":64}},"181":{"start":{"line":492,"column":0},"end":{"line":571,"column":3}},"182":{"start":{"line":493,"column":43},"end":{"line":493,"column":51}},"183":{"start":{"line":495,"column":2},"end":{"line":499,"column":3}},"184":{"start":{"line":496,"column":4},"end":{"line":498,"column":65}},"185":{"start":{"line":501,"column":2},"end":{"line":570,"column":3}},"186":{"start":{"line":503,"column":30},"end":{"line":505,"column":5}},"187":{"start":{"line":504,"column":6},"end":{"line":504,"column":53}},"188":{"start":{"line":507,"column":6},"end":{"line":507,"column":66}},"189":{"start":{"line":509,"column":28},"end":{"line":509,"column":37}},"190":{"start":{"line":512,"column":4},"end":{"line":529,"column":5}},"191":{"start":{"line":513,"column":22},"end":{"line":513,"column":59}},"192":{"start":{"line":514,"column":6},"end":{"line":514,"column":29}},"193":{"start":{"line":514,"column":20},"end":{"line":514,"column":29}},"194":{"start":{"line":517,"column":34},"end":{"line":517,"column":77}},"195":{"start":{"line":520,"column":6},"end":{"line":522,"column":7}},"196":{"start":{"line":521,"column":8},"end":{"line":521,"column":56}},"197":{"start":{"line":525,"column":6},"end":{"line":528,"column":8}},"198":{"start":{"line":532,"column":19},"end":{"line":535,"column":5}},"199":{"start":{"line":537,"column":4},"end":{"line":566,"column":5}},"200":{"start":{"line":539,"column":6},"end":{"line":542,"column":8}},"201":{"start":{"line":545,"column":33},"end":{"line":545,"column":76}},"202":{"start":{"line":546,"column":6},"end":{"line":548,"column":7}},"203":{"start":{"line":547,"column":8},"end":{"line":547,"column":55}},"204":{"start":{"line":551,"column":6},"end":{"line":554,"column":7}},"205":{"start":{"line":552,"column":25},"end":{"line":552,"column":49}},"206":{"start":{"line":553,"column":8},"end":{"line":553,"column":40}},"207":{"start":{"line":557,"column":6},"end":{"line":557,"column":50}},"208":{"start":{"line":560,"column":34},"end":{"line":562,"column":8}},"209":{"start":{"line":563,"column":6},"end":{"line":563,"column":55}},"210":{"start":{"line":565,"column":6},"end":{"line":565,"column":78}},"211":{"start":{"line":568,"column":4},"end":{"line":568,"column":66}},"212":{"start":{"line":569,"column":4},"end":{"line":569,"column":53}},"213":{"start":{"line":574,"column":0},"end":{"line":599,"column":3}},"214":{"start":{"line":575,"column":21},"end":{"line":575,"column":31}},"215":{"start":{"line":576,"column":25},"end":{"line":576,"column":35}},"216":{"start":{"line":577,"column":26},"end":{"line":577,"column":34}},"217":{"start":{"line":579,"column":2},"end":{"line":598,"column":3}},"218":{"start":{"line":580,"column":17},"end":{"line":580,"column":51}},"219":{"start":{"line":582,"column":4},"end":{"line":584,"column":5}},"220":{"start":{"line":583,"column":6},"end":{"line":583,"column":72}},"221":{"start":{"line":586,"column":4},"end":{"line":586,"column":35}},"222":{"start":{"line":587,"column":4},"end":{"line":587,"column":22}},"223":{"start":{"line":589,"column":21},"end":{"line":589,"column":48}},"224":{"start":{"line":590,"column":4},"end":{"line":590,"column":36}},"225":{"start":{"line":591,"column":4},"end":{"line":591,"column":48}},"226":{"start":{"line":592,"column":4},"end":{"line":595,"column":7}},"227":{"start":{"line":597,"column":4},"end":{"line":597,"column":70}},"228":{"start":{"line":601,"column":0},"end":{"line":751,"column":3}},"229":{"start":{"line":602,"column":18},"end":{"line":602,"column":26}},"230":{"start":{"line":604,"column":2},"end":{"line":604,"column":45}},"231":{"start":{"line":606,"column":2},"end":{"line":608,"column":3}},"232":{"start":{"line":607,"column":4},"end":{"line":607,"column":77}},"233":{"start":{"line":610,"column":2},"end":{"line":750,"column":3}},"234":{"start":{"line":611,"column":16},"end":{"line":614,"column":6}},"235":{"start":{"line":615,"column":4},"end":{"line":615,"column":53}},"236":{"start":{"line":616,"column":4},"end":{"line":616,"column":79}},"237":{"start":{"line":618,"column":4},"end":{"line":618,"column":18}},"238":{"start":{"line":620,"column":21},"end":{"line":620,"column":68}},"239":{"start":{"line":621,"column":22},"end":{"line":621,"column":25}},"240":{"start":{"line":623,"column":6},"end":{"line":623,"column":69}},"241":{"start":{"line":624,"column":18},"end":{"line":624,"column":69}},"242":{"start":{"line":625,"column":4},"end":{"line":625,"column":63}},"243":{"start":{"line":627,"column":37},"end":{"line":629,"column":6}},"244":{"start":{"line":630,"column":30},"end":{"line":630,"column":64}},"245":{"start":{"line":633,"column":4},"end":{"line":633,"column":65}},"246":{"start":{"line":635,"column":4},"end":{"line":744,"column":5}},"247":{"start":{"line":637,"column":16},"end":{"line":637,"column":43}},"248":{"start":{"line":639,"column":6},"end":{"line":639,"column":72}},"249":{"start":{"line":640,"column":6},"end":{"line":652,"column":41}},"250":{"start":{"line":655,"column":6},"end":{"line":655,"column":77}},"251":{"start":{"line":658,"column":32},"end":{"line":661,"column":7}},"252":{"start":{"line":659,"column":20},"end":{"line":659,"column":40}},"253":{"start":{"line":662,"column":34},"end":{"line":665,"column":7}},"254":{"start":{"line":663,"column":20},"end":{"line":663,"column":42}},"255":{"start":{"line":667,"column":8},"end":{"line":667,"column":59}},"256":{"start":{"line":669,"column":8},"end":{"line":669,"column":61}},"257":{"start":{"line":672,"column":31},"end":{"line":672,"column":33}},"258":{"start":{"line":673,"column":6},"end":{"line":676,"column":9}},"259":{"start":{"line":674,"column":8},"end":{"line":675,"column":52}},"260":{"start":{"line":679,"column":33},"end":{"line":681,"column":8}},"261":{"start":{"line":684,"column":27},"end":{"line":684,"column":29}},"262":{"start":{"line":685,"column":6},"end":{"line":687,"column":9}},"263":{"start":{"line":686,"column":8},"end":{"line":686,"column":67}},"264":{"start":{"line":690,"column":6},"end":{"line":694,"column":20}},"265":{"start":{"line":695,"column":6},"end":{"line":712,"column":7}},"266":{"start":{"line":697,"column":10},"end":{"line":697,"column":67}},"267":{"start":{"line":697,"column":41},"end":{"line":697,"column":54}},"268":{"start":{"line":698,"column":31},"end":{"line":701,"column":20}},"269":{"start":{"line":702,"column":34},"end":{"line":705,"column":20}},"270":{"start":{"line":706,"column":8},"end":{"line":711,"column":12}},"271":{"start":{"line":713,"column":6},"end":{"line":713,"column":21}},"272":{"start":{"line":716,"column":6},"end":{"line":720,"column":20}},"273":{"start":{"line":721,"column":6},"end":{"line":725,"column":77}},"274":{"start":{"line":726,"column":6},"end":{"line":726,"column":21}},"275":{"start":{"line":729,"column":6},"end":{"line":733,"column":20}},"276":{"start":{"line":734,"column":6},"end":{"line":743,"column":7}},"277":{"start":{"line":735,"column":30},"end":{"line":738,"column":20}},"278":{"start":{"line":739,"column":8},"end":{"line":742,"column":57}},"279":{"start":{"line":746,"column":4},"end":{"line":746,"column":14}},"280":{"start":{"line":748,"column":4},"end":{"line":748,"column":51}},"281":{"start":{"line":749,"column":4},"end":{"line":749,"column":54}},"282":{"start":{"line":753,"column":0},"end":{"line":753,"column":24}}},"fnMap":{"0":{"name":"(anonymous_0)","decl":{"start":{"line":16,"column":28},"end":{"line":16,"column":29}},"loc":{"start":{"line":16,"column":43},"end":{"line":29,"column":1}},"line":16},"1":{"name":"(anonymous_1)","decl":{"start":{"line":31,"column":34},"end":{"line":31,"column":35}},"loc":{"start":{"line":31,"column":54},"end":{"line":77,"column":1}},"line":31},"2":{"name":"(anonymous_2)","decl":{"start":{"line":49,"column":23},"end":{"line":49,"column":24}},"loc":{"start":{"line":49,"column":46},"end":{"line":62,"column":7}},"line":49},"3":{"name":"(anonymous_3)","decl":{"start":{"line":80,"column":33},"end":{"line":80,"column":34}},"loc":{"start":{"line":80,"column":53},"end":{"line":252,"column":1}},"line":80},"4":{"name":"(anonymous_4)","decl":{"start":{"line":98,"column":8},"end":{"line":98,"column":9}},"loc":{"start":{"line":98,"column":18},"end":{"line":98,"column":40}},"line":98},"5":{"name":"(anonymous_5)","decl":{"start":{"line":255,"column":54},"end":{"line":255,"column":55}},"loc":{"start":{"line":255,"column":74},"end":{"line":434,"column":1}},"line":255},"6":{"name":"(anonymous_6)","decl":{"start":{"line":291,"column":8},"end":{"line":291,"column":9}},"loc":{"start":{"line":291,"column":18},"end":{"line":291,"column":40}},"line":291},"7":{"name":"(anonymous_7)","decl":{"start":{"line":437,"column":31},"end":{"line":437,"column":32}},"loc":{"start":{"line":437,"column":51},"end":{"line":490,"column":1}},"line":437},"8":{"name":"(anonymous_8)","decl":{"start":{"line":440,"column":40},"end":{"line":440,"column":41}},"loc":{"start":{"line":441,"column":4},"end":{"line":441,"column":51}},"line":441},"9":{"name":"(anonymous_9)","decl":{"start":{"line":492,"column":44},"end":{"line":492,"column":45}},"loc":{"start":{"line":492,"column":64},"end":{"line":571,"column":1}},"line":492},"10":{"name":"(anonymous_10)","decl":{"start":{"line":503,"column":46},"end":{"line":503,"column":47}},"loc":{"start":{"line":504,"column":6},"end":{"line":504,"column":53}},"line":504},"11":{"name":"(anonymous_11)","decl":{"start":{"line":574,"column":47},"end":{"line":574,"column":48}},"loc":{"start":{"line":574,"column":67},"end":{"line":599,"column":1}},"line":574},"12":{"name":"(anonymous_12)","decl":{"start":{"line":601,"column":45},"end":{"line":601,"column":46}},"loc":{"start":{"line":601,"column":65},"end":{"line":751,"column":1}},"line":601},"13":{"name":"(anonymous_13)","decl":{"start":{"line":659,"column":8},"end":{"line":659,"column":9}},"loc":{"start":{"line":659,"column":20},"end":{"line":659,"column":40}},"line":659},"14":{"name":"(anonymous_14)","decl":{"start":{"line":663,"column":8},"end":{"line":663,"column":9}},"loc":{"start":{"line":663,"column":20},"end":{"line":663,"column":42}},"line":663},"15":{"name":"(anonymous_15)","decl":{"start":{"line":673,"column":39},"end":{"line":673,"column":40}},"loc":{"start":{"line":673,"column":46},"end":{"line":676,"column":7}},"line":673},"16":{"name":"(anonymous_16)","decl":{"start":{"line":685,"column":39},"end":{"line":685,"column":40}},"loc":{"start":{"line":685,"column":46},"end":{"line":687,"column":7}},"line":685},"17":{"name":"(anonymous_17)","decl":{"start":{"line":697,"column":34},"end":{"line":697,"column":35}},"loc":{"start":{"line":697,"column":41},"end":{"line":697,"column":54}},"line":697}},"branchMap":{"0":{"loc":{"start":{"line":37,"column":4},"end":{"line":40,"column":5}},"type":"if","locations":[{"start":{"line":37,"column":4},"end":{"line":40,"column":5}},{"start":{},"end":{}}],"line":37},"1":{"loc":{"start":{"line":50,"column":24},"end":{"line":52,"column":16}},"type":"cond-expr","locations":[{"start":{"line":51,"column":12},"end":{"line":51,"column":55}},{"start":{"line":52,"column":12},"end":{"line":52,"column":16}}],"line":50},"2":{"loc":{"start":{"line":53,"column":27},"end":{"line":55,"column":16}},"type":"cond-expr","locations":[{"start":{"line":54,"column":12},"end":{"line":54,"column":58}},{"start":{"line":55,"column":12},"end":{"line":55,"column":16}}],"line":53},"3":{"loc":{"start":{"line":84,"column":4},"end":{"line":86,"column":5}},"type":"if","locations":[{"start":{"line":84,"column":4},"end":{"line":86,"column":5}},{"start":{},"end":{}}],"line":84},"4":{"loc":{"start":{"line":89,"column":4},"end":{"line":91,"column":5}},"type":"if","locations":[{"start":{"line":89,"column":4},"end":{"line":91,"column":5}},{"start":{},"end":{}}],"line":89},"5":{"loc":{"start":{"line":92,"column":4},"end":{"line":94,"column":5}},"type":"if","locations":[{"start":{"line":92,"column":4},"end":{"line":94,"column":5}},{"start":{},"end":{}}],"line":92},"6":{"loc":{"start":{"line":96,"column":4},"end":{"line":100,"column":5}},"type":"if","locations":[{"start":{"line":96,"column":4},"end":{"line":100,"column":5}},{"start":{},"end":{}}],"line":96},"7":{"loc":{"start":{"line":98,"column":18},"end":{"line":98,"column":40}},"type":"binary-expr","locations":[{"start":{"line":98,"column":18},"end":{"line":98,"column":27}},{"start":{"line":98,"column":31},"end":{"line":98,"column":40}}],"line":98},"8":{"loc":{"start":{"line":102,"column":4},"end":{"line":102,"column":55}},"type":"if","locations":[{"start":{"line":102,"column":4},"end":{"line":102,"column":55}},{"start":{},"end":{}}],"line":102},"9":{"loc":{"start":{"line":103,"column":4},"end":{"line":103,"column":61}},"type":"if","locations":[{"start":{"line":103,"column":4},"end":{"line":103,"column":61}},{"start":{},"end":{}}],"line":103},"10":{"loc":{"start":{"line":106,"column":4},"end":{"line":111,"column":5}},"type":"if","locations":[{"start":{"line":106,"column":4},"end":{"line":111,"column":5}},{"start":{},"end":{}}],"line":106},"11":{"loc":{"start":{"line":131,"column":4},"end":{"line":136,"column":5}},"type":"if","locations":[{"start":{"line":131,"column":4},"end":{"line":136,"column":5}},{"start":{},"end":{}}],"line":131},"12":{"loc":{"start":{"line":132,"column":6},"end":{"line":133,"column":53}},"type":"binary-expr","locations":[{"start":{"line":132,"column":6},"end":{"line":132,"column":29}},{"start":{"line":133,"column":6},"end":{"line":133,"column":53}}],"line":132},"13":{"loc":{"start":{"line":141,"column":4},"end":{"line":174,"column":5}},"type":"if","locations":[{"start":{"line":141,"column":4},"end":{"line":174,"column":5}},{"start":{},"end":{}}],"line":141},"14":{"loc":{"start":{"line":141,"column":8},"end":{"line":141,"column":35}},"type":"binary-expr","locations":[{"start":{"line":141,"column":8},"end":{"line":141,"column":17}},{"start":{"line":141,"column":21},"end":{"line":141,"column":35}}],"line":141},"15":{"loc":{"start":{"line":179,"column":4},"end":{"line":211,"column":5}},"type":"if","locations":[{"start":{"line":179,"column":4},"end":{"line":211,"column":5}},{"start":{},"end":{}}],"line":179},"16":{"loc":{"start":{"line":179,"column":8},"end":{"line":179,"column":38}},"type":"binary-expr","locations":[{"start":{"line":179,"column":8},"end":{"line":179,"column":17}},{"start":{"line":179,"column":21},"end":{"line":179,"column":38}}],"line":179},"17":{"loc":{"start":{"line":245,"column":15},"end":{"line":245,"column":53}},"type":"cond-expr","locations":[{"start":{"line":245,"column":39},"end":{"line":245,"column":46}},{"start":{"line":245,"column":49},"end":{"line":245,"column":53}}],"line":245},"18":{"loc":{"start":{"line":246,"column":18},"end":{"line":246,"column":62}},"type":"cond-expr","locations":[{"start":{"line":246,"column":45},"end":{"line":246,"column":55}},{"start":{"line":246,"column":58},"end":{"line":246,"column":62}}],"line":246},"19":{"loc":{"start":{"line":261,"column":4},"end":{"line":263,"column":5}},"type":"if","locations":[{"start":{"line":261,"column":4},"end":{"line":263,"column":5}},{"start":{},"end":{}}],"line":261},"20":{"loc":{"start":{"line":268,"column":4},"end":{"line":286,"column":5}},"type":"if","locations":[{"start":{"line":268,"column":4},"end":{"line":286,"column":5}},{"start":{},"end":{}}],"line":268},"21":{"loc":{"start":{"line":269,"column":6},"end":{"line":273,"column":7}},"type":"if","locations":[{"start":{"line":269,"column":6},"end":{"line":273,"column":7}},{"start":{},"end":{}}],"line":269},"22":{"loc":{"start":{"line":279,"column":6},"end":{"line":283,"column":7}},"type":"if","locations":[{"start":{"line":279,"column":6},"end":{"line":283,"column":7}},{"start":{},"end":{}}],"line":279},"23":{"loc":{"start":{"line":279,"column":10},"end":{"line":279,"column":49}},"type":"binary-expr","locations":[{"start":{"line":279,"column":10},"end":{"line":279,"column":24}},{"start":{"line":279,"column":28},"end":{"line":279,"column":49}}],"line":279},"24":{"loc":{"start":{"line":289,"column":4},"end":{"line":293,"column":5}},"type":"if","locations":[{"start":{"line":289,"column":4},"end":{"line":293,"column":5}},{"start":{},"end":{}}],"line":289},"25":{"loc":{"start":{"line":291,"column":18},"end":{"line":291,"column":40}},"type":"binary-expr","locations":[{"start":{"line":291,"column":18},"end":{"line":291,"column":27}},{"start":{"line":291,"column":31},"end":{"line":291,"column":40}}],"line":291},"26":{"loc":{"start":{"line":294,"column":4},"end":{"line":296,"column":5}},"type":"if","locations":[{"start":{"line":294,"column":4},"end":{"line":296,"column":5}},{"start":{},"end":{}}],"line":294},"27":{"loc":{"start":{"line":298,"column":4},"end":{"line":298,"column":55}},"type":"if","locations":[{"start":{"line":298,"column":4},"end":{"line":298,"column":55}},{"start":{},"end":{}}],"line":298},"28":{"loc":{"start":{"line":299,"column":4},"end":{"line":299,"column":61}},"type":"if","locations":[{"start":{"line":299,"column":4},"end":{"line":299,"column":61}},{"start":{},"end":{}}],"line":299},"29":{"loc":{"start":{"line":303,"column":4},"end":{"line":306,"column":5}},"type":"if","locations":[{"start":{"line":303,"column":4},"end":{"line":306,"column":5}},{"start":{},"end":{}}],"line":303},"30":{"loc":{"start":{"line":327,"column":4},"end":{"line":359,"column":5}},"type":"if","locations":[{"start":{"line":327,"column":4},"end":{"line":359,"column":5}},{"start":{},"end":{}}],"line":327},"31":{"loc":{"start":{"line":327,"column":8},"end":{"line":327,"column":35}},"type":"binary-expr","locations":[{"start":{"line":327,"column":8},"end":{"line":327,"column":17}},{"start":{"line":327,"column":21},"end":{"line":327,"column":35}}],"line":327},"32":{"loc":{"start":{"line":364,"column":4},"end":{"line":396,"column":5}},"type":"if","locations":[{"start":{"line":364,"column":4},"end":{"line":396,"column":5}},{"start":{},"end":{}}],"line":364},"33":{"loc":{"start":{"line":364,"column":8},"end":{"line":364,"column":38}},"type":"binary-expr","locations":[{"start":{"line":364,"column":8},"end":{"line":364,"column":17}},{"start":{"line":364,"column":21},"end":{"line":364,"column":38}}],"line":364},"34":{"loc":{"start":{"line":427,"column":15},"end":{"line":427,"column":58}},"type":"cond-expr","locations":[{"start":{"line":427,"column":44},"end":{"line":427,"column":51}},{"start":{"line":427,"column":54},"end":{"line":427,"column":58}}],"line":427},"35":{"loc":{"start":{"line":428,"column":18},"end":{"line":428,"column":67}},"type":"cond-expr","locations":[{"start":{"line":428,"column":50},"end":{"line":428,"column":60}},{"start":{"line":428,"column":63},"end":{"line":428,"column":67}}],"line":428},"36":{"loc":{"start":{"line":465,"column":6},"end":{"line":467,"column":7}},"type":"if","locations":[{"start":{"line":465,"column":6},"end":{"line":467,"column":7}},{"start":{},"end":{}}],"line":465},"37":{"loc":{"start":{"line":495,"column":2},"end":{"line":499,"column":3}},"type":"if","locations":[{"start":{"line":495,"column":2},"end":{"line":499,"column":3}},{"start":{},"end":{}}],"line":495},"38":{"loc":{"start":{"line":495,"column":6},"end":{"line":495,"column":38}},"type":"binary-expr","locations":[{"start":{"line":495,"column":6},"end":{"line":495,"column":18}},{"start":{"line":495,"column":22},"end":{"line":495,"column":38}}],"line":495},"39":{"loc":{"start":{"line":514,"column":6},"end":{"line":514,"column":29}},"type":"if","locations":[{"start":{"line":514,"column":6},"end":{"line":514,"column":29}},{"start":{},"end":{}}],"line":514},"40":{"loc":{"start":{"line":520,"column":6},"end":{"line":522,"column":7}},"type":"if","locations":[{"start":{"line":520,"column":6},"end":{"line":522,"column":7}},{"start":{},"end":{}}],"line":520},"41":{"loc":{"start":{"line":537,"column":4},"end":{"line":566,"column":5}},"type":"if","locations":[{"start":{"line":537,"column":4},"end":{"line":566,"column":5}},{"start":{"line":564,"column":11},"end":{"line":566,"column":5}}],"line":537},"42":{"loc":{"start":{"line":546,"column":6},"end":{"line":548,"column":7}},"type":"if","locations":[{"start":{"line":546,"column":6},"end":{"line":548,"column":7}},{"start":{},"end":{}}],"line":546},"43":{"loc":{"start":{"line":582,"column":4},"end":{"line":584,"column":5}},"type":"if","locations":[{"start":{"line":582,"column":4},"end":{"line":584,"column":5}},{"start":{},"end":{}}],"line":582},"44":{"loc":{"start":{"line":606,"column":2},"end":{"line":608,"column":3}},"type":"if","locations":[{"start":{"line":606,"column":2},"end":{"line":608,"column":3}},{"start":{},"end":{}}],"line":606},"45":{"loc":{"start":{"line":606,"column":6},"end":{"line":606,"column":53}},"type":"binary-expr","locations":[{"start":{"line":606,"column":6},"end":{"line":606,"column":10}},{"start":{"line":606,"column":14},"end":{"line":606,"column":33}},{"start":{"line":606,"column":37},"end":{"line":606,"column":53}}],"line":606},"46":{"loc":{"start":{"line":635,"column":4},"end":{"line":744,"column":5}},"type":"if","locations":[{"start":{"line":635,"column":4},"end":{"line":744,"column":5}},{"start":{"line":653,"column":11},"end":{"line":744,"column":5}}],"line":635},"47":{"loc":{"start":{"line":675,"column":11},"end":{"line":675,"column":46}},"type":"binary-expr","locations":[{"start":{"line":675,"column":11},"end":{"line":675,"column":41}},{"start":{"line":675,"column":45},"end":{"line":675,"column":46}}],"line":675},"48":{"loc":{"start":{"line":686,"column":34},"end":{"line":686,"column":61}},"type":"binary-expr","locations":[{"start":{"line":686,"column":34},"end":{"line":686,"column":56}},{"start":{"line":686,"column":60},"end":{"line":686,"column":61}}],"line":686},"49":{"loc":{"start":{"line":697,"column":10},"end":{"line":697,"column":67}},"type":"binary-expr","locations":[{"start":{"line":697,"column":10},"end":{"line":697,"column":62}},{"start":{"line":697,"column":66},"end":{"line":697,"column":67}}],"line":697}},"s":{"0":2,"1":2,"2":2,"3":2,"4":2,"5":2,"6":2,"7":2,"8":2,"9":2,"10":2,"11":2,"12":2,"13":2,"14":2,"15":0,"16":0,"17":0,"18":0,"19":0,"20":0,"21":2,"22":0,"23":0,"24":0,"25":0,"26":0,"27":0,"28":0,"29":0,"30":0,"31":0,"32":0,"33":0,"34":0,"35":0,"36":0,"37":0,"38":2,"39":0,"40":0,"41":0,"42":0,"43":0,"44":0,"45":0,"46":0,"47":0,"48":0,"49":0,"50":0,"51":0,"52":0,"53":0,"54":0,"55":0,"56":0,"57":0,"58":0,"59":0,"60":0,"61":0,"62":0,"63":0,"64":0,"65":0,"66":0,"67":0,"68":0,"69":0,"70":0,"71":0,"72":0,"73":0,"74":0,"75":0,"76":0,"77":0,"78":0,"79":0,"80":0,"81":0,"82":0,"83":0,"84":0,"85":0,"86":0,"87":0,"88":0,"89":0,"90":0,"91":0,"92":0,"93":0,"94":0,"95":0,"96":0,"97":0,"98":0,"99":2,"100":0,"101":0,"102":0,"103":0,"104":0,"105":0,"106":0,"107":0,"108":0,"109":0,"110":0,"111":0,"112":0,"113":0,"114":0,"115":0,"116":0,"117":0,"118":0,"119":0,"120":0,"121":0,"122":0,"123":0,"124":0,"125":0,"126":0,"127":0,"128":0,"129":0,"130":0,"131":0,"132":0,"133":0,"134":0,"135":0,"136":0,"137":0,"138":0,"139":0,"140":0,"141":0,"142":0,"143":0,"144":0,"145":0,"146":0,"147":0,"148":0,"149":0,"150":0,"151":0,"152":0,"153":0,"154":0,"155":0,"156":0,"157":0,"158":0,"159":0,"160":2,"161":0,"162":0,"163":0,"164":0,"165":0,"166":0,"167":0,"168":0,"169":0,"170":0,"171":0,"172":0,"173":0,"174":0,"175":0,"176":0,"177":0,"178":0,"179":0,"180":0,"181":2,"182":0,"183":0,"184":0,"185":0,"186":0,"187":0,"188":0,"189":0,"190":0,"191":0,"192":0,"193":0,"194":0,"195":0,"196":0,"197":0,"198":0,"199":0,"200":0,"201":0,"202":0,"203":0,"204":0,"205":0,"206":0,"207":0,"208":0,"209":0,"210":0,"211":0,"212":0,"213":2,"214":0,"215":0,"216":0,"217":0,"218":0,"219":0,"220":0,"221":0,"222":0,"223":0,"224":0,"225":0,"226":0,"227":0,"228":2,"229":0,"230":0,"231":0,"232":0,"233":0,"234":0,"235":0,"236":0,"237":0,"238":0,"239":0,"240":0,"241":0,"242":0,"243":0,"244":0,"245":0,"246":0,"247":0,"248":0,"249":0,"250":0,"251":0,"252":0,"253":0,"254":0,"255":0,"256":0,"257":0,"258":0,"259":0,"260":0,"261":0,"262":0,"263":0,"264":0,"265":0,"266":0,"267":0,"268":0,"269":0,"270":0,"271":0,"272":0,"273":0,"274":0,"275":0,"276":0,"277":0,"278":0,"279":0,"280":0,"281":0,"282":2},"f":{"0":0,"1":0,"2":0,"3":0,"4":0,"5":0,"6":0,"7":0,"8":0,"9":0,"10":0,"11":0,"12":0,"13":0,"14":0,"15":0,"16":0,"17":0},"b":{"0":[0,0],"1":[0,0],"2":[0,0],"3":[0,0],"4":[0,0],"5":[0,0],"6":[0,0],"7":[0,0],"8":[0,0],"9":[0,0],"10":[0,0],"11":[0,0],"12":[0,0],"13":[0,0],"14":[0,0],"15":[0,0],"16":[0,0],"17":[0,0],"18":[0,0],"19":[0,0],"20":[0,0],"21":[0,0],"22":[0,0],"23":[0,0],"24":[0,0],"25":[0,0],"26":[0,0],"27":[0,0],"28":[0,0],"29":[0,0],"30":[0,0],"31":[0,0],"32":[0,0],"33":[0,0],"34":[0,0],"35":[0,0],"36":[0,0],"37":[0,0],"38":[0,0],"39":[0,0],"40":[0,0],"41":[0,0],"42":[0,0],"43":[0,0],"44":[0,0],"45":[0,0,0],"46":[0,0],"47":[0,0],"48":[0,0],"49":[0,0]},"_coverageSchema":"1a1c01bbd47fc00a2c39e90264f33305004495a9","hash":"381f1eadc6cd3cdcdca58f92b8e4b522b6100421"}
,"/root/API-Maranguape/src/routes/referenciasRoutes.js": {"path":"/root/API-Maranguape/src/routes/referenciasRoutes.js","statementMap":{"0":{"start":{"line":1,"column":16},"end":{"line":1,"column":34}},"1":{"start":{"line":2,"column":15},"end":{"line":2,"column":31}},"2":{"start":{"line":3,"column":18},"end":{"line":3,"column":56}},"3":{"start":{"line":4,"column":14},"end":{"line":4,"column":46}},"4":{"start":{"line":6,"column":0},"end":{"line":35,"column":3}},"5":{"start":{"line":7,"column":19},"end":{"line":7,"column":27}},"6":{"start":{"line":9,"column":2},"end":{"line":11,"column":3}},"7":{"start":{"line":10,"column":4},"end":{"line":10,"column":68}},"8":{"start":{"line":13,"column":2},"end":{"line":34,"column":3}},"9":{"start":{"line":15,"column":25},"end":{"line":15,"column":48}},"10":{"start":{"line":16,"column":4},"end":{"line":16,"column":30}},"11":{"start":{"line":19,"column":25},"end":{"line":19,"column":79}},"12":{"start":{"line":20,"column":4},"end":{"line":20,"column":36}},"13":{"start":{"line":21,"column":4},"end":{"line":21,"column":79}},"14":{"start":{"line":23,"column":4},"end":{"line":23,"column":76}},"15":{"start":{"line":25,"column":4},"end":{"line":25,"column":66}},"16":{"start":{"line":27,"column":4},"end":{"line":31,"column":5}},"17":{"start":{"line":28,"column":6},"end":{"line":30,"column":65}},"18":{"start":{"line":33,"column":4},"end":{"line":33,"column":71}},"19":{"start":{"line":38,"column":0},"end":{"line":60,"column":3}},"20":{"start":{"line":39,"column":2},"end":{"line":59,"column":3}},"21":{"start":{"line":41,"column":22},"end":{"line":41,"column":58}},"22":{"start":{"line":43,"column":4},"end":{"line":46,"column":5}},"23":{"start":{"line":44,"column":6},"end":{"line":44,"column":66}},"24":{"start":{"line":45,"column":6},"end":{"line":45,"column":62}},"25":{"start":{"line":49,"column":24},"end":{"line":49,"column":46}},"26":{"start":{"line":52,"column":4},"end":{"line":52,"column":78}},"27":{"start":{"line":54,"column":4},"end":{"line":54,"column":67}},"28":{"start":{"line":55,"column":4},"end":{"line":55,"column":30}},"29":{"start":{"line":57,"column":4},"end":{"line":57,"column":63}},"30":{"start":{"line":58,"column":4},"end":{"line":58,"column":68}},"31":{"start":{"line":62,"column":0},"end":{"line":62,"column":24}}},"fnMap":{"0":{"name":"(anonymous_0)","decl":{"start":{"line":6,"column":35},"end":{"line":6,"column":36}},"loc":{"start":{"line":6,"column":55},"end":{"line":35,"column":1}},"line":6},"1":{"name":"(anonymous_1)","decl":{"start":{"line":38,"column":33},"end":{"line":38,"column":34}},"loc":{"start":{"line":38,"column":53},"end":{"line":60,"column":1}},"line":38}},"branchMap":{"0":{"loc":{"start":{"line":9,"column":2},"end":{"line":11,"column":3}},"type":"if","locations":[{"start":{"line":9,"column":2},"end":{"line":11,"column":3}},{"start":{},"end":{}}],"line":9},"1":{"loc":{"start":{"line":19,"column":25},"end":{"line":19,"column":79}},"type":"binary-expr","locations":[{"start":{"line":19,"column":25},"end":{"line":19,"column":73}},{"start":{"line":19,"column":77},"end":{"line":19,"column":79}}],"line":19},"2":{"loc":{"start":{"line":27,"column":4},"end":{"line":31,"column":5}},"type":"if","locations":[{"start":{"line":27,"column":4},"end":{"line":31,"column":5}},{"start":{},"end":{}}],"line":27},"3":{"loc":{"start":{"line":43,"column":4},"end":{"line":46,"column":5}},"type":"if","locations":[{"start":{"line":43,"column":4},"end":{"line":46,"column":5}},{"start":{},"end":{}}],"line":43}},"s":{"0":2,"1":2,"2":2,"3":2,"4":2,"5":0,"6":0,"7":0,"8":0,"9":0,"10":0,"11":0,"12":0,"13":0,"14":0,"15":0,"16":0,"17":0,"18":0,"19":2,"20":0,"21":0,"22":0,"23":0,"24":0,"25":0,"26":0,"27":0,"28":0,"29":0,"30":0,"31":2},"f":{"0":0,"1":0},"b":{"0":[0,0],"1":[0,0],"2":[0,0],"3":[0,0]},"_coverageSchema":"1a1c01bbd47fc00a2c39e90264f33305004495a9","hash":"3ece69c3fa1edac647fbe7ea4690a9ced1fc00ea"}
,"/root/API-Maranguape/src/routes/setoresRoutes.js": {"path":"/root/API-Maranguape/src/routes/setoresRoutes.js","statementMap":{"0":{"start":{"line":1,"column":16},"end":{"line":1,"column":34}},"1":{"start":{"line":2,"column":15},"end":{"line":2,"column":31}},"2":{"start":{"line":3,"column":34},"end":{"line":3,"column":74}},"3":{"start":{"line":4,"column":21},"end":{"line":4,"column":55}},"4":{"start":{"line":5,"column":24},"end":{"line":5,"column":65}},"5":{"start":{"line":7,"column":0},"end":{"line":7,"column":79}},"6":{"start":{"line":8,"column":0},"end":{"line":8,"column":59}},"7":{"start":{"line":9,"column":0},"end":{"line":9,"column":60}},"8":{"start":{"line":10,"column":0},"end":{"line":10,"column":55}},"9":{"start":{"line":11,"column":0},"end":{"line":11,"column":55}},"10":{"start":{"line":13,"column":0},"end":{"line":13,"column":24}}},"fnMap":{},"branchMap":{},"s":{"0":2,"1":2,"2":2,"3":2,"4":2,"5":2,"6":2,"7":2,"8":2,"9":2,"10":2},"f":{},"b":{},"_coverageSchema":"1a1c01bbd47fc00a2c39e90264f33305004495a9","hash":"aacdd9d1346f404e283172dc5f4084a9ebd888a9"}
,"/root/API-Maranguape/src/routes/usuariosRoute.js": {"path":"/root/API-Maranguape/src/routes/usuariosRoute.js","statementMap":{"0":{"start":{"line":1,"column":16},"end":{"line":1,"column":34}},"1":{"start":{"line":2,"column":15},"end":{"line":2,"column":31}},"2":{"start":{"line":3,"column":13},"end":{"line":3,"column":48}},"3":{"start":{"line":4,"column":12},"end":{"line":4,"column":35}},"4":{"start":{"line":6,"column":0},"end":{"line":50,"column":3}},"5":{"start":{"line":7,"column":27},"end":{"line":7,"column":35}},"6":{"start":{"line":9,"column":2},"end":{"line":49,"column":3}},"7":{"start":{"line":11,"column":17},"end":{"line":11,"column":43}},"8":{"start":{"line":12,"column":4},"end":{"line":16,"column":5}},"9":{"start":{"line":13,"column":6},"end":{"line":15,"column":64}},"10":{"start":{"line":19,"column":20},"end":{"line":19,"column":56}},"11":{"start":{"line":20,"column":4},"end":{"line":24,"column":5}},"12":{"start":{"line":21,"column":6},"end":{"line":23,"column":62}},"13":{"start":{"line":27,"column":18},"end":{"line":31,"column":5}},"14":{"start":{"line":34,"column":4},"end":{"line":39,"column":7}},"15":{"start":{"line":41,"column":4},"end":{"line":45,"column":7}},"16":{"start":{"line":47,"column":4},"end":{"line":47,"column":43}},"17":{"start":{"line":48,"column":4},"end":{"line":48,"column":66}},"18":{"start":{"line":52,"column":0},"end":{"line":63,"column":3}},"19":{"start":{"line":54,"column":2},"end":{"line":59,"column":5}},"20":{"start":{"line":62,"column":2},"end":{"line":62,"column":63}},"21":{"start":{"line":65,"column":0},"end":{"line":83,"column":3}},"22":{"start":{"line":66,"column":16},"end":{"line":66,"column":44}},"23":{"start":{"line":68,"column":2},"end":{"line":70,"column":3}},"24":{"start":{"line":69,"column":4},"end":{"line":69,"column":58}},"25":{"start":{"line":72,"column":2},"end":{"line":82,"column":3}},"26":{"start":{"line":73,"column":20},"end":{"line":73,"column":61}},"27":{"start":{"line":74,"column":4},"end":{"line":74,"column":25}},"28":{"start":{"line":75,"column":4},"end":{"line":79,"column":7}},"29":{"start":{"line":81,"column":4},"end":{"line":81,"column":58}},"30":{"start":{"line":85,"column":0},"end":{"line":85,"column":24}}},"fnMap":{"0":{"name":"(anonymous_0)","decl":{"start":{"line":6,"column":22},"end":{"line":6,"column":23}},"loc":{"start":{"line":6,"column":42},"end":{"line":50,"column":1}},"line":6},"1":{"name":"(anonymous_1)","decl":{"start":{"line":52,"column":23},"end":{"line":52,"column":24}},"loc":{"start":{"line":52,"column":37},"end":{"line":63,"column":1}},"line":52},"2":{"name":"(anonymous_2)","decl":{"start":{"line":65,"column":22},"end":{"line":65,"column":23}},"loc":{"start":{"line":65,"column":36},"end":{"line":83,"column":1}},"line":65}},"branchMap":{"0":{"loc":{"start":{"line":12,"column":4},"end":{"line":16,"column":5}},"type":"if","locations":[{"start":{"line":12,"column":4},"end":{"line":16,"column":5}},{"start":{},"end":{}}],"line":12},"1":{"loc":{"start":{"line":20,"column":4},"end":{"line":24,"column":5}},"type":"if","locations":[{"start":{"line":20,"column":4},"end":{"line":24,"column":5}},{"start":{},"end":{}}],"line":20},"2":{"loc":{"start":{"line":68,"column":2},"end":{"line":70,"column":3}},"type":"if","locations":[{"start":{"line":68,"column":2},"end":{"line":70,"column":3}},{"start":{},"end":{}}],"line":68}},"s":{"0":2,"1":2,"2":2,"3":2,"4":2,"5":0,"6":0,"7":0,"8":0,"9":0,"10":0,"11":0,"12":0,"13":0,"14":0,"15":0,"16":0,"17":0,"18":2,"19":0,"20":0,"21":2,"22":0,"23":0,"24":0,"25":0,"26":0,"27":0,"28":0,"29":0,"30":2},"f":{"0":0,"1":0,"2":0},"b":{"0":[0,0],"1":[0,0],"2":[0,0]},"_coverageSchema":"1a1c01bbd47fc00a2c39e90264f33305004495a9","hash":"53733054b418991d80c1d09110e2f79448c9e939"}
,"/root/API-Maranguape/src/services/CacheService.js": {"path":"/root/API-Maranguape/src/services/CacheService.js","statementMap":{"0":{"start":{"line":1,"column":20},"end":{"line":1,"column":52}},"1":{"start":{"line":5,"column":23},"end":{"line":5,"column":49}},"2":{"start":{"line":6,"column":4},"end":{"line":6,"column":50}},"3":{"start":{"line":6,"column":20},"end":{"line":6,"column":50}},"4":{"start":{"line":7,"column":22},"end":{"line":7,"column":43}},"5":{"start":{"line":8,"column":4},"end":{"line":8,"column":66}},"6":{"start":{"line":9,"column":4},"end":{"line":9,"column":21}},"7":{"start":{"line":13,"column":4},"end":{"line":15,"column":5}},"8":{"start":{"line":14,"column":6},"end":{"line":14,"column":50}},"9":{"start":{"line":16,"column":4},"end":{"line":16,"column":42}},"10":{"start":{"line":17,"column":4},"end":{"line":17,"column":48}},"11":{"start":{"line":21,"column":0},"end":{"line":21,"column":30}}},"fnMap":{"0":{"name":"(anonymous_0)","decl":{"start":{"line":4,"column":2},"end":{"line":4,"column":3}},"loc":{"start":{"line":4,"column":49},"end":{"line":10,"column":3}},"line":4},"1":{"name":"(anonymous_1)","decl":{"start":{"line":12,"column":2},"end":{"line":12,"column":3}},"loc":{"start":{"line":12,"column":43},"end":{"line":18,"column":3}},"line":12}},"branchMap":{"0":{"loc":{"start":{"line":6,"column":4},"end":{"line":6,"column":50}},"type":"if","locations":[{"start":{"line":6,"column":4},"end":{"line":6,"column":50}},{"start":{},"end":{}}],"line":6}},"s":{"0":3,"1":0,"2":0,"3":0,"4":0,"5":0,"6":0,"7":0,"8":0,"9":0,"10":0,"11":3},"f":{"0":0,"1":0},"b":{"0":[0,0]},"_coverageSchema":"1a1c01bbd47fc00a2c39e90264f33305004495a9","hash":"4f2f117281c133e9f62c6a4e13373c03fb97a425"}
,"/root/API-Maranguape/src/services/SetorService.js": {"path":"/root/API-Maranguape/src/services/SetorService.js","statementMap":{"0":{"start":{"line":1,"column":24},"end":{"line":1,"column":66}},"1":{"start":{"line":2,"column":21},"end":{"line":2,"column":56}},"2":{"start":{"line":6,"column":35},"end":{"line":6,"column":39}},"3":{"start":{"line":7,"column":18},"end":{"line":7,"column":70}},"4":{"start":{"line":8,"column":4},"end":{"line":8,"column":61}},"5":{"start":{"line":9,"column":4},"end":{"line":9,"column":17}},"6":{"start":{"line":13,"column":4},"end":{"line":15,"column":7}},"7":{"start":{"line":14,"column":6},"end":{"line":14,"column":53}},"8":{"start":{"line":19,"column":4},"end":{"line":25,"column":6}},"9":{"start":{"line":22,"column":27},"end":{"line":22,"column":71}},"10":{"start":{"line":23,"column":8},"end":{"line":23,"column":30}},"11":{"start":{"line":29,"column":18},"end":{"line":29,"column":60}},"12":{"start":{"line":30,"column":4},"end":{"line":30,"column":56}},"13":{"start":{"line":31,"column":4},"end":{"line":31,"column":17}},"14":{"start":{"line":35,"column":4},"end":{"line":35,"column":49}},"15":{"start":{"line":36,"column":4},"end":{"line":36,"column":46}},"16":{"start":{"line":40,"column":0},"end":{"line":40,"column":30}}},"fnMap":{"0":{"name":"(anonymous_0)","decl":{"start":{"line":5,"column":2},"end":{"line":5,"column":3}},"loc":{"start":{"line":5,"column":33},"end":{"line":10,"column":3}},"line":5},"1":{"name":"(anonymous_1)","decl":{"start":{"line":12,"column":2},"end":{"line":12,"column":3}},"loc":{"start":{"line":12,"column":32},"end":{"line":16,"column":3}},"line":12},"2":{"name":"(anonymous_2)","decl":{"start":{"line":13,"column":60},"end":{"line":13,"column":61}},"loc":{"start":{"line":13,"column":72},"end":{"line":15,"column":5}},"line":13},"3":{"name":"(anonymous_3)","decl":{"start":{"line":18,"column":2},"end":{"line":18,"column":3}},"loc":{"start":{"line":18,"column":37},"end":{"line":26,"column":3}},"line":18},"4":{"name":"(anonymous_4)","decl":{"start":{"line":21,"column":6},"end":{"line":21,"column":7}},"loc":{"start":{"line":21,"column":18},"end":{"line":24,"column":7}},"line":21},"5":{"name":"(anonymous_5)","decl":{"start":{"line":28,"column":2},"end":{"line":28,"column":3}},"loc":{"start":{"line":28,"column":37},"end":{"line":32,"column":3}},"line":28},"6":{"name":"(anonymous_6)","decl":{"start":{"line":34,"column":2},"end":{"line":34,"column":3}},"loc":{"start":{"line":34,"column":31},"end":{"line":37,"column":3}},"line":34}},"branchMap":{},"s":{"0":3,"1":3,"2":2,"3":2,"4":2,"5":2,"6":2,"7":0,"8":2,"9":0,"10":0,"11":2,"12":2,"13":2,"14":2,"15":2,"16":3},"f":{"0":2,"1":2,"2":0,"3":2,"4":0,"5":2,"6":2},"b":{},"_coverageSchema":"1a1c01bbd47fc00a2c39e90264f33305004495a9","hash":"3d6c63f66dcc7a486051bf6fe443ad88c853f3be"}
,"/root/API-Maranguape/src/services/funcionariosService.js": {"path":"/root/API-Maranguape/src/services/funcionariosService.js","statementMap":{},"fnMap":{},"branchMap":{},"s":{},"f":{},"b":{}}
,"/root/API-Maranguape/src/utils/awsUtils.js": {"path":"/root/API-Maranguape/src/utils/awsUtils.js","statementMap":{},"fnMap":{},"branchMap":{},"s":{},"f":{},"b":{}}
,"/root/API-Maranguape/src/validations/validateFuncionario.js": {"path":"/root/API-Maranguape/src/validations/validateFuncionario.js","statementMap":{"0":{"start":{"line":1,"column":12},"end":{"line":1,"column":26}},"1":{"start":{"line":4,"column":29},"end":{"line":33,"column":2}},"2":{"start":{"line":32,"column":38},"end":{"line":32,"column":48}},"3":{"start":{"line":35,"column":0},"end":{"line":35,"column":38}}},"fnMap":{"0":{"name":"(anonymous_0)","decl":{"start":{"line":32,"column":32},"end":{"line":32,"column":33}},"loc":{"start":{"line":32,"column":38},"end":{"line":32,"column":48}},"line":32}},"branchMap":{},"s":{"0":2,"1":2,"2":0,"3":2},"f":{"0":0},"b":{},"_coverageSchema":"1a1c01bbd47fc00a2c39e90264f33305004495a9","hash":"6d61aa00a498e0f68be45dcd08006e100c1ea399"}
,"/root/API-Maranguape/src/validations/validates.js": {"path":"/root/API-Maranguape/src/validations/validates.js","statementMap":{},"fnMap":{},"branchMap":{},"s":{},"f":{},"b":{}}
,"/root/API-Maranguape/src/validations/validatesSetor.js": {"path":"/root/API-Maranguape/src/validations/validatesSetor.js","statementMap":{"0":{"start":{"line":1,"column":12},"end":{"line":1,"column":26}},"1":{"start":{"line":3,"column":30},"end":{"line":15,"column":2}},"2":{"start":{"line":14,"column":38},"end":{"line":14,"column":48}},"3":{"start":{"line":17,"column":0},"end":{"line":17,"column":43}}},"fnMap":{"0":{"name":"(anonymous_0)","decl":{"start":{"line":14,"column":32},"end":{"line":14,"column":33}},"loc":{"start":{"line":14,"column":38},"end":{"line":14,"column":48}},"line":14}},"branchMap":{},"s":{"0":2,"1":2,"2":3,"3":2},"f":{"0":3},"b":{},"_coverageSchema":"1a1c01bbd47fc00a2c39e90264f33305004495a9","hash":"9424ffaf7ae5a20c2bf412cc69b4133aefb680b4"}
}
