{"/root/API-Maranguape/src/app.js": {"path":"/root/API-Maranguape/src/app.js","statementMap":{"0":{"start":{"line":1,"column":16},"end":{"line":1,"column":34}},"1":{"start":{"line":2,"column":15},"end":{"line":2,"column":32}},"2":{"start":{"line":3,"column":0},"end":{"line":3,"column":16}},"3":{"start":{"line":4,"column":15},"end":{"line":4,"column":32}},"4":{"start":{"line":5,"column":20},"end":{"line":5,"column":42}},"5":{"start":{"line":6,"column":13},"end":{"line":6,"column":28}},"6":{"start":{"line":7,"column":15},"end":{"line":7,"column":32}},"7":{"start":{"line":8,"column":15},"end":{"line":8,"column":34}},"8":{"start":{"line":9,"column":16},"end":{"line":9,"column":34}},"9":{"start":{"line":10,"column":18},"end":{"line":10,"column":47}},"10":{"start":{"line":11,"column":14},"end":{"line":11,"column":45}},"11":{"start":{"line":12,"column":21},"end":{"line":12,"column":54}},"12":{"start":{"line":13,"column":22},"end":{"line":13,"column":55}},"13":{"start":{"line":14,"column":27},"end":{"line":14,"column":65}},"14":{"start":{"line":15,"column":26},"end":{"line":15,"column":63}},"15":{"start":{"line":17,"column":12},"end":{"line":17,"column":21}},"16":{"start":{"line":19,"column":23},"end":{"line":24,"column":1}},"17":{"start":{"line":26,"column":20},"end":{"line":35,"column":1}},"18":{"start":{"line":28,"column":4},"end":{"line":32,"column":5}},"19":{"start":{"line":29,"column":6},"end":{"line":29,"column":27}},"20":{"start":{"line":31,"column":6},"end":{"line":31,"column":49}},"21":{"start":{"line":38,"column":0},"end":{"line":38,"column":23}},"22":{"start":{"line":39,"column":0},"end":{"line":39,"column":24}},"23":{"start":{"line":40,"column":0},"end":{"line":40,"column":48}},"24":{"start":{"line":41,"column":0},"end":{"line":44,"column":3}},"25":{"start":{"line":42,"column":2},"end":{"line":42,"column":38}},"26":{"start":{"line":43,"column":2},"end":{"line":43,"column":9}},"27":{"start":{"line":45,"column":0},"end":{"line":45,"column":27}},"28":{"start":{"line":46,"column":0},"end":{"line":46,"column":18}},"29":{"start":{"line":47,"column":0},"end":{"line":47,"column":23}},"30":{"start":{"line":50,"column":0},"end":{"line":52,"column":3}},"31":{"start":{"line":51,"column":2},"end":{"line":51,"column":37}},"32":{"start":{"line":54,"column":0},"end":{"line":56,"column":3}},"33":{"start":{"line":55,"column":2},"end":{"line":55,"column":39}},"34":{"start":{"line":58,"column":0},"end":{"line":58,"column":26}},"35":{"start":{"line":61,"column":16},"end":{"line":64,"column":2}},"36":{"start":{"line":65,"column":0},"end":{"line":65,"column":17}},"37":{"start":{"line":68,"column":0},"end":{"line":75,"column":3}},"38":{"start":{"line":69,"column":16},"end":{"line":69,"column":27}},"39":{"start":{"line":70,"column":21},"end":{"line":70,"column":23}},"40":{"start":{"line":71,"column":15},"end":{"line":71,"column":51}},"41":{"start":{"line":72,"column":2},"end":{"line":72,"column":38}},"42":{"start":{"line":74,"column":2},"end":{"line":74,"column":38}},"43":{"start":{"line":77,"column":0},"end":{"line":77,"column":39}},"44":{"start":{"line":78,"column":0},"end":{"line":78,"column":49}},"45":{"start":{"line":79,"column":0},"end":{"line":79,"column":39}},"46":{"start":{"line":80,"column":0},"end":{"line":80,"column":47}},"47":{"start":{"line":82,"column":0},"end":{"line":82,"column":21}}},"fnMap":{"0":{"name":"(anonymous_0)","decl":{"start":{"line":27,"column":10},"end":{"line":27,"column":11}},"loc":{"start":{"line":27,"column":38},"end":{"line":33,"column":3}},"line":27},"1":{"name":"(anonymous_1)","decl":{"start":{"line":41,"column":8},"end":{"line":41,"column":9}},"loc":{"start":{"line":41,"column":28},"end":{"line":44,"column":1}},"line":41},"2":{"name":"(anonymous_2)","decl":{"start":{"line":50,"column":20},"end":{"line":50,"column":21}},"loc":{"start":{"line":50,"column":26},"end":{"line":52,"column":1}},"line":50},"3":{"name":"(anonymous_3)","decl":{"start":{"line":54,"column":18},"end":{"line":54,"column":19}},"loc":{"start":{"line":54,"column":27},"end":{"line":56,"column":1}},"line":54},"4":{"name":"(anonymous_4)","decl":{"start":{"line":68,"column":13},"end":{"line":68,"column":14}},"loc":{"start":{"line":68,"column":33},"end":{"line":75,"column":1}},"line":68}},"branchMap":{"0":{"loc":{"start":{"line":28,"column":4},"end":{"line":32,"column":5}},"type":"if","locations":[{"start":{"line":28,"column":4},"end":{"line":32,"column":5}},{"start":{"line":30,"column":11},"end":{"line":32,"column":5}}],"line":28},"1":{"loc":{"start":{"line":28,"column":8},"end":{"line":28,"column":56}},"type":"binary-expr","locations":[{"start":{"line":28,"column":8},"end":{"line":28,"column":15}},{"start":{"line":28,"column":19},"end":{"line":28,"column":56}}],"line":28}},"s":{"0":3,"1":3,"2":3,"3":3,"4":3,"5":3,"6":3,"7":3,"8":3,"9":3,"10":3,"11":3,"12":3,"13":3,"14":3,"15":3,"16":3,"17":3,"18":18,"19":18,"20":0,"21":3,"22":3,"23":3,"24":3,"25":18,"26":18,"27":3,"28":3,"29":3,"30":3,"31":3,"32":3,"33":0,"34":3,"35":3,"36":3,"37":3,"38":0,"39":0,"40":0,"41":0,"42":0,"43":3,"44":3,"45":3,"46":3,"47":3},"f":{"0":18,"1":18,"2":3,"3":0,"4":0},"b":{"0":[18,0],"1":[18,0]},"_coverageSchema":"1a1c01bbd47fc00a2c39e90264f33305004495a9","hash":"02dac40837c68d36463a8f1020190b623154f710"}
,"/root/API-Maranguape/src/server.js": {"path":"/root/API-Maranguape/src/server.js","statementMap":{"0":{"start":{"line":1,"column":12},"end":{"line":1,"column":28}},"1":{"start":{"line":4,"column":13},"end":{"line":4,"column":37}},"2":{"start":{"line":5,"column":0},"end":{"line":5,"column":73}},"3":{"start":{"line":5,"column":23},"end":{"line":5,"column":71}}},"fnMap":{"0":{"name":"(anonymous_0)","decl":{"start":{"line":5,"column":17},"end":{"line":5,"column":18}},"loc":{"start":{"line":5,"column":23},"end":{"line":5,"column":71}},"line":5}},"branchMap":{"0":{"loc":{"start":{"line":4,"column":13},"end":{"line":4,"column":37}},"type":"binary-expr","locations":[{"start":{"line":4,"column":13},"end":{"line":4,"column":29}},{"start":{"line":4,"column":33},"end":{"line":4,"column":37}}],"line":4}},"s":{"0":0,"1":0,"2":0,"3":0},"f":{"0":0},"b":{"0":[0,0]}}
,"/root/API-Maranguape/src/config/aws.js": {"path":"/root/API-Maranguape/src/config/aws.js","statementMap":{"0":{"start":{"line":2,"column":21},"end":{"line":2,"column":50}},"1":{"start":{"line":5,"column":17},"end":{"line":11,"column":2}},"2":{"start":{"line":13,"column":0},"end":{"line":13,"column":26}}},"fnMap":{},"branchMap":{},"s":{"0":5,"1":5,"2":5},"f":{},"b":{},"_coverageSchema":"1a1c01bbd47fc00a2c39e90264f33305004495a9","hash":"e2556cbe1c6dc0db93f8e9330f610100029e99c3"}
,"/root/API-Maranguape/src/config/multerConfig.js": {"path":"/root/API-Maranguape/src/config/multerConfig.js","statementMap":{"0":{"start":{"line":2,"column":15},"end":{"line":2,"column":32}},"1":{"start":{"line":5,"column":16},"end":{"line":5,"column":38}},"2":{"start":{"line":8,"column":15},"end":{"line":16,"column":2}},"3":{"start":{"line":18,"column":0},"end":{"line":18,"column":24}}},"fnMap":{},"branchMap":{},"s":{"0":3,"1":3,"2":3,"3":3},"f":{},"b":{},"_coverageSchema":"1a1c01bbd47fc00a2c39e90264f33305004495a9","hash":"b22daf8d645a50f593454da1c3a0f926a0cec9a4"}
,"/root/API-Maranguape/src/config/redisClient.js": {"path":"/root/API-Maranguape/src/config/redisClient.js","statementMap":{"0":{"start":{"line":1,"column":14},"end":{"line":1,"column":32}},"1":{"start":{"line":4,"column":14},"end":{"line":13,"column":6}},"2":{"start":{"line":15,"column":0},"end":{"line":17,"column":3}},"3":{"start":{"line":16,"column":2},"end":{"line":16,"column":37}},"4":{"start":{"line":19,"column":0},"end":{"line":21,"column":3}},"5":{"start":{"line":20,"column":2},"end":{"line":20,"column":50}},"6":{"start":{"line":23,"column":0},"end":{"line":23,"column":23}}},"fnMap":{"0":{"name":"(anonymous_0)","decl":{"start":{"line":15,"column":20},"end":{"line":15,"column":21}},"loc":{"start":{"line":15,"column":26},"end":{"line":17,"column":1}},"line":15},"1":{"name":"(anonymous_1)","decl":{"start":{"line":19,"column":18},"end":{"line":19,"column":19}},"loc":{"start":{"line":19,"column":27},"end":{"line":21,"column":1}},"line":19}},"branchMap":{"0":{"loc":{"start":{"line":4,"column":14},"end":{"line":13,"column":6}},"type":"cond-expr","locations":[{"start":{"line":5,"column":4},"end":{"line":7,"column":6}},{"start":{"line":8,"column":4},"end":{"line":13,"column":6}}],"line":4},"1":{"loc":{"start":{"line":9,"column":12},"end":{"line":9,"column":49}},"type":"binary-expr","locations":[{"start":{"line":9,"column":12},"end":{"line":9,"column":34}},{"start":{"line":9,"column":38},"end":{"line":9,"column":49}}],"line":9},"2":{"loc":{"start":{"line":10,"column":12},"end":{"line":10,"column":42}},"type":"binary-expr","locations":[{"start":{"line":10,"column":12},"end":{"line":10,"column":34}},{"start":{"line":10,"column":38},"end":{"line":10,"column":42}}],"line":10}},"s":{"0":10,"1":10,"2":10,"3":10,"4":10,"5":0,"6":10},"f":{"0":10,"1":0},"b":{"0":[0,10],"1":[10,10],"2":[10,10]},"_coverageSchema":"1a1c01bbd47fc00a2c39e90264f33305004495a9","hash":"3ca44bbf492696c184a02d9801023fbfd3b45de3"}
,"/root/API-Maranguape/src/config/Mongoose/funcionariosConnection.js": {"path":"/root/API-Maranguape/src/config/Mongoose/funcionariosConnection.js","statementMap":{"0":{"start":{"line":2,"column":17},"end":{"line":2,"column":36}},"1":{"start":{"line":5,"column":13},"end":{"line":7,"column":3}},"2":{"start":{"line":9,"column":2},"end":{"line":9,"column":78}},"3":{"start":{"line":10,"column":2},"end":{"line":12,"column":5}},"4":{"start":{"line":11,"column":4},"end":{"line":11,"column":40}},"5":{"start":{"line":14,"column":2},"end":{"line":14,"column":12}},"6":{"start":{"line":17,"column":0},"end":{"line":17,"column":41}}},"fnMap":{"0":{"name":"connectToFuncionariosDB","decl":{"start":{"line":4,"column":9},"end":{"line":4,"column":32}},"loc":{"start":{"line":4,"column":43},"end":{"line":15,"column":1}},"line":4},"1":{"name":"(anonymous_1)","decl":{"start":{"line":10,"column":18},"end":{"line":10,"column":19}},"loc":{"start":{"line":10,"column":24},"end":{"line":12,"column":3}},"line":10}},"branchMap":{"0":{"loc":{"start":{"line":6,"column":4},"end":{"line":6,"column":57}},"type":"binary-expr","locations":[{"start":{"line":6,"column":4},"end":{"line":6,"column":12}},{"start":{"line":6,"column":16},"end":{"line":6,"column":57}}],"line":6}},"s":{"0":12,"1":32,"2":32,"3":32,"4":23,"5":32,"6":12},"f":{"0":32,"1":23},"b":{"0":[32,26]},"_coverageSchema":"1a1c01bbd47fc00a2c39e90264f33305004495a9","hash":"d143c967c93cdf470e913f292124e33675b38bd8"}
,"/root/API-Maranguape/src/config/Mongoose/usuariosConnection.js": {"path":"/root/API-Maranguape/src/config/Mongoose/usuariosConnection.js","statementMap":{"0":{"start":{"line":1,"column":15},"end":{"line":1,"column":32}},"1":{"start":{"line":2,"column":25},"end":{"line":2,"column":44}},"2":{"start":{"line":3,"column":0},"end":{"line":3,"column":16}},"3":{"start":{"line":5,"column":11},"end":{"line":7,"column":1}},"4":{"start":{"line":9,"column":0},"end":{"line":9,"column":76}},"5":{"start":{"line":10,"column":0},"end":{"line":12,"column":3}},"6":{"start":{"line":11,"column":2},"end":{"line":11,"column":38}},"7":{"start":{"line":13,"column":0},"end":{"line":13,"column":20}}},"fnMap":{"0":{"name":"(anonymous_0)","decl":{"start":{"line":10,"column":16},"end":{"line":10,"column":17}},"loc":{"start":{"line":10,"column":22},"end":{"line":12,"column":1}},"line":10}},"branchMap":{},"s":{"0":0,"1":0,"2":0,"3":0,"4":0,"5":0,"6":0,"7":0},"f":{"0":0},"b":{}}
,"/root/API-Maranguape/src/controllers/SetorController.js": {"path":"/root/API-Maranguape/src/controllers/SetorController.js","statementMap":{"0":{"start":{"line":1,"column":21},"end":{"line":1,"column":56}},"1":{"start":{"line":5,"column":4},"end":{"line":12,"column":5}},"2":{"start":{"line":6,"column":21},"end":{"line":6,"column":61}},"3":{"start":{"line":7,"column":6},"end":{"line":7,"column":35}},"4":{"start":{"line":9,"column":6},"end":{"line":11,"column":72}},"5":{"start":{"line":15,"column":4},"end":{"line":21,"column":5}},"6":{"start":{"line":16,"column":22},"end":{"line":16,"column":64}},"7":{"start":{"line":17,"column":6},"end":{"line":17,"column":28}},"8":{"start":{"line":19,"column":6},"end":{"line":19,"column":66}},"9":{"start":{"line":20,"column":6},"end":{"line":20,"column":62}},"10":{"start":{"line":25,"column":4},"end":{"line":30,"column":5}},"11":{"start":{"line":26,"column":22},"end":{"line":26,"column":57}},"12":{"start":{"line":27,"column":6},"end":{"line":27,"column":28}},"13":{"start":{"line":29,"column":6},"end":{"line":29,"column":73}},"14":{"start":{"line":34,"column":4},"end":{"line":40,"column":5}},"15":{"start":{"line":35,"column":26},"end":{"line":35,"column":36}},"16":{"start":{"line":36,"column":19},"end":{"line":36,"column":59}},"17":{"start":{"line":37,"column":6},"end":{"line":37,"column":21}},"18":{"start":{"line":39,"column":6},"end":{"line":39,"column":80}},"19":{"start":{"line":44,"column":4},"end":{"line":51,"column":5}},"20":{"start":{"line":45,"column":21},"end":{"line":45,"column":31}},"21":{"start":{"line":46,"column":23},"end":{"line":46,"column":31}},"22":{"start":{"line":47,"column":21},"end":{"line":47,"column":61}},"23":{"start":{"line":48,"column":6},"end":{"line":48,"column":35}},"24":{"start":{"line":50,"column":6},"end":{"line":50,"column":76}},"25":{"start":{"line":55,"column":4},"end":{"line":65,"column":5}},"26":{"start":{"line":56,"column":21},"end":{"line":56,"column":31}},"27":{"start":{"line":57,"column":6},"end":{"line":57,"column":41}},"28":{"start":{"line":58,"column":6},"end":{"line":60,"column":72}},"29":{"start":{"line":62,"column":6},"end":{"line":64,"column":75}},"30":{"start":{"line":69,"column":0},"end":{"line":69,"column":33}}},"fnMap":{"0":{"name":"(anonymous_0)","decl":{"start":{"line":4,"column":2},"end":{"line":4,"column":3}},"loc":{"start":{"line":4,"column":37},"end":{"line":13,"column":3}},"line":4},"1":{"name":"(anonymous_1)","decl":{"start":{"line":14,"column":2},"end":{"line":14,"column":3}},"loc":{"start":{"line":14,"column":47},"end":{"line":22,"column":3}},"line":14},"2":{"name":"(anonymous_2)","decl":{"start":{"line":24,"column":2},"end":{"line":24,"column":3}},"loc":{"start":{"line":24,"column":40},"end":{"line":31,"column":3}},"line":24},"3":{"name":"(anonymous_3)","decl":{"start":{"line":33,"column":2},"end":{"line":33,"column":3}},"loc":{"start":{"line":33,"column":38},"end":{"line":41,"column":3}},"line":33},"4":{"name":"(anonymous_4)","decl":{"start":{"line":43,"column":2},"end":{"line":43,"column":3}},"loc":{"start":{"line":43,"column":37},"end":{"line":52,"column":3}},"line":43},"5":{"name":"(anonymous_5)","decl":{"start":{"line":54,"column":2},"end":{"line":54,"column":3}},"loc":{"start":{"line":54,"column":37},"end":{"line":66,"column":3}},"line":54}},"branchMap":{},"s":{"0":3,"1":3,"2":3,"3":2,"4":1,"5":0,"6":0,"7":0,"8":0,"9":0,"10":3,"11":3,"12":2,"13":1,"14":3,"15":3,"16":3,"17":2,"18":1,"19":3,"20":3,"21":3,"22":3,"23":2,"24":1,"25":3,"26":3,"27":3,"28":2,"29":1,"30":3},"f":{"0":3,"1":0,"2":3,"3":3,"4":3,"5":3},"b":{},"_coverageSchema":"1a1c01bbd47fc00a2c39e90264f33305004495a9","hash":"f0286336d74dde52fbe3afd94f28c5752b55b767"}
,"/root/API-Maranguape/src/controllers/authController.js": {"path":"/root/API-Maranguape/src/controllers/authController.js","statementMap":{},"fnMap":{},"branchMap":{},"s":{},"f":{},"b":{}}
,"/root/API-Maranguape/src/controllers/funcionariosController.js": {"path":"/root/API-Maranguape/src/controllers/funcionariosController.js","statementMap":{"0":{"start":{"line":1,"column":27},"end":{"line":1,"column":69}},"1":{"start":{"line":2,"column":33},"end":{"line":2,"column":80}},"2":{"start":{"line":3,"column":15},"end":{"line":3,"column":41}},"3":{"start":{"line":7,"column":4},"end":{"line":14,"column":5}},"4":{"start":{"line":8,"column":27},"end":{"line":8,"column":72}},"5":{"start":{"line":10,"column":6},"end":{"line":10,"column":29}},"6":{"start":{"line":12,"column":6},"end":{"line":12,"column":57}},"7":{"start":{"line":13,"column":6},"end":{"line":13,"column":58}},"8":{"start":{"line":17,"column":24},"end":{"line":17,"column":34}},"9":{"start":{"line":18,"column":4},"end":{"line":26,"column":5}},"10":{"start":{"line":20,"column":8},"end":{"line":20,"column":76}},"11":{"start":{"line":22,"column":6},"end":{"line":22,"column":29}},"12":{"start":{"line":24,"column":6},"end":{"line":24,"column":57}},"13":{"start":{"line":25,"column":6},"end":{"line":25,"column":58}},"14":{"start":{"line":30,"column":4},"end":{"line":38,"column":5}},"15":{"start":{"line":31,"column":26},"end":{"line":31,"column":36}},"16":{"start":{"line":33,"column":8},"end":{"line":33,"column":68}},"17":{"start":{"line":34,"column":6},"end":{"line":34,"column":48}},"18":{"start":{"line":36,"column":6},"end":{"line":36,"column":69}},"19":{"start":{"line":37,"column":6},"end":{"line":37,"column":74}},"20":{"start":{"line":42,"column":4},"end":{"line":48,"column":5}},"21":{"start":{"line":43,"column":26},"end":{"line":43,"column":73}},"22":{"start":{"line":44,"column":6},"end":{"line":44,"column":40}},"23":{"start":{"line":46,"column":6},"end":{"line":46,"column":27}},"24":{"start":{"line":47,"column":6},"end":{"line":47,"column":67}},"25":{"start":{"line":52,"column":4},"end":{"line":62,"column":5}},"26":{"start":{"line":53,"column":23},"end":{"line":57,"column":7}},"27":{"start":{"line":58,"column":6},"end":{"line":58,"column":54}},"28":{"start":{"line":60,"column":6},"end":{"line":60,"column":59}},"29":{"start":{"line":61,"column":6},"end":{"line":61,"column":71}},"30":{"start":{"line":66,"column":4},"end":{"line":76,"column":5}},"31":{"start":{"line":67,"column":26},"end":{"line":67,"column":34}},"32":{"start":{"line":68,"column":6},"end":{"line":70,"column":7}},"33":{"start":{"line":69,"column":8},"end":{"line":69,"column":78}},"34":{"start":{"line":72,"column":21},"end":{"line":72,"column":66}},"35":{"start":{"line":73,"column":6},"end":{"line":73,"column":35}},"36":{"start":{"line":75,"column":6},"end":{"line":75,"column":53}},"37":{"start":{"line":80,"column":4},"end":{"line":88,"column":5}},"38":{"start":{"line":81,"column":21},"end":{"line":84,"column":7}},"39":{"start":{"line":85,"column":6},"end":{"line":85,"column":35}},"40":{"start":{"line":87,"column":6},"end":{"line":87,"column":73}},"41":{"start":{"line":92,"column":23},"end":{"line":92,"column":33}},"42":{"start":{"line":93,"column":28},"end":{"line":93,"column":36}},"43":{"start":{"line":95,"column":4},"end":{"line":110,"column":5}},"44":{"start":{"line":96,"column":19},"end":{"line":99,"column":7}},"45":{"start":{"line":101,"column":6},"end":{"line":104,"column":9}},"46":{"start":{"line":106,"column":6},"end":{"line":106,"column":61}},"47":{"start":{"line":107,"column":6},"end":{"line":109,"column":76}},"48":{"start":{"line":114,"column":4},"end":{"line":119,"column":5}},"49":{"start":{"line":115,"column":21},"end":{"line":115,"column":66}},"50":{"start":{"line":116,"column":6},"end":{"line":116,"column":35}},"51":{"start":{"line":118,"column":6},"end":{"line":118,"column":77}},"52":{"start":{"line":123,"column":0},"end":{"line":123,"column":39}}},"fnMap":{"0":{"name":"(anonymous_0)","decl":{"start":{"line":6,"column":2},"end":{"line":6,"column":3}},"loc":{"start":{"line":6,"column":44},"end":{"line":15,"column":3}},"line":6},"1":{"name":"(anonymous_1)","decl":{"start":{"line":16,"column":2},"end":{"line":16,"column":3}},"loc":{"start":{"line":16,"column":60},"end":{"line":27,"column":3}},"line":16},"2":{"name":"(anonymous_2)","decl":{"start":{"line":29,"column":2},"end":{"line":29,"column":3}},"loc":{"start":{"line":29,"column":52},"end":{"line":39,"column":3}},"line":29},"3":{"name":"(anonymous_3)","decl":{"start":{"line":41,"column":2},"end":{"line":41,"column":3}},"loc":{"start":{"line":41,"column":43},"end":{"line":49,"column":3}},"line":41},"4":{"name":"(anonymous_4)","decl":{"start":{"line":51,"column":2},"end":{"line":51,"column":3}},"loc":{"start":{"line":51,"column":43},"end":{"line":63,"column":3}},"line":51},"5":{"name":"(anonymous_5)","decl":{"start":{"line":65,"column":2},"end":{"line":65,"column":3}},"loc":{"start":{"line":65,"column":37},"end":{"line":77,"column":3}},"line":65},"6":{"name":"(anonymous_6)","decl":{"start":{"line":79,"column":2},"end":{"line":79,"column":3}},"loc":{"start":{"line":79,"column":45},"end":{"line":89,"column":3}},"line":79},"7":{"name":"(anonymous_7)","decl":{"start":{"line":91,"column":2},"end":{"line":91,"column":3}},"loc":{"start":{"line":91,"column":43},"end":{"line":111,"column":3}},"line":91},"8":{"name":"(anonymous_8)","decl":{"start":{"line":113,"column":2},"end":{"line":113,"column":3}},"loc":{"start":{"line":113,"column":38},"end":{"line":120,"column":3}},"line":113}},"branchMap":{"0":{"loc":{"start":{"line":68,"column":6},"end":{"line":70,"column":7}},"type":"if","locations":[{"start":{"line":68,"column":6},"end":{"line":70,"column":7}},{"start":{},"end":{}}],"line":68},"1":{"loc":{"start":{"line":68,"column":10},"end":{"line":68,"column":57}},"type":"binary-expr","locations":[{"start":{"line":68,"column":10},"end":{"line":68,"column":33}},{"start":{"line":68,"column":37},"end":{"line":68,"column":57}}],"line":68},"2":{"loc":{"start":{"line":109,"column":23},"end":{"line":109,"column":72}},"type":"binary-expr","locations":[{"start":{"line":109,"column":23},"end":{"line":109,"column":36}},{"start":{"line":109,"column":40},"end":{"line":109,"column":72}}],"line":109}},"s":{"0":4,"1":4,"2":4,"3":2,"4":2,"5":1,"6":1,"7":1,"8":2,"9":2,"10":2,"11":1,"12":1,"13":1,"14":0,"15":0,"16":0,"17":0,"18":0,"19":0,"20":2,"21":2,"22":1,"23":1,"24":1,"25":2,"26":2,"27":1,"28":1,"29":1,"30":2,"31":2,"32":2,"33":0,"34":2,"35":1,"36":1,"37":2,"38":2,"39":1,"40":1,"41":2,"42":2,"43":2,"44":2,"45":1,"46":1,"47":1,"48":0,"49":0,"50":0,"51":0,"52":4},"f":{"0":2,"1":2,"2":0,"3":2,"4":2,"5":2,"6":2,"7":2,"8":0},"b":{"0":[0,2],"1":[2,2],"2":[1,0]},"_coverageSchema":"1a1c01bbd47fc00a2c39e90264f33305004495a9","hash":"c9755ef94253565991333fa96b694c0018601421"}
,"/root/API-Maranguape/src/controllers/relatorioController.js": {"path":"/root/API-Maranguape/src/controllers/relatorioController.js","statementMap":{"0":{"start":{"line":1,"column":25},"end":{"line":1,"column":64}},"1":{"start":{"line":5,"column":4},"end":{"line":25,"column":5}},"2":{"start":{"line":6,"column":22},"end":{"line":6,"column":30}},"3":{"start":{"line":7,"column":6},"end":{"line":11,"column":7}},"4":{"start":{"line":8,"column":8},"end":{"line":10,"column":61}},"5":{"start":{"line":13,"column":24},"end":{"line":13,"column":69}},"6":{"start":{"line":15,"column":6},"end":{"line":15,"column":55}},"7":{"start":{"line":16,"column":6},"end":{"line":19,"column":8}},"8":{"start":{"line":20,"column":6},"end":{"line":20,"column":26}},"9":{"start":{"line":21,"column":6},"end":{"line":21,"column":22}},"10":{"start":{"line":23,"column":6},"end":{"line":23,"column":53}},"11":{"start":{"line":24,"column":6},"end":{"line":24,"column":67}},"12":{"start":{"line":29,"column":0},"end":{"line":29,"column":37}}},"fnMap":{"0":{"name":"(anonymous_0)","decl":{"start":{"line":4,"column":2},"end":{"line":4,"column":3}},"loc":{"start":{"line":4,"column":40},"end":{"line":26,"column":3}},"line":4}},"branchMap":{"0":{"loc":{"start":{"line":7,"column":6},"end":{"line":11,"column":7}},"type":"if","locations":[{"start":{"line":7,"column":6},"end":{"line":11,"column":7}},{"start":{},"end":{}}],"line":7},"1":{"loc":{"start":{"line":7,"column":10},"end":{"line":7,"column":57}},"type":"binary-expr","locations":[{"start":{"line":7,"column":10},"end":{"line":7,"column":14}},{"start":{"line":7,"column":18},"end":{"line":7,"column":37}},{"start":{"line":7,"column":41},"end":{"line":7,"column":57}}],"line":7}},"s":{"0":3,"1":0,"2":0,"3":0,"4":0,"5":0,"6":0,"7":0,"8":0,"9":0,"10":0,"11":0,"12":3},"f":{"0":0},"b":{"0":[0,0],"1":[0,0,0]},"_coverageSchema":"1a1c01bbd47fc00a2c39e90264f33305004495a9","hash":"0f93552bff0da3a914e6c2552e0f84a42747410e"}
,"/root/API-Maranguape/src/middlewares/auth.js": {"path":"/root/API-Maranguape/src/middlewares/auth.js","statementMap":{},"fnMap":{},"branchMap":{},"s":{},"f":{},"b":{}}
,"/root/API-Maranguape/src/middlewares/validate.js": {"path":"/root/API-Maranguape/src/middlewares/validate.js","statementMap":{"0":{"start":{"line":1,"column":17},"end":{"line":27,"column":1}},"1":{"start":{"line":1,"column":29},"end":{"line":27,"column":1}},"2":{"start":{"line":2,"column":2},"end":{"line":8,"column":3}},"3":{"start":{"line":7,"column":4},"end":{"line":7,"column":62}},"4":{"start":{"line":10,"column":2},"end":{"line":16,"column":3}},"5":{"start":{"line":15,"column":4},"end":{"line":15,"column":68}},"6":{"start":{"line":18,"column":20},"end":{"line":18,"column":45}},"7":{"start":{"line":20,"column":2},"end":{"line":25,"column":3}},"8":{"start":{"line":21,"column":4},"end":{"line":21,"column":47}},"9":{"start":{"line":22,"column":4},"end":{"line":24,"column":7}},"10":{"start":{"line":23,"column":42},"end":{"line":23,"column":53}},"11":{"start":{"line":26,"column":2},"end":{"line":26,"column":9}},"12":{"start":{"line":29,"column":0},"end":{"line":29,"column":30}}},"fnMap":{"0":{"name":"(anonymous_0)","decl":{"start":{"line":1,"column":17},"end":{"line":1,"column":18}},"loc":{"start":{"line":1,"column":29},"end":{"line":27,"column":1}},"line":1},"1":{"name":"(anonymous_1)","decl":{"start":{"line":1,"column":29},"end":{"line":1,"column":30}},"loc":{"start":{"line":1,"column":49},"end":{"line":27,"column":1}},"line":1},"2":{"name":"(anonymous_2)","decl":{"start":{"line":23,"column":33},"end":{"line":23,"column":34}},"loc":{"start":{"line":23,"column":42},"end":{"line":23,"column":53}},"line":23}},"branchMap":{"0":{"loc":{"start":{"line":2,"column":2},"end":{"line":8,"column":3}},"type":"if","locations":[{"start":{"line":2,"column":2},"end":{"line":8,"column":3}},{"start":{},"end":{}}],"line":2},"1":{"loc":{"start":{"line":3,"column":4},"end":{"line":5,"column":45}},"type":"binary-expr","locations":[{"start":{"line":3,"column":4},"end":{"line":3,"column":12}},{"start":{"line":4,"column":4},"end":{"line":4,"column":25}},{"start":{"line":5,"column":4},"end":{"line":5,"column":45}}],"line":3},"2":{"loc":{"start":{"line":10,"column":2},"end":{"line":16,"column":3}},"type":"if","locations":[{"start":{"line":10,"column":2},"end":{"line":16,"column":3}},{"start":{},"end":{}}],"line":10},"3":{"loc":{"start":{"line":11,"column":4},"end":{"line":13,"column":44}},"type":"binary-expr","locations":[{"start":{"line":11,"column":4},"end":{"line":11,"column":12}},{"start":{"line":12,"column":4},"end":{"line":12,"column":24}},{"start":{"line":13,"column":4},"end":{"line":13,"column":44}}],"line":11},"4":{"loc":{"start":{"line":15,"column":38},"end":{"line":15,"column":66}},"type":"binary-expr","locations":[{"start":{"line":15,"column":38},"end":{"line":15,"column":58}},{"start":{"line":15,"column":62},"end":{"line":15,"column":66}}],"line":15},"5":{"loc":{"start":{"line":20,"column":2},"end":{"line":25,"column":3}},"type":"if","locations":[{"start":{"line":20,"column":2},"end":{"line":25,"column":3}},{"start":{},"end":{}}],"line":20}},"s":{"0":3,"1":9,"2":3,"3":0,"4":3,"5":0,"6":3,"7":3,"8":0,"9":0,"10":0,"11":3,"12":3},"f":{"0":9,"1":3,"2":0},"b":{"0":[0,3],"1":[3,3,0],"2":[0,3],"3":[3,3,0],"4":[0,0],"5":[0,3]},"_coverageSchema":"1a1c01bbd47fc00a2c39e90264f33305004495a9","hash":"5f2b96bd2c842f5cf5bb51f874da60961cb297b7"}
,"/root/API-Maranguape/src/models/CargoComissionadoSchema.js": {"path":"/root/API-Maranguape/src/models/CargoComissionadoSchema.js","statementMap":{"0":{"start":{"line":1,"column":17},"end":{"line":1,"column":36}},"1":{"start":{"line":2,"column":23},"end":{"line":2,"column":75}},"2":{"start":{"line":4,"column":11},"end":{"line":4,"column":27}},"3":{"start":{"line":6,"column":20},"end":{"line":30,"column":2}},"4":{"start":{"line":32,"column":26},"end":{"line":32,"column":68}},"5":{"start":{"line":34,"column":0},"end":{"line":34,"column":35}}},"fnMap":{},"branchMap":{},"s":{"0":6,"1":6,"2":6,"3":6,"4":6,"5":6},"f":{},"b":{},"_coverageSchema":"1a1c01bbd47fc00a2c39e90264f33305004495a9","hash":"79cd697d1aca9ccb317c2e1af047a729c1e14cb0"}
,"/root/API-Maranguape/src/models/funcionariosSchema.js": {"path":"/root/API-Maranguape/src/models/funcionariosSchema.js","statementMap":{"0":{"start":{"line":1,"column":17},"end":{"line":1,"column":36}},"1":{"start":{"line":2,"column":23},"end":{"line":2,"column":75}},"2":{"start":{"line":4,"column":11},"end":{"line":4,"column":27}},"3":{"start":{"line":7,"column":26},"end":{"line":35,"column":2}},"4":{"start":{"line":37,"column":20},"end":{"line":37,"column":62}},"5":{"start":{"line":39,"column":0},"end":{"line":39,"column":29}}},"fnMap":{},"branchMap":{},"s":{"0":5,"1":5,"2":5,"3":5,"4":5,"5":5},"f":{},"b":{},"_coverageSchema":"1a1c01bbd47fc00a2c39e90264f33305004495a9","hash":"19661a354b6668a1a1a2051bb798b51bedf6f77e"}
,"/root/API-Maranguape/src/models/referenciasSchema.js": {"path":"/root/API-Maranguape/src/models/referenciasSchema.js","statementMap":{"0":{"start":{"line":1,"column":17},"end":{"line":1,"column":36}},"1":{"start":{"line":2,"column":23},"end":{"line":2,"column":75}},"2":{"start":{"line":4,"column":11},"end":{"line":4,"column":27}},"3":{"start":{"line":6,"column":24},"end":{"line":25,"column":2}},"4":{"start":{"line":27,"column":19},"end":{"line":27,"column":57}},"5":{"start":{"line":29,"column":0},"end":{"line":29,"column":28}}},"fnMap":{},"branchMap":{},"s":{"0":3,"1":3,"2":3,"3":3,"4":3,"5":3},"f":{},"b":{},"_coverageSchema":"1a1c01bbd47fc00a2c39e90264f33305004495a9","hash":"cfaab31a2cc325440114243c28ee21ee00fb1b64"}
,"/root/API-Maranguape/src/models/setoresSchema.js": {"path":"/root/API-Maranguape/src/models/setoresSchema.js","statementMap":{"0":{"start":{"line":1,"column":17},"end":{"line":1,"column":36}},"1":{"start":{"line":2,"column":23},"end":{"line":2,"column":75}},"2":{"start":{"line":4,"column":11},"end":{"line":4,"column":27}},"3":{"start":{"line":7,"column":20},"end":{"line":29,"column":2}},"4":{"start":{"line":21,"column":10},"end":{"line":21,"column":69}},"5":{"start":{"line":32,"column":0},"end":{"line":37,"column":3}},"6":{"start":{"line":33,"column":2},"end":{"line":35,"column":3}},"7":{"start":{"line":34,"column":4},"end":{"line":34,"column":27}},"8":{"start":{"line":36,"column":2},"end":{"line":36,"column":9}},"9":{"start":{"line":38,"column":14},"end":{"line":38,"column":44}},"10":{"start":{"line":40,"column":0},"end":{"line":40,"column":23}}},"fnMap":{"0":{"name":"(anonymous_0)","decl":{"start":{"line":20,"column":19},"end":{"line":20,"column":20}},"loc":{"start":{"line":20,"column":36},"end":{"line":22,"column":9}},"line":20},"1":{"name":"(anonymous_1)","decl":{"start":{"line":32,"column":24},"end":{"line":32,"column":25}},"loc":{"start":{"line":32,"column":40},"end":{"line":37,"column":1}},"line":32}},"branchMap":{"0":{"loc":{"start":{"line":21,"column":17},"end":{"line":21,"column":68}},"type":"binary-expr","locations":[{"start":{"line":21,"column":17},"end":{"line":21,"column":46}},{"start":{"line":21,"column":50},"end":{"line":21,"column":68}}],"line":21},"1":{"loc":{"start":{"line":33,"column":2},"end":{"line":35,"column":3}},"type":"if","locations":[{"start":{"line":33,"column":2},"end":{"line":35,"column":3}},{"start":{},"end":{}}],"line":33}},"s":{"0":9,"1":9,"2":9,"3":9,"4":0,"5":9,"6":0,"7":0,"8":0,"9":9,"10":9},"f":{"0":0,"1":0},"b":{"0":[0,0],"1":[0,0]},"_coverageSchema":"1a1c01bbd47fc00a2c39e90264f33305004495a9","hash":"79d4cbb0f63b8f08fad9517035648200baf094f7"}
,"/root/API-Maranguape/src/models/usuariosSchema.js": {"path":"/root/API-Maranguape/src/models/usuariosSchema.js","statementMap":{"0":{"start":{"line":1,"column":17},"end":{"line":1,"column":36}},"1":{"start":{"line":2,"column":19},"end":{"line":2,"column":71}},"2":{"start":{"line":3,"column":15},"end":{"line":3,"column":34}},"3":{"start":{"line":5,"column":11},"end":{"line":5,"column":23}},"4":{"start":{"line":7,"column":19},"end":{"line":12,"column":2}},"5":{"start":{"line":15,"column":0},"end":{"line":18,"column":2}},"6":{"start":{"line":16,"column":2},"end":{"line":16,"column":38}},"7":{"start":{"line":17,"column":2},"end":{"line":17,"column":64}},"8":{"start":{"line":20,"column":13},"end":{"line":20,"column":41}},"9":{"start":{"line":22,"column":0},"end":{"line":22,"column":22}}},"fnMap":{"0":{"name":"(anonymous_0)","decl":{"start":{"line":15,"column":37},"end":{"line":15,"column":38}},"loc":{"start":{"line":15,"column":68},"end":{"line":18,"column":1}},"line":15}},"branchMap":{},"s":{"0":3,"1":3,"2":3,"3":3,"4":3,"5":3,"6":0,"7":0,"8":3,"9":3},"f":{"0":0},"b":{},"_coverageSchema":"1a1c01bbd47fc00a2c39e90264f33305004495a9","hash":"fc59cdb0a8891efec8afda0af85876f024b2ce65"}
,"/root/API-Maranguape/src/repositories/FuncionariosRepository.js": {"path":"/root/API-Maranguape/src/repositories/FuncionariosRepository.js","statementMap":{"0":{"start":{"line":1,"column":20},"end":{"line":1,"column":59}},"1":{"start":{"line":2,"column":16},"end":{"line":2,"column":50}},"2":{"start":{"line":6,"column":4},"end":{"line":6,"column":37}},"3":{"start":{"line":10,"column":4},"end":{"line":10,"column":62}},"4":{"start":{"line":14,"column":4},"end":{"line":16,"column":14}},"5":{"start":{"line":20,"column":4},"end":{"line":49,"column":7}},"6":{"start":{"line":53,"column":4},"end":{"line":53,"column":40}},"7":{"start":{"line":57,"column":4},"end":{"line":57,"column":66}},"8":{"start":{"line":61,"column":4},"end":{"line":61,"column":61}},"9":{"start":{"line":65,"column":20},"end":{"line":65,"column":52}},"10":{"start":{"line":66,"column":4},"end":{"line":66,"column":31}},"11":{"start":{"line":68,"column":4},"end":{"line":83,"column":5}},"12":{"start":{"line":69,"column":25},"end":{"line":74,"column":9}},"13":{"start":{"line":69,"column":50},"end":{"line":74,"column":7}},"14":{"start":{"line":75,"column":6},"end":{"line":75,"column":59}},"15":{"start":{"line":77,"column":6},"end":{"line":77,"column":40}},"16":{"start":{"line":78,"column":6},"end":{"line":78,"column":27}},"17":{"start":{"line":80,"column":6},"end":{"line":80,"column":39}},"18":{"start":{"line":81,"column":6},"end":{"line":81,"column":27}},"19":{"start":{"line":82,"column":6},"end":{"line":82,"column":18}},"20":{"start":{"line":87,"column":4},"end":{"line":87,"column":23}},"21":{"start":{"line":91,"column":4},"end":{"line":91,"column":40}},"22":{"start":{"line":95,"column":4},"end":{"line":97,"column":7}},"23":{"start":{"line":101,"column":0},"end":{"line":101,"column":39}}},"fnMap":{"0":{"name":"(anonymous_0)","decl":{"start":{"line":5,"column":2},"end":{"line":5,"column":3}},"loc":{"start":{"line":5,"column":19},"end":{"line":7,"column":3}},"line":5},"1":{"name":"(anonymous_1)","decl":{"start":{"line":9,"column":2},"end":{"line":9,"column":3}},"loc":{"start":{"line":9,"column":28},"end":{"line":11,"column":3}},"line":9},"2":{"name":"(anonymous_2)","decl":{"start":{"line":13,"column":2},"end":{"line":13,"column":3}},"loc":{"start":{"line":13,"column":47},"end":{"line":17,"column":3}},"line":13},"3":{"name":"(anonymous_3)","decl":{"start":{"line":19,"column":2},"end":{"line":19,"column":3}},"loc":{"start":{"line":19,"column":51},"end":{"line":50,"column":3}},"line":19},"4":{"name":"(anonymous_4)","decl":{"start":{"line":52,"column":2},"end":{"line":52,"column":3}},"loc":{"start":{"line":52,"column":22},"end":{"line":54,"column":3}},"line":52},"5":{"name":"(anonymous_5)","decl":{"start":{"line":56,"column":2},"end":{"line":56,"column":3}},"loc":{"start":{"line":56,"column":32},"end":{"line":58,"column":3}},"line":56},"6":{"name":"(anonymous_6)","decl":{"start":{"line":60,"column":2},"end":{"line":60,"column":3}},"loc":{"start":{"line":60,"column":30},"end":{"line":62,"column":3}},"line":60},"7":{"name":"(anonymous_7)","decl":{"start":{"line":64,"column":2},"end":{"line":64,"column":3}},"loc":{"start":{"line":64,"column":56},"end":{"line":84,"column":3}},"line":64},"8":{"name":"(anonymous_8)","decl":{"start":{"line":69,"column":37},"end":{"line":69,"column":38}},"loc":{"start":{"line":69,"column":50},"end":{"line":74,"column":7}},"line":69},"9":{"name":"(anonymous_9)","decl":{"start":{"line":86,"column":2},"end":{"line":86,"column":3}},"loc":{"start":{"line":86,"column":20},"end":{"line":88,"column":3}},"line":86},"10":{"name":"(anonymous_10)","decl":{"start":{"line":90,"column":2},"end":{"line":90,"column":3}},"loc":{"start":{"line":90,"column":23},"end":{"line":92,"column":3}},"line":90},"11":{"name":"(anonymous_11)","decl":{"start":{"line":94,"column":2},"end":{"line":94,"column":3}},"loc":{"start":{"line":94,"column":32},"end":{"line":98,"column":3}},"line":94}},"branchMap":{},"s":{"0":5,"1":5,"2":0,"3":0,"4":0,"5":0,"6":0,"7":0,"8":0,"9":0,"10":0,"11":0,"12":0,"13":0,"14":0,"15":0,"16":0,"17":0,"18":0,"19":0,"20":0,"21":0,"22":0,"23":5},"f":{"0":0,"1":0,"2":0,"3":0,"4":0,"5":0,"6":0,"7":0,"8":0,"9":0,"10":0,"11":0},"b":{},"_coverageSchema":"1a1c01bbd47fc00a2c39e90264f33305004495a9","hash":"be690e2e2b23ac046c1d31312f79a9ca7490b99f"}
,"/root/API-Maranguape/src/repositories/SetorRepository.js": {"path":"/root/API-Maranguape/src/repositories/SetorRepository.js","statementMap":{"0":{"start":{"line":1,"column":17},"end":{"line":1,"column":36}},"1":{"start":{"line":2,"column":14},"end":{"line":2,"column":48}},"2":{"start":{"line":6,"column":4},"end":{"line":6,"column":30}},"3":{"start":{"line":10,"column":4},"end":{"line":10,"column":40}},"4":{"start":{"line":14,"column":4},"end":{"line":14,"column":46}},"5":{"start":{"line":18,"column":4},"end":{"line":18,"column":49}},"6":{"start":{"line":22,"column":4},"end":{"line":22,"column":60}},"7":{"start":{"line":26,"column":4},"end":{"line":26,"column":70}},"8":{"start":{"line":30,"column":21},"end":{"line":32,"column":10}},"9":{"start":{"line":34,"column":31},"end":{"line":47,"column":6}},"10":{"start":{"line":49,"column":27},"end":{"line":52,"column":6}},"11":{"start":{"line":49,"column":61},"end":{"line":52,"column":5}},"12":{"start":{"line":51,"column":34},"end":{"line":51,"column":39}},"13":{"start":{"line":53,"column":4},"end":{"line":53,"column":53}},"14":{"start":{"line":55,"column":4},"end":{"line":55,"column":68}},"15":{"start":{"line":59,"column":0},"end":{"line":59,"column":33}}},"fnMap":{"0":{"name":"(anonymous_0)","decl":{"start":{"line":5,"column":2},"end":{"line":5,"column":3}},"loc":{"start":{"line":5,"column":31},"end":{"line":7,"column":3}},"line":5},"1":{"name":"(anonymous_1)","decl":{"start":{"line":9,"column":2},"end":{"line":9,"column":3}},"loc":{"start":{"line":9,"column":28},"end":{"line":11,"column":3}},"line":9},"2":{"name":"(anonymous_2)","decl":{"start":{"line":13,"column":2},"end":{"line":13,"column":3}},"loc":{"start":{"line":13,"column":33},"end":{"line":15,"column":3}},"line":13},"3":{"name":"(anonymous_3)","decl":{"start":{"line":17,"column":2},"end":{"line":17,"column":3}},"loc":{"start":{"line":17,"column":38},"end":{"line":19,"column":3}},"line":17},"4":{"name":"(anonymous_4)","decl":{"start":{"line":21,"column":2},"end":{"line":21,"column":3}},"loc":{"start":{"line":21,"column":50},"end":{"line":23,"column":3}},"line":21},"5":{"name":"(anonymous_5)","decl":{"start":{"line":25,"column":2},"end":{"line":25,"column":3}},"loc":{"start":{"line":25,"column":36},"end":{"line":27,"column":3}},"line":25},"6":{"name":"(anonymous_6)","decl":{"start":{"line":29,"column":2},"end":{"line":29,"column":3}},"loc":{"start":{"line":29,"column":38},"end":{"line":56,"column":3}},"line":29},"7":{"name":"(anonymous_7)","decl":{"start":{"line":49,"column":54},"end":{"line":49,"column":55}},"loc":{"start":{"line":49,"column":61},"end":{"line":52,"column":5}},"line":49},"8":{"name":"(anonymous_8)","decl":{"start":{"line":51,"column":27},"end":{"line":51,"column":28}},"loc":{"start":{"line":51,"column":34},"end":{"line":51,"column":39}},"line":51}},"branchMap":{"0":{"loc":{"start":{"line":30,"column":21},"end":{"line":32,"column":10}},"type":"cond-expr","locations":[{"start":{"line":31,"column":8},"end":{"line":31,"column":39}},{"start":{"line":32,"column":8},"end":{"line":32,"column":10}}],"line":30}},"s":{"0":4,"1":4,"2":0,"3":0,"4":0,"5":0,"6":0,"7":0,"8":0,"9":0,"10":0,"11":0,"12":0,"13":0,"14":0,"15":4},"f":{"0":0,"1":0,"2":0,"3":0,"4":0,"5":0,"6":0,"7":0,"8":0},"b":{"0":[0,0]},"_coverageSchema":"1a1c01bbd47fc00a2c39e90264f33305004495a9","hash":"5407b0651706426c4aef8e8cf6fdcfacd95cd1c3"}
,"/root/API-Maranguape/src/repositories/cargoComissionadoRepository.js": {"path":"/root/API-Maranguape/src/repositories/cargoComissionadoRepository.js","statementMap":{"0":{"start":{"line":1,"column":26},"end":{"line":1,"column":70}},"1":{"start":{"line":5,"column":4},"end":{"line":5,"column":42}},"2":{"start":{"line":9,"column":4},"end":{"line":9,"column":60}},"3":{"start":{"line":13,"column":4},"end":{"line":17,"column":6}},"4":{"start":{"line":21,"column":0},"end":{"line":21,"column":45}}},"fnMap":{"0":{"name":"(anonymous_0)","decl":{"start":{"line":4,"column":2},"end":{"line":4,"column":3}},"loc":{"start":{"line":4,"column":29},"end":{"line":6,"column":3}},"line":4},"1":{"name":"(anonymous_1)","decl":{"start":{"line":8,"column":2},"end":{"line":8,"column":3}},"loc":{"start":{"line":8,"column":35},"end":{"line":10,"column":3}},"line":8},"2":{"name":"(anonymous_2)","decl":{"start":{"line":12,"column":2},"end":{"line":12,"column":3}},"loc":{"start":{"line":12,"column":48},"end":{"line":18,"column":3}},"line":12}},"branchMap":{},"s":{"0":6,"1":0,"2":0,"3":0,"4":6},"f":{"0":0,"1":0,"2":0},"b":{},"_coverageSchema":"1a1c01bbd47fc00a2c39e90264f33305004495a9","hash":"1b888ed947506f9bbafff1beb1a6f25c14eccf81"}
,"/root/API-Maranguape/src/routes/funcionariosRoutes.js": {"path":"/root/API-Maranguape/src/routes/funcionariosRoutes.js","statementMap":{"0":{"start":{"line":1,"column":16},"end":{"line":1,"column":34}},"1":{"start":{"line":2,"column":33},"end":{"line":2,"column":78}},"2":{"start":{"line":3,"column":21},"end":{"line":3,"column":55}},"3":{"start":{"line":4,"column":30},"end":{"line":4,"column":78}},"4":{"start":{"line":5,"column":28},"end":{"line":5,"column":73}},"5":{"start":{"line":6,"column":15},"end":{"line":6,"column":48}},"6":{"start":{"line":8,"column":15},"end":{"line":8,"column":31}},"7":{"start":{"line":10,"column":0},"end":{"line":10,"column":76}},"8":{"start":{"line":11,"column":0},"end":{"line":14,"column":2}},"9":{"start":{"line":15,"column":0},"end":{"line":18,"column":2}},"10":{"start":{"line":20,"column":0},"end":{"line":25,"column":2}},"11":{"start":{"line":26,"column":0},"end":{"line":31,"column":2}},"12":{"start":{"line":32,"column":0},"end":{"line":32,"column":66}},"13":{"start":{"line":33,"column":0},"end":{"line":36,"column":2}},"14":{"start":{"line":37,"column":0},"end":{"line":37,"column":76}},"15":{"start":{"line":38,"column":0},"end":{"line":41,"column":2}},"16":{"start":{"line":42,"column":0},"end":{"line":42,"column":64}},"17":{"start":{"line":44,"column":0},"end":{"line":44,"column":24}}},"fnMap":{},"branchMap":{},"s":{"0":3,"1":3,"2":3,"3":3,"4":3,"5":3,"6":3,"7":3,"8":3,"9":3,"10":3,"11":3,"12":3,"13":3,"14":3,"15":3,"16":3,"17":3},"f":{},"b":{},"_coverageSchema":"1a1c01bbd47fc00a2c39e90264f33305004495a9","hash":"6bcbf2c635947f3485f4c0195aa9b88d3f0bc7b0"}
,"/root/API-Maranguape/src/routes/referenciasRoutes.js": {"path":"/root/API-Maranguape/src/routes/referenciasRoutes.js","statementMap":{"0":{"start":{"line":1,"column":16},"end":{"line":1,"column":34}},"1":{"start":{"line":2,"column":15},"end":{"line":2,"column":31}},"2":{"start":{"line":3,"column":18},"end":{"line":3,"column":56}},"3":{"start":{"line":4,"column":14},"end":{"line":4,"column":46}},"4":{"start":{"line":6,"column":0},"end":{"line":48,"column":3}},"5":{"start":{"line":7,"column":45},"end":{"line":7,"column":53}},"6":{"start":{"line":10,"column":2},"end":{"line":15,"column":3}},"7":{"start":{"line":11,"column":4},"end":{"line":11,"column":61}},"8":{"start":{"line":12,"column":4},"end":{"line":14,"column":62}},"9":{"start":{"line":18,"column":2},"end":{"line":18,"column":28}},"10":{"start":{"line":19,"column":2},"end":{"line":19,"column":38}},"11":{"start":{"line":20,"column":2},"end":{"line":20,"column":30}},"12":{"start":{"line":21,"column":2},"end":{"line":21,"column":29}},"13":{"start":{"line":23,"column":2},"end":{"line":47,"column":3}},"14":{"start":{"line":25,"column":30},"end":{"line":25,"column":74}},"15":{"start":{"line":27,"column":4},"end":{"line":32,"column":5}},"16":{"start":{"line":28,"column":6},"end":{"line":28,"column":78}},"17":{"start":{"line":29,"column":6},"end":{"line":31,"column":9}},"18":{"start":{"line":35,"column":25},"end":{"line":35,"column":76}},"19":{"start":{"line":36,"column":4},"end":{"line":36,"column":30}},"20":{"start":{"line":39,"column":25},"end":{"line":39,"column":79}},"21":{"start":{"line":40,"column":4},"end":{"line":40,"column":36}},"22":{"start":{"line":41,"column":4},"end":{"line":41,"column":79}},"23":{"start":{"line":43,"column":4},"end":{"line":43,"column":76}},"24":{"start":{"line":45,"column":4},"end":{"line":45,"column":66}},"25":{"start":{"line":46,"column":4},"end":{"line":46,"column":71}},"26":{"start":{"line":51,"column":0},"end":{"line":73,"column":3}},"27":{"start":{"line":52,"column":2},"end":{"line":72,"column":3}},"28":{"start":{"line":54,"column":22},"end":{"line":54,"column":58}},"29":{"start":{"line":56,"column":4},"end":{"line":59,"column":5}},"30":{"start":{"line":57,"column":6},"end":{"line":57,"column":66}},"31":{"start":{"line":58,"column":6},"end":{"line":58,"column":62}},"32":{"start":{"line":62,"column":24},"end":{"line":62,"column":46}},"33":{"start":{"line":65,"column":4},"end":{"line":65,"column":78}},"34":{"start":{"line":67,"column":4},"end":{"line":67,"column":67}},"35":{"start":{"line":68,"column":4},"end":{"line":68,"column":30}},"36":{"start":{"line":70,"column":4},"end":{"line":70,"column":63}},"37":{"start":{"line":71,"column":4},"end":{"line":71,"column":68}},"38":{"start":{"line":76,"column":0},"end":{"line":97,"column":3}},"39":{"start":{"line":77,"column":17},"end":{"line":77,"column":27}},"40":{"start":{"line":79,"column":2},"end":{"line":96,"column":3}},"41":{"start":{"line":81,"column":22},"end":{"line":81,"column":59}},"42":{"start":{"line":83,"column":4},"end":{"line":85,"column":5}},"43":{"start":{"line":84,"column":6},"end":{"line":84,"column":77}},"44":{"start":{"line":88,"column":23},"end":{"line":88,"column":77}},"45":{"start":{"line":89,"column":4},"end":{"line":89,"column":75}},"46":{"start":{"line":89,"column":48},"end":{"line":89,"column":73}},"47":{"start":{"line":90,"column":4},"end":{"line":90,"column":79}},"48":{"start":{"line":92,"column":4},"end":{"line":92,"column":74}},"49":{"start":{"line":94,"column":4},"end":{"line":94,"column":64}},"50":{"start":{"line":95,"column":4},"end":{"line":95,"column":69}},"51":{"start":{"line":99,"column":0},"end":{"line":99,"column":24}}},"fnMap":{"0":{"name":"(anonymous_0)","decl":{"start":{"line":6,"column":35},"end":{"line":6,"column":36}},"loc":{"start":{"line":6,"column":55},"end":{"line":48,"column":1}},"line":6},"1":{"name":"(anonymous_1)","decl":{"start":{"line":51,"column":33},"end":{"line":51,"column":34}},"loc":{"start":{"line":51,"column":53},"end":{"line":73,"column":1}},"line":51},"2":{"name":"(anonymous_2)","decl":{"start":{"line":76,"column":40},"end":{"line":76,"column":41}},"loc":{"start":{"line":76,"column":60},"end":{"line":97,"column":1}},"line":76},"3":{"name":"(anonymous_3)","decl":{"start":{"line":89,"column":39},"end":{"line":89,"column":40}},"loc":{"start":{"line":89,"column":48},"end":{"line":89,"column":73}},"line":89}},"branchMap":{"0":{"loc":{"start":{"line":10,"column":2},"end":{"line":15,"column":3}},"type":"if","locations":[{"start":{"line":10,"column":2},"end":{"line":15,"column":3}},{"start":{},"end":{}}],"line":10},"1":{"loc":{"start":{"line":10,"column":6},"end":{"line":10,"column":25}},"type":"binary-expr","locations":[{"start":{"line":10,"column":6},"end":{"line":10,"column":11}},{"start":{"line":10,"column":15},"end":{"line":10,"column":25}}],"line":10},"2":{"loc":{"start":{"line":27,"column":4},"end":{"line":32,"column":5}},"type":"if","locations":[{"start":{"line":27,"column":4},"end":{"line":32,"column":5}},{"start":{},"end":{}}],"line":27},"3":{"loc":{"start":{"line":39,"column":25},"end":{"line":39,"column":79}},"type":"binary-expr","locations":[{"start":{"line":39,"column":25},"end":{"line":39,"column":73}},{"start":{"line":39,"column":77},"end":{"line":39,"column":79}}],"line":39},"4":{"loc":{"start":{"line":56,"column":4},"end":{"line":59,"column":5}},"type":"if","locations":[{"start":{"line":56,"column":4},"end":{"line":59,"column":5}},{"start":{},"end":{}}],"line":56},"5":{"loc":{"start":{"line":83,"column":4},"end":{"line":85,"column":5}},"type":"if","locations":[{"start":{"line":83,"column":4},"end":{"line":85,"column":5}},{"start":{},"end":{}}],"line":83},"6":{"loc":{"start":{"line":88,"column":23},"end":{"line":88,"column":77}},"type":"binary-expr","locations":[{"start":{"line":88,"column":23},"end":{"line":88,"column":71}},{"start":{"line":88,"column":75},"end":{"line":88,"column":77}}],"line":88}},"s":{"0":3,"1":3,"2":3,"3":3,"4":3,"5":0,"6":0,"7":0,"8":0,"9":0,"10":0,"11":0,"12":0,"13":0,"14":0,"15":0,"16":0,"17":0,"18":0,"19":0,"20":0,"21":0,"22":0,"23":0,"24":0,"25":0,"26":3,"27":0,"28":0,"29":0,"30":0,"31":0,"32":0,"33":0,"34":0,"35":0,"36":0,"37":0,"38":3,"39":0,"40":0,"41":0,"42":0,"43":0,"44":0,"45":0,"46":0,"47":0,"48":0,"49":0,"50":0,"51":3},"f":{"0":0,"1":0,"2":0,"3":0},"b":{"0":[0,0],"1":[0,0],"2":[0,0],"3":[0,0],"4":[0,0],"5":[0,0],"6":[0,0]},"_coverageSchema":"1a1c01bbd47fc00a2c39e90264f33305004495a9","hash":"e47247f45e79a26054618f2a0a4092c75b3867d3"}
,"/root/API-Maranguape/src/routes/setoresRoutes.js": {"path":"/root/API-Maranguape/src/routes/setoresRoutes.js","statementMap":{"0":{"start":{"line":1,"column":16},"end":{"line":1,"column":34}},"1":{"start":{"line":2,"column":15},"end":{"line":2,"column":31}},"2":{"start":{"line":3,"column":34},"end":{"line":3,"column":74}},"3":{"start":{"line":4,"column":21},"end":{"line":4,"column":55}},"4":{"start":{"line":5,"column":24},"end":{"line":5,"column":65}},"5":{"start":{"line":7,"column":0},"end":{"line":7,"column":79}},"6":{"start":{"line":8,"column":0},"end":{"line":8,"column":73}},"7":{"start":{"line":9,"column":0},"end":{"line":9,"column":59}},"8":{"start":{"line":10,"column":0},"end":{"line":10,"column":60}},"9":{"start":{"line":11,"column":0},"end":{"line":11,"column":55}},"10":{"start":{"line":12,"column":0},"end":{"line":12,"column":55}},"11":{"start":{"line":14,"column":0},"end":{"line":14,"column":24}}},"fnMap":{},"branchMap":{},"s":{"0":3,"1":3,"2":3,"3":3,"4":3,"5":3,"6":3,"7":3,"8":3,"9":3,"10":3,"11":3},"f":{},"b":{},"_coverageSchema":"1a1c01bbd47fc00a2c39e90264f33305004495a9","hash":"321374031405fc21d094b8ec2eeba39f1578ec61"}
,"/root/API-Maranguape/src/routes/usuariosRoute.js": {"path":"/root/API-Maranguape/src/routes/usuariosRoute.js","statementMap":{"0":{"start":{"line":1,"column":16},"end":{"line":1,"column":34}},"1":{"start":{"line":2,"column":15},"end":{"line":2,"column":31}},"2":{"start":{"line":3,"column":13},"end":{"line":3,"column":48}},"3":{"start":{"line":4,"column":12},"end":{"line":4,"column":35}},"4":{"start":{"line":6,"column":0},"end":{"line":52,"column":3}},"5":{"start":{"line":7,"column":27},"end":{"line":7,"column":35}},"6":{"start":{"line":9,"column":2},"end":{"line":51,"column":3}},"7":{"start":{"line":11,"column":4},"end":{"line":11,"column":30}},"8":{"start":{"line":12,"column":17},"end":{"line":12,"column":43}},"9":{"start":{"line":13,"column":4},"end":{"line":13,"column":22}},"10":{"start":{"line":14,"column":4},"end":{"line":18,"column":5}},"11":{"start":{"line":15,"column":6},"end":{"line":17,"column":64}},"12":{"start":{"line":21,"column":20},"end":{"line":21,"column":56}},"13":{"start":{"line":22,"column":4},"end":{"line":26,"column":5}},"14":{"start":{"line":23,"column":6},"end":{"line":25,"column":62}},"15":{"start":{"line":29,"column":18},"end":{"line":33,"column":5}},"16":{"start":{"line":36,"column":4},"end":{"line":41,"column":7}},"17":{"start":{"line":43,"column":4},"end":{"line":47,"column":7}},"18":{"start":{"line":49,"column":4},"end":{"line":49,"column":43}},"19":{"start":{"line":50,"column":4},"end":{"line":50,"column":66}},"20":{"start":{"line":54,"column":0},"end":{"line":65,"column":3}},"21":{"start":{"line":56,"column":2},"end":{"line":61,"column":5}},"22":{"start":{"line":64,"column":2},"end":{"line":64,"column":63}},"23":{"start":{"line":67,"column":0},"end":{"line":85,"column":3}},"24":{"start":{"line":68,"column":16},"end":{"line":68,"column":44}},"25":{"start":{"line":70,"column":2},"end":{"line":72,"column":3}},"26":{"start":{"line":71,"column":4},"end":{"line":71,"column":58}},"27":{"start":{"line":74,"column":2},"end":{"line":84,"column":3}},"28":{"start":{"line":75,"column":20},"end":{"line":75,"column":61}},"29":{"start":{"line":76,"column":4},"end":{"line":76,"column":25}},"30":{"start":{"line":77,"column":4},"end":{"line":81,"column":7}},"31":{"start":{"line":83,"column":4},"end":{"line":83,"column":58}},"32":{"start":{"line":87,"column":0},"end":{"line":87,"column":24}}},"fnMap":{"0":{"name":"(anonymous_0)","decl":{"start":{"line":6,"column":22},"end":{"line":6,"column":23}},"loc":{"start":{"line":6,"column":42},"end":{"line":52,"column":1}},"line":6},"1":{"name":"(anonymous_1)","decl":{"start":{"line":54,"column":23},"end":{"line":54,"column":24}},"loc":{"start":{"line":54,"column":37},"end":{"line":65,"column":1}},"line":54},"2":{"name":"(anonymous_2)","decl":{"start":{"line":67,"column":22},"end":{"line":67,"column":23}},"loc":{"start":{"line":67,"column":36},"end":{"line":85,"column":1}},"line":67}},"branchMap":{"0":{"loc":{"start":{"line":14,"column":4},"end":{"line":18,"column":5}},"type":"if","locations":[{"start":{"line":14,"column":4},"end":{"line":18,"column":5}},{"start":{},"end":{}}],"line":14},"1":{"loc":{"start":{"line":22,"column":4},"end":{"line":26,"column":5}},"type":"if","locations":[{"start":{"line":22,"column":4},"end":{"line":26,"column":5}},{"start":{},"end":{}}],"line":22},"2":{"loc":{"start":{"line":70,"column":2},"end":{"line":72,"column":3}},"type":"if","locations":[{"start":{"line":70,"column":2},"end":{"line":72,"column":3}},{"start":{},"end":{}}],"line":70}},"s":{"0":3,"1":3,"2":3,"3":3,"4":3,"5":0,"6":0,"7":0,"8":0,"9":0,"10":0,"11":0,"12":0,"13":0,"14":0,"15":0,"16":0,"17":0,"18":0,"19":0,"20":3,"21":0,"22":0,"23":3,"24":0,"25":0,"26":0,"27":0,"28":0,"29":0,"30":0,"31":0,"32":3},"f":{"0":0,"1":0,"2":0},"b":{"0":[0,0],"1":[0,0],"2":[0,0]},"_coverageSchema":"1a1c01bbd47fc00a2c39e90264f33305004495a9","hash":"6363661f2bb7cce54603a3b80aec9a78a3816a40"}
,"/root/API-Maranguape/src/services/CacheService.js": {"path":"/root/API-Maranguape/src/services/CacheService.js","statementMap":{"0":{"start":{"line":1,"column":20},"end":{"line":1,"column":52}},"1":{"start":{"line":5,"column":23},"end":{"line":5,"column":49}},"2":{"start":{"line":6,"column":4},"end":{"line":6,"column":50}},"3":{"start":{"line":6,"column":20},"end":{"line":6,"column":50}},"4":{"start":{"line":7,"column":22},"end":{"line":7,"column":43}},"5":{"start":{"line":8,"column":4},"end":{"line":8,"column":66}},"6":{"start":{"line":9,"column":4},"end":{"line":9,"column":21}},"7":{"start":{"line":13,"column":4},"end":{"line":15,"column":5}},"8":{"start":{"line":14,"column":6},"end":{"line":14,"column":50}},"9":{"start":{"line":16,"column":4},"end":{"line":16,"column":42}},"10":{"start":{"line":17,"column":4},"end":{"line":17,"column":48}},"11":{"start":{"line":21,"column":4},"end":{"line":24,"column":5}},"12":{"start":{"line":22,"column":6},"end":{"line":22,"column":65}},"13":{"start":{"line":23,"column":6},"end":{"line":23,"column":57}},"14":{"start":{"line":25,"column":4},"end":{"line":25,"column":48}},"15":{"start":{"line":26,"column":4},"end":{"line":26,"column":55}},"16":{"start":{"line":30,"column":0},"end":{"line":30,"column":30}}},"fnMap":{"0":{"name":"(anonymous_0)","decl":{"start":{"line":4,"column":2},"end":{"line":4,"column":3}},"loc":{"start":{"line":4,"column":49},"end":{"line":10,"column":3}},"line":4},"1":{"name":"(anonymous_1)","decl":{"start":{"line":12,"column":2},"end":{"line":12,"column":3}},"loc":{"start":{"line":12,"column":43},"end":{"line":18,"column":3}},"line":12},"2":{"name":"(anonymous_2)","decl":{"start":{"line":20,"column":2},"end":{"line":20,"column":3}},"loc":{"start":{"line":20,"column":50},"end":{"line":27,"column":3}},"line":20}},"branchMap":{"0":{"loc":{"start":{"line":6,"column":4},"end":{"line":6,"column":50}},"type":"if","locations":[{"start":{"line":6,"column":4},"end":{"line":6,"column":50}},{"start":{},"end":{}}],"line":6}},"s":{"0":8,"1":1,"2":1,"3":0,"4":1,"5":1,"6":1,"7":0,"8":0,"9":0,"10":0,"11":1,"12":1,"13":1,"14":1,"15":1,"16":8},"f":{"0":1,"1":0,"2":1},"b":{"0":[0,1]},"_coverageSchema":"1a1c01bbd47fc00a2c39e90264f33305004495a9","hash":"2c8a87c42b053d70aedcf75e5af8752327d3f8d0"}
,"/root/API-Maranguape/src/services/RelatorioService.js": {"path":"/root/API-Maranguape/src/services/RelatorioService.js","statementMap":{"0":{"start":{"line":1,"column":20},"end":{"line":1,"column":37}},"1":{"start":{"line":2,"column":13},"end":{"line":2,"column":28}},"2":{"start":{"line":3,"column":30},"end":{"line":3,"column":79}},"3":{"start":{"line":7,"column":4},"end":{"line":10,"column":7}},"4":{"start":{"line":14,"column":21},"end":{"line":14,"column":68}},"5":{"start":{"line":15,"column":4},"end":{"line":15,"column":66}},"6":{"start":{"line":17,"column":25},"end":{"line":17,"column":67}},"7":{"start":{"line":18,"column":30},"end":{"line":18,"column":71}},"8":{"start":{"line":20,"column":4},"end":{"line":24,"column":5}},"9":{"start":{"line":21,"column":6},"end":{"line":21,"column":57}},"10":{"start":{"line":23,"column":6},"end":{"line":23,"column":74}},"11":{"start":{"line":26,"column":4},"end":{"line":26,"column":20}},"12":{"start":{"line":30,"column":4},"end":{"line":35,"column":19}},"13":{"start":{"line":36,"column":4},"end":{"line":48,"column":49}},"14":{"start":{"line":52,"column":4},"end":{"line":57,"column":19}},"15":{"start":{"line":64,"column":8},"end":{"line":64,"column":59}},"16":{"start":{"line":66,"column":6},"end":{"line":66,"column":56}},"17":{"start":{"line":68,"column":4},"end":{"line":72,"column":18}},"18":{"start":{"line":73,"column":4},"end":{"line":87,"column":5}},"19":{"start":{"line":75,"column":8},"end":{"line":75,"column":65}},"20":{"start":{"line":75,"column":39},"end":{"line":75,"column":52}},"21":{"start":{"line":76,"column":29},"end":{"line":79,"column":18}},"22":{"start":{"line":80,"column":32},"end":{"line":80,"column":78}},"23":{"start":{"line":81,"column":6},"end":{"line":86,"column":10}},"24":{"start":{"line":88,"column":4},"end":{"line":88,"column":24}},"25":{"start":{"line":90,"column":4},"end":{"line":94,"column":18}},"26":{"start":{"line":95,"column":4},"end":{"line":99,"column":75}},"27":{"start":{"line":100,"column":4},"end":{"line":100,"column":24}},"28":{"start":{"line":102,"column":4},"end":{"line":106,"column":18}},"29":{"start":{"line":107,"column":4},"end":{"line":113,"column":5}},"30":{"start":{"line":108,"column":28},"end":{"line":108,"column":74}},"31":{"start":{"line":109,"column":6},"end":{"line":112,"column":55}},"32":{"start":{"line":117,"column":30},"end":{"line":120,"column":5}},"33":{"start":{"line":118,"column":18},"end":{"line":118,"column":38}},"34":{"start":{"line":121,"column":32},"end":{"line":124,"column":5}},"35":{"start":{"line":122,"column":18},"end":{"line":122,"column":40}},"36":{"start":{"line":125,"column":30},"end":{"line":125,"column":69}},"37":{"start":{"line":126,"column":32},"end":{"line":126,"column":73}},"38":{"start":{"line":128,"column":29},"end":{"line":131,"column":10}},"39":{"start":{"line":129,"column":6},"end":{"line":129,"column":55}},"40":{"start":{"line":130,"column":6},"end":{"line":130,"column":17}},"41":{"start":{"line":133,"column":25},"end":{"line":136,"column":10}},"42":{"start":{"line":134,"column":6},"end":{"line":134,"column":47}},"43":{"start":{"line":135,"column":6},"end":{"line":135,"column":17}},"44":{"start":{"line":138,"column":4},"end":{"line":143,"column":6}},"45":{"start":{"line":147,"column":0},"end":{"line":147,"column":40}}},"fnMap":{"0":{"name":"(anonymous_0)","decl":{"start":{"line":6,"column":2},"end":{"line":6,"column":3}},"loc":{"start":{"line":6,"column":16},"end":{"line":11,"column":3}},"line":6},"1":{"name":"(anonymous_1)","decl":{"start":{"line":13,"column":2},"end":{"line":13,"column":3}},"loc":{"start":{"line":13,"column":31},"end":{"line":27,"column":3}},"line":13},"2":{"name":"(anonymous_2)","decl":{"start":{"line":29,"column":2},"end":{"line":29,"column":3}},"loc":{"start":{"line":29,"column":44},"end":{"line":49,"column":3}},"line":29},"3":{"name":"(anonymous_3)","decl":{"start":{"line":51,"column":2},"end":{"line":51,"column":3}},"loc":{"start":{"line":51,"column":65},"end":{"line":114,"column":3}},"line":51},"4":{"name":"(anonymous_4)","decl":{"start":{"line":75,"column":32},"end":{"line":75,"column":33}},"loc":{"start":{"line":75,"column":39},"end":{"line":75,"column":52}},"line":75},"5":{"name":"(anonymous_5)","decl":{"start":{"line":116,"column":2},"end":{"line":116,"column":3}},"loc":{"start":{"line":116,"column":44},"end":{"line":144,"column":3}},"line":116},"6":{"name":"(anonymous_6)","decl":{"start":{"line":118,"column":6},"end":{"line":118,"column":7}},"loc":{"start":{"line":118,"column":18},"end":{"line":118,"column":38}},"line":118},"7":{"name":"(anonymous_7)","decl":{"start":{"line":122,"column":6},"end":{"line":122,"column":7}},"loc":{"start":{"line":122,"column":18},"end":{"line":122,"column":40}},"line":122},"8":{"name":"(anonymous_8)","decl":{"start":{"line":128,"column":49},"end":{"line":128,"column":50}},"loc":{"start":{"line":128,"column":61},"end":{"line":131,"column":5}},"line":128},"9":{"name":"(anonymous_9)","decl":{"start":{"line":133,"column":45},"end":{"line":133,"column":46}},"loc":{"start":{"line":133,"column":57},"end":{"line":136,"column":5}},"line":133}},"branchMap":{"0":{"loc":{"start":{"line":20,"column":4},"end":{"line":24,"column":5}},"type":"if","locations":[{"start":{"line":20,"column":4},"end":{"line":24,"column":5}},{"start":{"line":22,"column":11},"end":{"line":24,"column":5}}],"line":20},"1":{"loc":{"start":{"line":75,"column":8},"end":{"line":75,"column":65}},"type":"binary-expr","locations":[{"start":{"line":75,"column":8},"end":{"line":75,"column":60}},{"start":{"line":75,"column":64},"end":{"line":75,"column":65}}],"line":75},"2":{"loc":{"start":{"line":129,"column":27},"end":{"line":129,"column":49}},"type":"binary-expr","locations":[{"start":{"line":129,"column":27},"end":{"line":129,"column":44}},{"start":{"line":129,"column":48},"end":{"line":129,"column":49}}],"line":129},"3":{"loc":{"start":{"line":134,"column":23},"end":{"line":134,"column":41}},"type":"binary-expr","locations":[{"start":{"line":134,"column":23},"end":{"line":134,"column":36}},{"start":{"line":134,"column":40},"end":{"line":134,"column":41}}],"line":134}},"s":{"0":3,"1":3,"2":3,"3":3,"4":0,"5":0,"6":0,"7":0,"8":0,"9":0,"10":0,"11":0,"12":0,"13":0,"14":0,"15":0,"16":0,"17":0,"18":0,"19":0,"20":0,"21":0,"22":0,"23":0,"24":0,"25":0,"26":0,"27":0,"28":0,"29":0,"30":0,"31":0,"32":0,"33":0,"34":0,"35":0,"36":0,"37":0,"38":0,"39":0,"40":0,"41":0,"42":0,"43":0,"44":0,"45":3},"f":{"0":3,"1":0,"2":0,"3":0,"4":0,"5":0,"6":0,"7":0,"8":0,"9":0},"b":{"0":[0,0],"1":[0,0],"2":[0,0],"3":[0,0]},"_coverageSchema":"1a1c01bbd47fc00a2c39e90264f33305004495a9","hash":"a7d038c5c06156151064a5c105a678ce0df075d2"}
,"/root/API-Maranguape/src/services/SetorService.js": {"path":"/root/API-Maranguape/src/services/SetorService.js","statementMap":{"0":{"start":{"line":1,"column":24},"end":{"line":1,"column":66}},"1":{"start":{"line":2,"column":21},"end":{"line":2,"column":56}},"2":{"start":{"line":3,"column":25},"end":{"line":3,"column":61}},"3":{"start":{"line":7,"column":35},"end":{"line":7,"column":39}},"4":{"start":{"line":8,"column":18},"end":{"line":8,"column":70}},"5":{"start":{"line":9,"column":4},"end":{"line":9,"column":61}},"6":{"start":{"line":10,"column":4},"end":{"line":10,"column":17}},"7":{"start":{"line":14,"column":4},"end":{"line":18,"column":7}},"8":{"start":{"line":15,"column":22},"end":{"line":15,"column":59}},"9":{"start":{"line":16,"column":33},"end":{"line":16,"column":58}},"10":{"start":{"line":17,"column":6},"end":{"line":17,"column":32}},"11":{"start":{"line":22,"column":4},"end":{"line":24,"column":7}},"12":{"start":{"line":23,"column":6},"end":{"line":23,"column":53}},"13":{"start":{"line":28,"column":4},"end":{"line":34,"column":6}},"14":{"start":{"line":31,"column":27},"end":{"line":31,"column":71}},"15":{"start":{"line":32,"column":8},"end":{"line":32,"column":30}},"16":{"start":{"line":38,"column":18},"end":{"line":38,"column":60}},"17":{"start":{"line":39,"column":4},"end":{"line":39,"column":56}},"18":{"start":{"line":40,"column":4},"end":{"line":40,"column":17}},"19":{"start":{"line":44,"column":4},"end":{"line":44,"column":49}},"20":{"start":{"line":45,"column":4},"end":{"line":45,"column":46}},"21":{"start":{"line":49,"column":0},"end":{"line":49,"column":30}}},"fnMap":{"0":{"name":"(anonymous_0)","decl":{"start":{"line":6,"column":2},"end":{"line":6,"column":3}},"loc":{"start":{"line":6,"column":33},"end":{"line":11,"column":3}},"line":6},"1":{"name":"(anonymous_1)","decl":{"start":{"line":13,"column":2},"end":{"line":13,"column":3}},"loc":{"start":{"line":13,"column":39},"end":{"line":19,"column":3}},"line":13},"2":{"name":"(anonymous_2)","decl":{"start":{"line":14,"column":66},"end":{"line":14,"column":67}},"loc":{"start":{"line":14,"column":78},"end":{"line":18,"column":5}},"line":14},"3":{"name":"(anonymous_3)","decl":{"start":{"line":21,"column":2},"end":{"line":21,"column":3}},"loc":{"start":{"line":21,"column":32},"end":{"line":25,"column":3}},"line":21},"4":{"name":"(anonymous_4)","decl":{"start":{"line":22,"column":60},"end":{"line":22,"column":61}},"loc":{"start":{"line":22,"column":72},"end":{"line":24,"column":5}},"line":22},"5":{"name":"(anonymous_5)","decl":{"start":{"line":27,"column":2},"end":{"line":27,"column":3}},"loc":{"start":{"line":27,"column":37},"end":{"line":35,"column":3}},"line":27},"6":{"name":"(anonymous_6)","decl":{"start":{"line":30,"column":6},"end":{"line":30,"column":7}},"loc":{"start":{"line":30,"column":18},"end":{"line":33,"column":7}},"line":30},"7":{"name":"(anonymous_7)","decl":{"start":{"line":37,"column":2},"end":{"line":37,"column":3}},"loc":{"start":{"line":37,"column":37},"end":{"line":41,"column":3}},"line":37},"8":{"name":"(anonymous_8)","decl":{"start":{"line":43,"column":2},"end":{"line":43,"column":3}},"loc":{"start":{"line":43,"column":31},"end":{"line":46,"column":3}},"line":43}},"branchMap":{},"s":{"0":4,"1":4,"2":4,"3":2,"4":2,"5":2,"6":2,"7":0,"8":0,"9":0,"10":0,"11":2,"12":0,"13":2,"14":0,"15":0,"16":2,"17":2,"18":2,"19":2,"20":2,"21":4},"f":{"0":2,"1":0,"2":0,"3":2,"4":0,"5":2,"6":0,"7":2,"8":2},"b":{},"_coverageSchema":"1a1c01bbd47fc00a2c39e90264f33305004495a9","hash":"1287135fb67147b7b5ca22f3bf92638f0d319bf6"}
,"/root/API-Maranguape/src/services/cargoComissionadoService.js": {"path":"/root/API-Maranguape/src/services/cargoComissionadoService.js","statementMap":{"0":{"start":{"line":1,"column":36},"end":{"line":1,"column":90}},"1":{"start":{"line":2,"column":21},"end":{"line":2,"column":56}},"2":{"start":{"line":6,"column":4},"end":{"line":11,"column":6}},"3":{"start":{"line":9,"column":8},"end":{"line":9,"column":63}},"4":{"start":{"line":15,"column":0},"end":{"line":15,"column":42}}},"fnMap":{"0":{"name":"(anonymous_0)","decl":{"start":{"line":5,"column":2},"end":{"line":5,"column":3}},"loc":{"start":{"line":5,"column":30},"end":{"line":12,"column":3}},"line":5},"1":{"name":"(anonymous_1)","decl":{"start":{"line":8,"column":6},"end":{"line":8,"column":7}},"loc":{"start":{"line":8,"column":18},"end":{"line":10,"column":7}},"line":8}},"branchMap":{},"s":{"0":4,"1":4,"2":0,"3":0,"4":4},"f":{"0":0,"1":0},"b":{},"_coverageSchema":"1a1c01bbd47fc00a2c39e90264f33305004495a9","hash":"4554c0c11ba14526c0f5fdaad05dadab6ef95afb"}
,"/root/API-Maranguape/src/services/funcionariosService.js": {"path":"/root/API-Maranguape/src/services/funcionariosService.js","statementMap":{"0":{"start":{"line":1,"column":17},"end":{"line":1,"column":36}},"1":{"start":{"line":2,"column":30},"end":{"line":2,"column":79}},"2":{"start":{"line":3,"column":26},"end":{"line":3,"column":80}},"3":{"start":{"line":4,"column":21},"end":{"line":4,"column":56}},"4":{"start":{"line":5,"column":17},"end":{"line":5,"column":45}},"5":{"start":{"line":6,"column":22},"end":{"line":6,"column":55}},"6":{"start":{"line":8,"column":19},"end":{"line":8,"column":22}},"7":{"start":{"line":12,"column":4},"end":{"line":26,"column":7}},"8":{"start":{"line":13,"column":27},"end":{"line":13,"column":64}},"9":{"start":{"line":15,"column":6},"end":{"line":25,"column":8}},"10":{"start":{"line":16,"column":49},"end":{"line":24,"column":9}},"11":{"start":{"line":29,"column":4},"end":{"line":51,"column":6}},"12":{"start":{"line":32,"column":25},"end":{"line":34,"column":27}},"13":{"start":{"line":37,"column":10},"end":{"line":37,"column":67}},"14":{"start":{"line":39,"column":8},"end":{"line":49,"column":10}},"15":{"start":{"line":40,"column":51},"end":{"line":48,"column":11}},"16":{"start":{"line":55,"column":21},"end":{"line":57,"column":15}},"17":{"start":{"line":60,"column":6},"end":{"line":60,"column":70}},"18":{"start":{"line":62,"column":4},"end":{"line":72,"column":6}},"19":{"start":{"line":63,"column":47},"end":{"line":71,"column":7}},"20":{"start":{"line":76,"column":23},"end":{"line":78,"column":12}},"21":{"start":{"line":79,"column":26},"end":{"line":81,"column":12}},"22":{"start":{"line":83,"column":4},"end":{"line":91,"column":5}},"23":{"start":{"line":84,"column":20},"end":{"line":84,"column":74}},"24":{"start":{"line":86,"column":6},"end":{"line":88,"column":7}},"25":{"start":{"line":87,"column":8},"end":{"line":87,"column":78}},"26":{"start":{"line":90,"column":6},"end":{"line":90,"column":71}},"27":{"start":{"line":93,"column":30},"end":{"line":97,"column":6}},"28":{"start":{"line":99,"column":4},"end":{"line":101,"column":6}},"29":{"start":{"line":103,"column":4},"end":{"line":111,"column":6}},"30":{"start":{"line":115,"column":19},"end":{"line":115,"column":25}},"31":{"start":{"line":117,"column":33},"end":{"line":117,"column":74}},"32":{"start":{"line":118,"column":4},"end":{"line":119,"column":76}},"33":{"start":{"line":119,"column":6},"end":{"line":119,"column":76}},"34":{"start":{"line":121,"column":23},"end":{"line":121,"column":34}},"35":{"start":{"line":122,"column":25},"end":{"line":122,"column":38}},"36":{"start":{"line":123,"column":25},"end":{"line":123,"column":56}},"37":{"start":{"line":124,"column":27},"end":{"line":124,"column":60}},"38":{"start":{"line":126,"column":4},"end":{"line":133,"column":5}},"39":{"start":{"line":127,"column":6},"end":{"line":132,"column":8}},"40":{"start":{"line":135,"column":23},"end":{"line":137,"column":33}},"41":{"start":{"line":138,"column":26},"end":{"line":140,"column":36}},"42":{"start":{"line":142,"column":34},"end":{"line":146,"column":6}},"43":{"start":{"line":147,"column":4},"end":{"line":149,"column":6}},"44":{"start":{"line":151,"column":4},"end":{"line":162,"column":6}},"45":{"start":{"line":166,"column":4},"end":{"line":221,"column":5}},"46":{"start":{"line":167,"column":30},"end":{"line":167,"column":39}},"47":{"start":{"line":168,"column":28},"end":{"line":168,"column":30}},"48":{"start":{"line":169,"column":34},"end":{"line":169,"column":43}},"49":{"start":{"line":170,"column":38},"end":{"line":170,"column":39}},"50":{"start":{"line":172,"column":6},"end":{"line":196,"column":7}},"51":{"start":{"line":172,"column":19},"end":{"line":172,"column":20}},"52":{"start":{"line":173,"column":22},"end":{"line":173,"column":54}},"53":{"start":{"line":175,"column":8},"end":{"line":195,"column":10}},"54":{"start":{"line":177,"column":33},"end":{"line":177,"column":77}},"55":{"start":{"line":179,"column":12},"end":{"line":181,"column":21}},"56":{"start":{"line":180,"column":21},"end":{"line":180,"column":50}},"57":{"start":{"line":183,"column":12},"end":{"line":191,"column":15}},"58":{"start":{"line":184,"column":14},"end":{"line":186,"column":15}},"59":{"start":{"line":185,"column":16},"end":{"line":185,"column":56}},"60":{"start":{"line":188,"column":14},"end":{"line":190,"column":15}},"61":{"start":{"line":189,"column":16},"end":{"line":189,"column":53}},"62":{"start":{"line":193,"column":12},"end":{"line":193,"column":60}},"63":{"start":{"line":198,"column":6},"end":{"line":198,"column":39}},"64":{"start":{"line":200,"column":6},"end":{"line":208,"column":7}},"65":{"start":{"line":201,"column":22},"end":{"line":201,"column":71}},"66":{"start":{"line":202,"column":8},"end":{"line":207,"column":9}},"67":{"start":{"line":203,"column":10},"end":{"line":206,"column":12}},"68":{"start":{"line":210,"column":6},"end":{"line":212,"column":7}},"69":{"start":{"line":211,"column":8},"end":{"line":211,"column":73}},"70":{"start":{"line":214,"column":6},"end":{"line":217,"column":8}},"71":{"start":{"line":219,"column":6},"end":{"line":219,"column":56}},"72":{"start":{"line":220,"column":6},"end":{"line":220,"column":65}},"73":{"start":{"line":225,"column":18},"end":{"line":225,"column":64}},"74":{"start":{"line":226,"column":24},"end":{"line":228,"column":25}},"75":{"start":{"line":227,"column":18},"end":{"line":227,"column":45}},"76":{"start":{"line":228,"column":22},"end":{"line":228,"column":24}},"77":{"start":{"line":230,"column":4},"end":{"line":230,"column":73}},"78":{"start":{"line":232,"column":4},"end":{"line":232,"column":65}},"79":{"start":{"line":234,"column":4},"end":{"line":234,"column":52}},"80":{"start":{"line":238,"column":17},"end":{"line":238,"column":62}},"81":{"start":{"line":240,"column":4},"end":{"line":242,"column":5}},"82":{"start":{"line":241,"column":6},"end":{"line":241,"column":49}},"83":{"start":{"line":244,"column":4},"end":{"line":244,"column":35}},"84":{"start":{"line":245,"column":31},"end":{"line":245,"column":69}},"85":{"start":{"line":248,"column":4},"end":{"line":248,"column":69}},"86":{"start":{"line":250,"column":4},"end":{"line":250,"column":30}},"87":{"start":{"line":254,"column":0},"end":{"line":254,"column":36}}},"fnMap":{"0":{"name":"(anonymous_0)","decl":{"start":{"line":11,"column":2},"end":{"line":11,"column":3}},"loc":{"start":{"line":11,"column":36},"end":{"line":27,"column":3}},"line":11},"1":{"name":"(anonymous_1)","decl":{"start":{"line":12,"column":66},"end":{"line":12,"column":67}},"loc":{"start":{"line":12,"column":78},"end":{"line":26,"column":5}},"line":12},"2":{"name":"(anonymous_2)","decl":{"start":{"line":16,"column":25},"end":{"line":16,"column":26}},"loc":{"start":{"line":16,"column":49},"end":{"line":24,"column":9}},"line":16},"3":{"name":"(anonymous_3)","decl":{"start":{"line":28,"column":2},"end":{"line":28,"column":3}},"loc":{"start":{"line":28,"column":67},"end":{"line":52,"column":3}},"line":28},"4":{"name":"(anonymous_4)","decl":{"start":{"line":31,"column":6},"end":{"line":31,"column":7}},"loc":{"start":{"line":31,"column":18},"end":{"line":50,"column":7}},"line":31},"5":{"name":"(anonymous_5)","decl":{"start":{"line":40,"column":27},"end":{"line":40,"column":28}},"loc":{"start":{"line":40,"column":51},"end":{"line":48,"column":11}},"line":40},"6":{"name":"(anonymous_6)","decl":{"start":{"line":54,"column":2},"end":{"line":54,"column":3}},"loc":{"start":{"line":54,"column":51},"end":{"line":73,"column":3}},"line":54},"7":{"name":"(anonymous_7)","decl":{"start":{"line":63,"column":23},"end":{"line":63,"column":24}},"loc":{"start":{"line":63,"column":47},"end":{"line":71,"column":7}},"line":63},"8":{"name":"(anonymous_8)","decl":{"start":{"line":75,"column":2},"end":{"line":75,"column":3}},"loc":{"start":{"line":75,"column":38},"end":{"line":112,"column":3}},"line":75},"9":{"name":"(anonymous_9)","decl":{"start":{"line":114,"column":2},"end":{"line":114,"column":3}},"loc":{"start":{"line":114,"column":44},"end":{"line":163,"column":3}},"line":114},"10":{"name":"(anonymous_10)","decl":{"start":{"line":165,"column":2},"end":{"line":165,"column":3}},"loc":{"start":{"line":165,"column":36},"end":{"line":222,"column":3}},"line":165},"11":{"name":"(anonymous_11)","decl":{"start":{"line":176,"column":11},"end":{"line":176,"column":12}},"loc":{"start":{"line":176,"column":23},"end":{"line":194,"column":11}},"line":176},"12":{"name":"(anonymous_12)","decl":{"start":{"line":180,"column":14},"end":{"line":180,"column":15}},"loc":{"start":{"line":180,"column":21},"end":{"line":180,"column":50}},"line":180},"13":{"name":"(anonymous_13)","decl":{"start":{"line":183,"column":33},"end":{"line":183,"column":34}},"loc":{"start":{"line":183,"column":43},"end":{"line":191,"column":13}},"line":183},"14":{"name":"(anonymous_14)","decl":{"start":{"line":224,"column":2},"end":{"line":224,"column":3}},"loc":{"start":{"line":224,"column":56},"end":{"line":235,"column":3}},"line":224},"15":{"name":"(anonymous_15)","decl":{"start":{"line":227,"column":11},"end":{"line":227,"column":12}},"loc":{"start":{"line":227,"column":18},"end":{"line":227,"column":45}},"line":227},"16":{"name":"(anonymous_16)","decl":{"start":{"line":228,"column":14},"end":{"line":228,"column":15}},"loc":{"start":{"line":228,"column":22},"end":{"line":228,"column":24}},"line":228},"17":{"name":"(anonymous_17)","decl":{"start":{"line":237,"column":2},"end":{"line":237,"column":3}},"loc":{"start":{"line":237,"column":54},"end":{"line":251,"column":3}},"line":237}},"branchMap":{"0":{"loc":{"start":{"line":18,"column":19},"end":{"line":20,"column":18}},"type":"cond-expr","locations":[{"start":{"line":19,"column":14},"end":{"line":19,"column":66}},{"start":{"line":20,"column":14},"end":{"line":20,"column":18}}],"line":18},"1":{"loc":{"start":{"line":21,"column":22},"end":{"line":23,"column":18}},"type":"cond-expr","locations":[{"start":{"line":22,"column":14},"end":{"line":22,"column":69}},{"start":{"line":23,"column":14},"end":{"line":23,"column":18}}],"line":21},"2":{"loc":{"start":{"line":32,"column":25},"end":{"line":34,"column":27}},"type":"cond-expr","locations":[{"start":{"line":33,"column":12},"end":{"line":33,"column":56}},{"start":{"line":34,"column":12},"end":{"line":34,"column":27}}],"line":32},"3":{"loc":{"start":{"line":42,"column":21},"end":{"line":44,"column":20}},"type":"cond-expr","locations":[{"start":{"line":43,"column":16},"end":{"line":43,"column":68}},{"start":{"line":44,"column":16},"end":{"line":44,"column":20}}],"line":42},"4":{"loc":{"start":{"line":45,"column":24},"end":{"line":47,"column":20}},"type":"cond-expr","locations":[{"start":{"line":46,"column":16},"end":{"line":46,"column":71}},{"start":{"line":47,"column":16},"end":{"line":47,"column":20}}],"line":45},"5":{"loc":{"start":{"line":55,"column":21},"end":{"line":57,"column":15}},"type":"cond-expr","locations":[{"start":{"line":56,"column":8},"end":{"line":56,"column":44}},{"start":{"line":57,"column":8},"end":{"line":57,"column":15}}],"line":55},"6":{"loc":{"start":{"line":65,"column":17},"end":{"line":67,"column":16}},"type":"cond-expr","locations":[{"start":{"line":66,"column":12},"end":{"line":66,"column":64}},{"start":{"line":67,"column":12},"end":{"line":67,"column":16}}],"line":65},"7":{"loc":{"start":{"line":68,"column":20},"end":{"line":70,"column":16}},"type":"cond-expr","locations":[{"start":{"line":69,"column":12},"end":{"line":69,"column":67}},{"start":{"line":70,"column":12},"end":{"line":70,"column":16}}],"line":68},"8":{"loc":{"start":{"line":76,"column":23},"end":{"line":78,"column":12}},"type":"cond-expr","locations":[{"start":{"line":77,"column":8},"end":{"line":77,"column":61}},{"start":{"line":78,"column":8},"end":{"line":78,"column":12}}],"line":76},"9":{"loc":{"start":{"line":79,"column":26},"end":{"line":81,"column":12}},"type":"cond-expr","locations":[{"start":{"line":80,"column":8},"end":{"line":80,"column":67}},{"start":{"line":81,"column":8},"end":{"line":81,"column":12}}],"line":79},"10":{"loc":{"start":{"line":83,"column":4},"end":{"line":91,"column":5}},"type":"if","locations":[{"start":{"line":83,"column":4},"end":{"line":91,"column":5}},{"start":{},"end":{}}],"line":83},"11":{"loc":{"start":{"line":86,"column":6},"end":{"line":88,"column":7}},"type":"if","locations":[{"start":{"line":86,"column":6},"end":{"line":88,"column":7}},{"start":{},"end":{}}],"line":86},"12":{"loc":{"start":{"line":105,"column":15},"end":{"line":107,"column":14}},"type":"cond-expr","locations":[{"start":{"line":106,"column":10},"end":{"line":106,"column":56}},{"start":{"line":107,"column":10},"end":{"line":107,"column":14}}],"line":105},"13":{"loc":{"start":{"line":108,"column":18},"end":{"line":110,"column":14}},"type":"cond-expr","locations":[{"start":{"line":109,"column":10},"end":{"line":109,"column":59}},{"start":{"line":110,"column":10},"end":{"line":110,"column":14}}],"line":108},"14":{"loc":{"start":{"line":118,"column":4},"end":{"line":119,"column":76}},"type":"if","locations":[{"start":{"line":118,"column":4},"end":{"line":119,"column":76}},{"start":{},"end":{}}],"line":118},"15":{"loc":{"start":{"line":126,"column":4},"end":{"line":133,"column":5}},"type":"if","locations":[{"start":{"line":126,"column":4},"end":{"line":133,"column":5}},{"start":{},"end":{}}],"line":126},"16":{"loc":{"start":{"line":135,"column":23},"end":{"line":137,"column":33}},"type":"cond-expr","locations":[{"start":{"line":136,"column":8},"end":{"line":136,"column":57}},{"start":{"line":137,"column":8},"end":{"line":137,"column":33}}],"line":135},"17":{"loc":{"start":{"line":138,"column":26},"end":{"line":140,"column":36}},"type":"cond-expr","locations":[{"start":{"line":139,"column":8},"end":{"line":139,"column":63}},{"start":{"line":140,"column":8},"end":{"line":140,"column":36}}],"line":138},"18":{"loc":{"start":{"line":155,"column":17},"end":{"line":157,"column":16}},"type":"cond-expr","locations":[{"start":{"line":156,"column":12},"end":{"line":156,"column":58}},{"start":{"line":157,"column":12},"end":{"line":157,"column":16}}],"line":155},"19":{"loc":{"start":{"line":158,"column":20},"end":{"line":160,"column":16}},"type":"cond-expr","locations":[{"start":{"line":159,"column":12},"end":{"line":159,"column":61}},{"start":{"line":160,"column":12},"end":{"line":160,"column":16}}],"line":158},"20":{"loc":{"start":{"line":184,"column":14},"end":{"line":186,"column":15}},"type":"if","locations":[{"start":{"line":184,"column":14},"end":{"line":186,"column":15}},{"start":{},"end":{}}],"line":184},"21":{"loc":{"start":{"line":188,"column":14},"end":{"line":190,"column":15}},"type":"if","locations":[{"start":{"line":188,"column":14},"end":{"line":190,"column":15}},{"start":{},"end":{}}],"line":188},"22":{"loc":{"start":{"line":188,"column":18},"end":{"line":188,"column":65}},"type":"binary-expr","locations":[{"start":{"line":188,"column":18},"end":{"line":188,"column":50}},{"start":{"line":188,"column":54},"end":{"line":188,"column":65}}],"line":188},"23":{"loc":{"start":{"line":202,"column":8},"end":{"line":207,"column":9}},"type":"if","locations":[{"start":{"line":202,"column":8},"end":{"line":207,"column":9}},{"start":{},"end":{}}],"line":202},"24":{"loc":{"start":{"line":210,"column":6},"end":{"line":212,"column":7}},"type":"if","locations":[{"start":{"line":210,"column":6},"end":{"line":212,"column":7}},{"start":{},"end":{}}],"line":210},"25":{"loc":{"start":{"line":240,"column":4},"end":{"line":242,"column":5}},"type":"if","locations":[{"start":{"line":240,"column":4},"end":{"line":242,"column":5}},{"start":{},"end":{}}],"line":240}},"s":{"0":5,"1":5,"2":5,"3":5,"4":5,"5":5,"6":5,"7":1,"8":1,"9":1,"10":1,"11":0,"12":0,"13":0,"14":0,"15":0,"16":0,"17":0,"18":0,"19":0,"20":1,"21":1,"22":1,"23":0,"24":0,"25":0,"26":0,"27":1,"28":1,"29":1,"30":1,"31":1,"32":1,"33":1,"34":0,"35":0,"36":0,"37":0,"38":0,"39":0,"40":0,"41":0,"42":0,"43":0,"44":0,"45":0,"46":0,"47":0,"48":0,"49":0,"50":0,"51":0,"52":0,"53":0,"54":0,"55":0,"56":0,"57":0,"58":0,"59":0,"60":0,"61":0,"62":0,"63":0,"64":0,"65":0,"66":0,"67":0,"68":0,"69":0,"70":0,"71":0,"72":0,"73":0,"74":0,"75":0,"76":0,"77":0,"78":0,"79":0,"80":0,"81":0,"82":0,"83":0,"84":0,"85":0,"86":0,"87":5},"f":{"0":1,"1":1,"2":1,"3":0,"4":0,"5":0,"6":0,"7":0,"8":1,"9":1,"10":0,"11":0,"12":0,"13":0,"14":0,"15":0,"16":0,"17":0},"b":{"0":[0,1],"1":[0,1],"2":[0,0],"3":[0,0],"4":[0,0],"5":[0,0],"6":[0,0],"7":[0,0],"8":[0,1],"9":[0,1],"10":[0,1],"11":[0,0],"12":[0,0],"13":[0,0],"14":[1,0],"15":[0,0],"16":[0,0],"17":[0,0],"18":[0,0],"19":[0,0],"20":[0,0],"21":[0,0],"22":[0,0],"23":[0,0],"24":[0,0],"25":[0,0]},"_coverageSchema":"1a1c01bbd47fc00a2c39e90264f33305004495a9","hash":"8568dd2ad594ee2b2aa598284a928940e1a856f9"}
,"/root/API-Maranguape/src/utils/LimiteService.js": {"path":"/root/API-Maranguape/src/utils/LimiteService.js","statementMap":{"0":{"start":{"line":1,"column":24},"end":{"line":1,"column":78}},"1":{"start":{"line":10,"column":39},"end":{"line":13,"column":6}},"2":{"start":{"line":15,"column":4},"end":{"line":18,"column":5}},"3":{"start":{"line":16,"column":25},"end":{"line":16,"column":55}},"4":{"start":{"line":17,"column":6},"end":{"line":17,"column":70}},"5":{"start":{"line":20,"column":4},"end":{"line":23,"column":5}},"6":{"start":{"line":21,"column":25},"end":{"line":21,"column":53}},"7":{"start":{"line":22,"column":6},"end":{"line":22,"column":68}},"8":{"start":{"line":27,"column":0},"end":{"line":27,"column":31}}},"fnMap":{"0":{"name":"(anonymous_0)","decl":{"start":{"line":4,"column":2},"end":{"line":4,"column":3}},"loc":{"start":{"line":9,"column":4},"end":{"line":24,"column":3}},"line":9}},"branchMap":{"0":{"loc":{"start":{"line":15,"column":4},"end":{"line":18,"column":5}},"type":"if","locations":[{"start":{"line":15,"column":4},"end":{"line":18,"column":5}},{"start":{},"end":{}}],"line":15},"1":{"loc":{"start":{"line":16,"column":26},"end":{"line":16,"column":50}},"type":"binary-expr","locations":[{"start":{"line":16,"column":26},"end":{"line":16,"column":45}},{"start":{"line":16,"column":49},"end":{"line":16,"column":50}}],"line":16},"2":{"loc":{"start":{"line":20,"column":4},"end":{"line":23,"column":5}},"type":"if","locations":[{"start":{"line":20,"column":4},"end":{"line":23,"column":5}},{"start":{},"end":{}}],"line":20},"3":{"loc":{"start":{"line":21,"column":26},"end":{"line":21,"column":48}},"type":"binary-expr","locations":[{"start":{"line":21,"column":26},"end":{"line":21,"column":43}},{"start":{"line":21,"column":47},"end":{"line":21,"column":48}}],"line":21}},"s":{"0":5,"1":0,"2":0,"3":0,"4":0,"5":0,"6":0,"7":0,"8":5},"f":{"0":0},"b":{"0":[0,0],"1":[0,0],"2":[0,0],"3":[0,0]},"_coverageSchema":"1a1c01bbd47fc00a2c39e90264f33305004495a9","hash":"adde95d92070d3e4763cddea7a35f7e973c705ca"}
,"/root/API-Maranguape/src/utils/Logger.js": {"path":"/root/API-Maranguape/src/utils/Logger.js","statementMap":{"0":{"start":{"line":3,"column":4},"end":{"line":3,"column":40}},"1":{"start":{"line":7,"column":0},"end":{"line":7,"column":24}}},"fnMap":{"0":{"name":"(anonymous_0)","decl":{"start":{"line":2,"column":2},"end":{"line":2,"column":3}},"loc":{"start":{"line":2,"column":31},"end":{"line":4,"column":3}},"line":2}},"branchMap":{},"s":{"0":0,"1":4},"f":{"0":0},"b":{},"_coverageSchema":"1a1c01bbd47fc00a2c39e90264f33305004495a9","hash":"43753d218781ac702c6dfc538f83599892af00dc"}
,"/root/API-Maranguape/src/utils/awsUtils.js": {"path":"/root/API-Maranguape/src/utils/awsUtils.js","statementMap":{"0":{"start":{"line":1,"column":47},"end":{"line":1,"column":76}},"1":{"start":{"line":2,"column":25},"end":{"line":2,"column":65}},"2":{"start":{"line":3,"column":17},"end":{"line":3,"column":41}},"3":{"start":{"line":4,"column":14},"end":{"line":4,"column":30}},"4":{"start":{"line":8,"column":4},"end":{"line":18,"column":5}},"5":{"start":{"line":9,"column":22},"end":{"line":12,"column":8}},"6":{"start":{"line":14,"column":6},"end":{"line":14,"column":72}},"7":{"start":{"line":16,"column":6},"end":{"line":16,"column":62}},"8":{"start":{"line":17,"column":6},"end":{"line":17,"column":18}},"9":{"start":{"line":22,"column":21},"end":{"line":22,"column":67}},"10":{"start":{"line":23,"column":16},"end":{"line":23,"column":47}},"11":{"start":{"line":25,"column":22},"end":{"line":35,"column":5}},"12":{"start":{"line":37,"column":4},"end":{"line":39,"column":7}},"13":{"start":{"line":41,"column":4},"end":{"line":41,"column":15}},"14":{"start":{"line":45,"column":0},"end":{"line":45,"column":26}}},"fnMap":{"0":{"name":"(anonymous_0)","decl":{"start":{"line":7,"column":2},"end":{"line":7,"column":3}},"loc":{"start":{"line":7,"column":40},"end":{"line":19,"column":3}},"line":7},"1":{"name":"(anonymous_1)","decl":{"start":{"line":21,"column":2},"end":{"line":21,"column":3}},"loc":{"start":{"line":21,"column":40},"end":{"line":42,"column":3}},"line":21}},"branchMap":{"0":{"loc":{"start":{"line":10,"column":16},"end":{"line":10,"column":65}},"type":"binary-expr","locations":[{"start":{"line":10,"column":16},"end":{"line":10,"column":42}},{"start":{"line":10,"column":46},"end":{"line":10,"column":65}}],"line":10}},"s":{"0":5,"1":5,"2":5,"3":5,"4":0,"5":0,"6":0,"7":0,"8":0,"9":0,"10":0,"11":0,"12":0,"13":0,"14":5},"f":{"0":0,"1":0},"b":{"0":[0,0]},"_coverageSchema":"1a1c01bbd47fc00a2c39e90264f33305004495a9","hash":"226085955fadb4db4829e527462e36758112a3a8"}
,"/root/API-Maranguape/src/utils/organizarSetores.js": {"path":"/root/API-Maranguape/src/utils/organizarSetores.js","statementMap":{"0":{"start":{"line":1,"column":25},"end":{"line":13,"column":1}},"1":{"start":{"line":2,"column":2},"end":{"line":12,"column":8}},"2":{"start":{"line":3,"column":23},"end":{"line":3,"column":64}},"3":{"start":{"line":4,"column":21},"end":{"line":12,"column":5}},"4":{"start":{"line":7,"column":15},"end":{"line":7,"column":36}},"5":{"start":{"line":10,"column":15},"end":{"line":10,"column":41}},"6":{"start":{"line":15,"column":0},"end":{"line":15,"column":34}}},"fnMap":{"0":{"name":"(anonymous_0)","decl":{"start":{"line":1,"column":25},"end":{"line":1,"column":26}},"loc":{"start":{"line":1,"column":55},"end":{"line":13,"column":1}},"line":1},"1":{"name":"(anonymous_1)","decl":{"start":{"line":3,"column":12},"end":{"line":3,"column":13}},"loc":{"start":{"line":3,"column":23},"end":{"line":3,"column":64}},"line":3},"2":{"name":"(anonymous_2)","decl":{"start":{"line":4,"column":9},"end":{"line":4,"column":10}},"loc":{"start":{"line":4,"column":21},"end":{"line":12,"column":5}},"line":4},"3":{"name":"(anonymous_3)","decl":{"start":{"line":7,"column":8},"end":{"line":7,"column":9}},"loc":{"start":{"line":7,"column":15},"end":{"line":7,"column":36}},"line":7},"4":{"name":"(anonymous_4)","decl":{"start":{"line":10,"column":8},"end":{"line":10,"column":9}},"loc":{"start":{"line":10,"column":15},"end":{"line":10,"column":41}},"line":10}},"branchMap":{"0":{"loc":{"start":{"line":1,"column":35},"end":{"line":1,"column":50}},"type":"default-arg","locations":[{"start":{"line":1,"column":46},"end":{"line":1,"column":50}}],"line":1}},"s":{"0":4,"1":0,"2":0,"3":0,"4":0,"5":0,"6":4},"f":{"0":0,"1":0,"2":0,"3":0,"4":0},"b":{"0":[0]},"_coverageSchema":"1a1c01bbd47fc00a2c39e90264f33305004495a9","hash":"5b8e65448389ae78612786519a1448baeb4a2892"}
,"/root/API-Maranguape/src/validations/validateFuncionario.js": {"path":"/root/API-Maranguape/src/validations/validateFuncionario.js","statementMap":{"0":{"start":{"line":1,"column":12},"end":{"line":1,"column":26}},"1":{"start":{"line":4,"column":29},"end":{"line":44,"column":2}},"2":{"start":{"line":43,"column":38},"end":{"line":43,"column":48}},"3":{"start":{"line":46,"column":0},"end":{"line":46,"column":42}}},"fnMap":{"0":{"name":"(anonymous_0)","decl":{"start":{"line":43,"column":32},"end":{"line":43,"column":33}},"loc":{"start":{"line":43,"column":38},"end":{"line":43,"column":48}},"line":43}},"branchMap":{},"s":{"0":3,"1":3,"2":0,"3":3},"f":{"0":0},"b":{},"_coverageSchema":"1a1c01bbd47fc00a2c39e90264f33305004495a9","hash":"8f779431deb182cf3a07be64d747b07d6e678bad"}
,"/root/API-Maranguape/src/validations/validates.js": {"path":"/root/API-Maranguape/src/validations/validates.js","statementMap":{},"fnMap":{},"branchMap":{},"s":{},"f":{},"b":{}}
,"/root/API-Maranguape/src/validations/validatesSetor.js": {"path":"/root/API-Maranguape/src/validations/validatesSetor.js","statementMap":{"0":{"start":{"line":1,"column":12},"end":{"line":1,"column":26}},"1":{"start":{"line":3,"column":30},"end":{"line":15,"column":2}},"2":{"start":{"line":14,"column":38},"end":{"line":14,"column":48}},"3":{"start":{"line":17,"column":0},"end":{"line":17,"column":43}}},"fnMap":{"0":{"name":"(anonymous_0)","decl":{"start":{"line":14,"column":32},"end":{"line":14,"column":33}},"loc":{"start":{"line":14,"column":38},"end":{"line":14,"column":48}},"line":14}},"branchMap":{},"s":{"0":3,"1":3,"2":3,"3":3},"f":{"0":3},"b":{},"_coverageSchema":"1a1c01bbd47fc00a2c39e90264f33305004495a9","hash":"9424ffaf7ae5a20c2bf412cc69b4133aefb680b4"}
}
