TN:
SF:src/app.js
FN:27,(anonymous_0)
FN:41,(anonymous_1)
FN:50,(anonymous_2)
FN:54,(anonymous_3)
FN:68,(anonymous_4)
FNF:5
FNH:3
FNDA:18,(anonymous_0)
FNDA:18,(anonymous_1)
FNDA:3,(anonymous_2)
FNDA:0,(anonymous_3)
FNDA:0,(anonymous_4)
DA:1,3
DA:2,3
DA:3,3
DA:4,3
DA:5,3
DA:6,3
DA:7,3
DA:8,3
DA:9,3
DA:10,3
DA:11,3
DA:12,3
DA:13,3
DA:14,3
DA:15,3
DA:17,3
DA:19,3
DA:26,3
DA:28,18
DA:29,18
DA:31,0
DA:38,3
DA:39,3
DA:40,3
DA:41,3
DA:42,18
DA:43,18
DA:45,3
DA:46,3
DA:47,3
DA:50,3
DA:51,3
DA:54,3
DA:55,0
DA:58,3
DA:61,3
DA:65,3
DA:68,3
DA:69,0
DA:70,0
DA:71,0
DA:72,0
DA:74,0
DA:77,3
DA:78,3
DA:79,3
DA:80,3
DA:82,3
LF:48
LH:41
BRDA:28,0,0,18
BRDA:28,0,1,0
BRDA:28,1,0,18
BRDA:28,1,1,0
BRF:4
BRH:2
end_of_record
TN:
SF:src/server.js
FN:5,(anonymous_0)
FNF:1
FNH:0
FNDA:0,(anonymous_0)
DA:1,0
DA:4,0
DA:5,0
LF:3
LH:0
BRDA:4,0,0,0
BRDA:4,0,1,0
BRF:2
BRH:0
end_of_record
TN:
SF:src/config/aws.js
FNF:0
FNH:0
DA:2,5
DA:5,5
DA:13,5
LF:3
LH:3
BRF:0
BRH:0
end_of_record
TN:
SF:src/config/multerConfig.js
FNF:0
FNH:0
DA:2,3
DA:5,3
DA:8,3
DA:18,3
LF:4
LH:4
BRF:0
BRH:0
end_of_record
TN:
SF:src/config/redisClient.js
FN:15,(anonymous_0)
FN:19,(anonymous_1)
FNF:2
FNH:1
FNDA:10,(anonymous_0)
FNDA:0,(anonymous_1)
DA:1,10
DA:4,10
DA:15,10
DA:16,10
DA:19,10
DA:20,0
DA:23,10
LF:7
LH:6
BRDA:4,0,0,0
BRDA:4,0,1,10
BRDA:9,1,0,10
BRDA:9,1,1,10
BRDA:10,2,0,10
BRDA:10,2,1,10
BRF:6
BRH:5
end_of_record
TN:
SF:src/config/Mongoose/funcionariosConnection.js
FN:4,connectToFuncionariosDB
FN:10,(anonymous_1)
FNF:2
FNH:2
FNDA:32,connectToFuncionariosDB
FNDA:23,(anonymous_1)
DA:2,12
DA:5,32
DA:9,32
DA:10,32
DA:11,23
DA:14,32
DA:17,12
LF:7
LH:7
BRDA:6,0,0,32
BRDA:6,0,1,26
BRF:2
BRH:2
end_of_record
TN:
SF:src/config/Mongoose/usuariosConnection.js
FN:10,(anonymous_0)
FNF:1
FNH:0
FNDA:0,(anonymous_0)
DA:1,0
DA:2,0
DA:3,0
DA:5,0
DA:9,0
DA:10,0
DA:11,0
DA:13,0
LF:8
LH:0
BRF:0
BRH:0
end_of_record
TN:
SF:src/controllers/SetorController.js
FN:4,(anonymous_0)
FN:14,(anonymous_1)
FN:24,(anonymous_2)
FN:33,(anonymous_3)
FN:43,(anonymous_4)
FN:54,(anonymous_5)
FNF:6
FNH:5
FNDA:3,(anonymous_0)
FNDA:0,(anonymous_1)
FNDA:3,(anonymous_2)
FNDA:3,(anonymous_3)
FNDA:3,(anonymous_4)
FNDA:3,(anonymous_5)
DA:1,3
DA:5,3
DA:6,3
DA:7,2
DA:9,1
DA:15,0
DA:16,0
DA:17,0
DA:19,0
DA:20,0
DA:25,3
DA:26,3
DA:27,2
DA:29,1
DA:34,3
DA:35,3
DA:36,3
DA:37,2
DA:39,1
DA:44,3
DA:45,3
DA:46,3
DA:47,3
DA:48,2
DA:50,1
DA:55,3
DA:56,3
DA:57,3
DA:58,2
DA:62,1
DA:69,3
LF:31
LH:26
BRF:0
BRH:0
end_of_record
TN:
SF:src/controllers/authController.js
FNF:0
FNH:0
LF:0
LH:0
BRF:0
BRH:0
end_of_record
TN:
SF:src/controllers/funcionariosController.js
FN:6,(anonymous_0)
FN:16,(anonymous_1)
FN:29,(anonymous_2)
FN:41,(anonymous_3)
FN:51,(anonymous_4)
FN:65,(anonymous_5)
FN:79,(anonymous_6)
FN:91,(anonymous_7)
FN:113,(anonymous_8)
FNF:9
FNH:7
FNDA:2,(anonymous_0)
FNDA:2,(anonymous_1)
FNDA:0,(anonymous_2)
FNDA:2,(anonymous_3)
FNDA:2,(anonymous_4)
FNDA:2,(anonymous_5)
FNDA:2,(anonymous_6)
FNDA:2,(anonymous_7)
FNDA:0,(anonymous_8)
DA:1,4
DA:2,4
DA:3,4
DA:7,2
DA:8,2
DA:10,1
DA:12,1
DA:13,1
DA:17,2
DA:18,2
DA:20,2
DA:22,1
DA:24,1
DA:25,1
DA:30,0
DA:31,0
DA:33,0
DA:34,0
DA:36,0
DA:37,0
DA:42,2
DA:43,2
DA:44,1
DA:46,1
DA:47,1
DA:52,2
DA:53,2
DA:58,1
DA:60,1
DA:61,1
DA:66,2
DA:67,2
DA:68,2
DA:69,0
DA:72,2
DA:73,1
DA:75,1
DA:80,2
DA:81,2
DA:85,1
DA:87,1
DA:92,2
DA:93,2
DA:95,2
DA:96,2
DA:101,1
DA:106,1
DA:107,1
DA:114,0
DA:115,0
DA:116,0
DA:118,0
DA:123,4
LF:53
LH:42
BRDA:68,0,0,0
BRDA:68,0,1,2
BRDA:68,1,0,2
BRDA:68,1,1,2
BRDA:109,2,0,1
BRDA:109,2,1,0
BRF:6
BRH:4
end_of_record
TN:
SF:src/controllers/relatorioController.js
FN:4,(anonymous_0)
FNF:1
FNH:0
FNDA:0,(anonymous_0)
DA:1,3
DA:5,0
DA:6,0
DA:7,0
DA:8,0
DA:13,0
DA:15,0
DA:16,0
DA:20,0
DA:21,0
DA:23,0
DA:24,0
DA:29,3
LF:13
LH:2
BRDA:7,0,0,0
BRDA:7,0,1,0
BRDA:7,1,0,0
BRDA:7,1,1,0
BRDA:7,1,2,0
BRF:5
BRH:0
end_of_record
TN:
SF:src/middlewares/auth.js
FNF:0
FNH:0
LF:0
LH:0
BRF:0
BRH:0
end_of_record
TN:
SF:src/middlewares/validate.js
FN:1,(anonymous_0)
FN:1,(anonymous_1)
FN:23,(anonymous_2)
FNF:3
FNH:2
FNDA:9,(anonymous_0)
FNDA:3,(anonymous_1)
FNDA:0,(anonymous_2)
DA:1,9
DA:2,3
DA:7,0
DA:10,3
DA:15,0
DA:18,3
DA:20,3
DA:21,0
DA:22,0
DA:23,0
DA:26,3
DA:29,3
LF:12
LH:7
BRDA:2,0,0,0
BRDA:2,0,1,3
BRDA:3,1,0,3
BRDA:3,1,1,3
BRDA:3,1,2,0
BRDA:10,2,0,0
BRDA:10,2,1,3
BRDA:11,3,0,3
BRDA:11,3,1,3
BRDA:11,3,2,0
BRDA:15,4,0,0
BRDA:15,4,1,0
BRDA:20,5,0,0
BRDA:20,5,1,3
BRF:14
BRH:7
end_of_record
TN:
SF:src/models/CargoComissionadoSchema.js
FNF:0
FNH:0
DA:1,6
DA:2,6
DA:4,6
DA:6,6
DA:32,6
DA:34,6
LF:6
LH:6
BRF:0
BRH:0
end_of_record
TN:
SF:src/models/funcionariosSchema.js
FNF:0
FNH:0
DA:1,5
DA:2,5
DA:4,5
DA:7,5
DA:37,5
DA:39,5
LF:6
LH:6
BRF:0
BRH:0
end_of_record
TN:
SF:src/models/referenciasSchema.js
FNF:0
FNH:0
DA:1,3
DA:2,3
DA:4,3
DA:6,3
DA:27,3
DA:29,3
LF:6
LH:6
BRF:0
BRH:0
end_of_record
TN:
SF:src/models/setoresSchema.js
FN:20,(anonymous_0)
FN:32,(anonymous_1)
FNF:2
FNH:0
FNDA:0,(anonymous_0)
FNDA:0,(anonymous_1)
DA:1,9
DA:2,9
DA:4,9
DA:7,9
DA:21,0
DA:32,9
DA:33,0
DA:34,0
DA:36,0
DA:38,9
DA:40,9
LF:11
LH:7
BRDA:21,0,0,0
BRDA:21,0,1,0
BRDA:33,1,0,0
BRDA:33,1,1,0
BRF:4
BRH:0
end_of_record
TN:
SF:src/models/usuariosSchema.js
FN:15,(anonymous_0)
FNF:1
FNH:0
FNDA:0,(anonymous_0)
DA:1,3
DA:2,3
DA:3,3
DA:5,3
DA:7,3
DA:15,3
DA:16,0
DA:17,0
DA:20,3
DA:22,3
LF:10
LH:8
BRF:0
BRH:0
end_of_record
TN:
SF:src/repositories/FuncionariosRepository.js
FN:5,(anonymous_0)
FN:9,(anonymous_1)
FN:13,(anonymous_2)
FN:19,(anonymous_3)
FN:52,(anonymous_4)
FN:56,(anonymous_5)
FN:60,(anonymous_6)
FN:64,(anonymous_7)
FN:69,(anonymous_8)
FN:86,(anonymous_9)
FN:90,(anonymous_10)
FN:94,(anonymous_11)
FNF:12
FNH:0
FNDA:0,(anonymous_0)
FNDA:0,(anonymous_1)
FNDA:0,(anonymous_2)
FNDA:0,(anonymous_3)
FNDA:0,(anonymous_4)
FNDA:0,(anonymous_5)
FNDA:0,(anonymous_6)
FNDA:0,(anonymous_7)
FNDA:0,(anonymous_8)
FNDA:0,(anonymous_9)
FNDA:0,(anonymous_10)
FNDA:0,(anonymous_11)
DA:1,5
DA:2,5
DA:6,0
DA:10,0
DA:14,0
DA:20,0
DA:53,0
DA:57,0
DA:61,0
DA:65,0
DA:66,0
DA:68,0
DA:69,0
DA:75,0
DA:77,0
DA:78,0
DA:80,0
DA:81,0
DA:82,0
DA:87,0
DA:91,0
DA:95,0
DA:101,5
LF:23
LH:3
BRF:0
BRH:0
end_of_record
TN:
SF:src/repositories/SetorRepository.js
FN:5,(anonymous_0)
FN:9,(anonymous_1)
FN:13,(anonymous_2)
FN:17,(anonymous_3)
FN:21,(anonymous_4)
FN:25,(anonymous_5)
FN:29,(anonymous_6)
FN:49,(anonymous_7)
FN:51,(anonymous_8)
FNF:9
FNH:0
FNDA:0,(anonymous_0)
FNDA:0,(anonymous_1)
FNDA:0,(anonymous_2)
FNDA:0,(anonymous_3)
FNDA:0,(anonymous_4)
FNDA:0,(anonymous_5)
FNDA:0,(anonymous_6)
FNDA:0,(anonymous_7)
FNDA:0,(anonymous_8)
DA:1,4
DA:2,4
DA:6,0
DA:10,0
DA:14,0
DA:18,0
DA:22,0
DA:26,0
DA:30,0
DA:34,0
DA:49,0
DA:51,0
DA:53,0
DA:55,0
DA:59,4
LF:15
LH:3
BRDA:30,0,0,0
BRDA:30,0,1,0
BRF:2
BRH:0
end_of_record
TN:
SF:src/repositories/cargoComissionadoRepository.js
FN:4,(anonymous_0)
FN:8,(anonymous_1)
FN:12,(anonymous_2)
FNF:3
FNH:0
FNDA:0,(anonymous_0)
FNDA:0,(anonymous_1)
FNDA:0,(anonymous_2)
DA:1,6
DA:5,0
DA:9,0
DA:13,0
DA:21,6
LF:5
LH:2
BRF:0
BRH:0
end_of_record
TN:
SF:src/routes/funcionariosRoutes.js
FNF:0
FNH:0
DA:1,3
DA:2,3
DA:3,3
DA:4,3
DA:5,3
DA:6,3
DA:8,3
DA:10,3
DA:11,3
DA:15,3
DA:20,3
DA:26,3
DA:32,3
DA:33,3
DA:37,3
DA:38,3
DA:42,3
DA:44,3
LF:18
LH:18
BRF:0
BRH:0
end_of_record
TN:
SF:src/routes/referenciasRoutes.js
FN:6,(anonymous_0)
FN:51,(anonymous_1)
FN:76,(anonymous_2)
FN:89,(anonymous_3)
FNF:4
FNH:0
FNDA:0,(anonymous_0)
FNDA:0,(anonymous_1)
FNDA:0,(anonymous_2)
FNDA:0,(anonymous_3)
DA:1,3
DA:2,3
DA:3,3
DA:4,3
DA:6,3
DA:7,0
DA:10,0
DA:11,0
DA:12,0
DA:18,0
DA:19,0
DA:20,0
DA:21,0
DA:23,0
DA:25,0
DA:27,0
DA:28,0
DA:29,0
DA:35,0
DA:36,0
DA:39,0
DA:40,0
DA:41,0
DA:43,0
DA:45,0
DA:46,0
DA:51,3
DA:52,0
DA:54,0
DA:56,0
DA:57,0
DA:58,0
DA:62,0
DA:65,0
DA:67,0
DA:68,0
DA:70,0
DA:71,0
DA:76,3
DA:77,0
DA:79,0
DA:81,0
DA:83,0
DA:84,0
DA:88,0
DA:89,0
DA:90,0
DA:92,0
DA:94,0
DA:95,0
DA:99,3
LF:51
LH:8
BRDA:10,0,0,0
BRDA:10,0,1,0
BRDA:10,1,0,0
BRDA:10,1,1,0
BRDA:27,2,0,0
BRDA:27,2,1,0
BRDA:39,3,0,0
BRDA:39,3,1,0
BRDA:56,4,0,0
BRDA:56,4,1,0
BRDA:83,5,0,0
BRDA:83,5,1,0
BRDA:88,6,0,0
BRDA:88,6,1,0
BRF:14
BRH:0
end_of_record
TN:
SF:src/routes/setoresRoutes.js
FNF:0
FNH:0
DA:1,3
DA:2,3
DA:3,3
DA:4,3
DA:5,3
DA:7,3
DA:8,3
DA:9,3
DA:10,3
DA:11,3
DA:12,3
DA:14,3
LF:12
LH:12
BRF:0
BRH:0
end_of_record
TN:
SF:src/routes/usuariosRoute.js
FN:6,(anonymous_0)
FN:54,(anonymous_1)
FN:67,(anonymous_2)
FNF:3
FNH:0
FNDA:0,(anonymous_0)
FNDA:0,(anonymous_1)
FNDA:0,(anonymous_2)
DA:1,3
DA:2,3
DA:3,3
DA:4,3
DA:6,3
DA:7,0
DA:9,0
DA:11,0
DA:12,0
DA:13,0
DA:14,0
DA:15,0
DA:21,0
DA:22,0
DA:23,0
DA:29,0
DA:36,0
DA:43,0
DA:49,0
DA:50,0
DA:54,3
DA:56,0
DA:64,0
DA:67,3
DA:68,0
DA:70,0
DA:71,0
DA:74,0
DA:75,0
DA:76,0
DA:77,0
DA:83,0
DA:87,3
LF:33
LH:8
BRDA:14,0,0,0
BRDA:14,0,1,0
BRDA:22,1,0,0
BRDA:22,1,1,0
BRDA:70,2,0,0
BRDA:70,2,1,0
BRF:6
BRH:0
end_of_record
TN:
SF:src/services/CacheService.js
FN:4,(anonymous_0)
FN:12,(anonymous_1)
FN:20,(anonymous_2)
FNF:3
FNH:2
FNDA:1,(anonymous_0)
FNDA:0,(anonymous_1)
FNDA:1,(anonymous_2)
DA:1,8
DA:5,1
DA:6,1
DA:7,1
DA:8,1
DA:9,1
DA:13,0
DA:14,0
DA:16,0
DA:17,0
DA:21,1
DA:22,1
DA:23,1
DA:25,1
DA:26,1
DA:30,8
LF:16
LH:12
BRDA:6,0,0,0
BRDA:6,0,1,1
BRF:2
BRH:1
end_of_record
TN:
SF:src/services/RelatorioService.js
FN:6,(anonymous_0)
FN:13,(anonymous_1)
FN:29,(anonymous_2)
FN:51,(anonymous_3)
FN:75,(anonymous_4)
FN:116,(anonymous_5)
FN:118,(anonymous_6)
FN:122,(anonymous_7)
FN:128,(anonymous_8)
FN:133,(anonymous_9)
FNF:10
FNH:1
FNDA:3,(anonymous_0)
FNDA:0,(anonymous_1)
FNDA:0,(anonymous_2)
FNDA:0,(anonymous_3)
FNDA:0,(anonymous_4)
FNDA:0,(anonymous_5)
FNDA:0,(anonymous_6)
FNDA:0,(anonymous_7)
FNDA:0,(anonymous_8)
FNDA:0,(anonymous_9)
DA:1,3
DA:2,3
DA:3,3
DA:7,3
DA:14,0
DA:15,0
DA:17,0
DA:18,0
DA:20,0
DA:21,0
DA:23,0
DA:26,0
DA:30,0
DA:36,0
DA:52,0
DA:64,0
DA:66,0
DA:68,0
DA:73,0
DA:75,0
DA:76,0
DA:80,0
DA:81,0
DA:88,0
DA:90,0
DA:95,0
DA:100,0
DA:102,0
DA:107,0
DA:108,0
DA:109,0
DA:117,0
DA:118,0
DA:121,0
DA:122,0
DA:125,0
DA:126,0
DA:128,0
DA:129,0
DA:130,0
DA:133,0
DA:134,0
DA:135,0
DA:138,0
DA:147,3
LF:45
LH:5
BRDA:20,0,0,0
BRDA:20,0,1,0
BRDA:75,1,0,0
BRDA:75,1,1,0
BRDA:129,2,0,0
BRDA:129,2,1,0
BRDA:134,3,0,0
BRDA:134,3,1,0
BRF:8
BRH:0
end_of_record
TN:
SF:src/services/SetorService.js
FN:6,(anonymous_0)
FN:13,(anonymous_1)
FN:14,(anonymous_2)
FN:21,(anonymous_3)
FN:22,(anonymous_4)
FN:27,(anonymous_5)
FN:30,(anonymous_6)
FN:37,(anonymous_7)
FN:43,(anonymous_8)
FNF:9
FNH:5
FNDA:2,(anonymous_0)
FNDA:0,(anonymous_1)
FNDA:0,(anonymous_2)
FNDA:2,(anonymous_3)
FNDA:0,(anonymous_4)
FNDA:2,(anonymous_5)
FNDA:0,(anonymous_6)
FNDA:2,(anonymous_7)
FNDA:2,(anonymous_8)
DA:1,4
DA:2,4
DA:3,4
DA:7,2
DA:8,2
DA:9,2
DA:10,2
DA:14,0
DA:15,0
DA:16,0
DA:17,0
DA:22,2
DA:23,0
DA:28,2
DA:31,0
DA:32,0
DA:38,2
DA:39,2
DA:40,2
DA:44,2
DA:45,2
DA:49,4
LF:22
LH:15
BRF:0
BRH:0
end_of_record
TN:
SF:src/services/cargoComissionadoService.js
FN:5,(anonymous_0)
FN:8,(anonymous_1)
FNF:2
FNH:0
FNDA:0,(anonymous_0)
FNDA:0,(anonymous_1)
DA:1,4
DA:2,4
DA:6,0
DA:9,0
DA:15,4
LF:5
LH:3
BRF:0
BRH:0
end_of_record
TN:
SF:src/services/funcionariosService.js
FN:11,(anonymous_0)
FN:12,(anonymous_1)
FN:16,(anonymous_2)
FN:28,(anonymous_3)
FN:31,(anonymous_4)
FN:40,(anonymous_5)
FN:54,(anonymous_6)
FN:63,(anonymous_7)
FN:75,(anonymous_8)
FN:114,(anonymous_9)
FN:165,(anonymous_10)
FN:176,(anonymous_11)
FN:180,(anonymous_12)
FN:183,(anonymous_13)
FN:224,(anonymous_14)
FN:227,(anonymous_15)
FN:228,(anonymous_16)
FN:237,(anonymous_17)
FNF:18
FNH:5
FNDA:1,(anonymous_0)
FNDA:1,(anonymous_1)
FNDA:1,(anonymous_2)
FNDA:0,(anonymous_3)
FNDA:0,(anonymous_4)
FNDA:0,(anonymous_5)
FNDA:0,(anonymous_6)
FNDA:0,(anonymous_7)
FNDA:1,(anonymous_8)
FNDA:1,(anonymous_9)
FNDA:0,(anonymous_10)
FNDA:0,(anonymous_11)
FNDA:0,(anonymous_12)
FNDA:0,(anonymous_13)
FNDA:0,(anonymous_14)
FNDA:0,(anonymous_15)
FNDA:0,(anonymous_16)
FNDA:0,(anonymous_17)
DA:1,5
DA:2,5
DA:3,5
DA:4,5
DA:5,5
DA:6,5
DA:8,5
DA:12,1
DA:13,1
DA:15,1
DA:16,1
DA:29,0
DA:32,0
DA:37,0
DA:39,0
DA:40,0
DA:55,0
DA:60,0
DA:62,0
DA:63,0
DA:76,1
DA:79,1
DA:83,1
DA:84,0
DA:86,0
DA:87,0
DA:90,0
DA:93,1
DA:99,1
DA:103,1
DA:115,1
DA:117,1
DA:118,1
DA:119,1
DA:121,0
DA:122,0
DA:123,0
DA:124,0
DA:126,0
DA:127,0
DA:135,0
DA:138,0
DA:142,0
DA:147,0
DA:151,0
DA:166,0
DA:167,0
DA:168,0
DA:169,0
DA:170,0
DA:172,0
DA:173,0
DA:175,0
DA:177,0
DA:179,0
DA:180,0
DA:183,0
DA:184,0
DA:185,0
DA:188,0
DA:189,0
DA:193,0
DA:198,0
DA:200,0
DA:201,0
DA:202,0
DA:203,0
DA:210,0
DA:211,0
DA:214,0
DA:219,0
DA:220,0
DA:225,0
DA:226,0
DA:227,0
DA:228,0
DA:230,0
DA:232,0
DA:234,0
DA:238,0
DA:240,0
DA:241,0
DA:244,0
DA:245,0
DA:248,0
DA:250,0
DA:254,5
LF:87
LH:22
BRDA:18,0,0,0
BRDA:18,0,1,1
BRDA:21,1,0,0
BRDA:21,1,1,1
BRDA:32,2,0,0
BRDA:32,2,1,0
BRDA:42,3,0,0
BRDA:42,3,1,0
BRDA:45,4,0,0
BRDA:45,4,1,0
BRDA:55,5,0,0
BRDA:55,5,1,0
BRDA:65,6,0,0
BRDA:65,6,1,0
BRDA:68,7,0,0
BRDA:68,7,1,0
BRDA:76,8,0,0
BRDA:76,8,1,1
BRDA:79,9,0,0
BRDA:79,9,1,1
BRDA:83,10,0,0
BRDA:83,10,1,1
BRDA:86,11,0,0
BRDA:86,11,1,0
BRDA:105,12,0,0
BRDA:105,12,1,0
BRDA:108,13,0,0
BRDA:108,13,1,0
BRDA:118,14,0,1
BRDA:118,14,1,0
BRDA:126,15,0,0
BRDA:126,15,1,0
BRDA:135,16,0,0
BRDA:135,16,1,0
BRDA:138,17,0,0
BRDA:138,17,1,0
BRDA:155,18,0,0
BRDA:155,18,1,0
BRDA:158,19,0,0
BRDA:158,19,1,0
BRDA:184,20,0,0
BRDA:184,20,1,0
BRDA:188,21,0,0
BRDA:188,21,1,0
BRDA:188,22,0,0
BRDA:188,22,1,0
BRDA:202,23,0,0
BRDA:202,23,1,0
BRDA:210,24,0,0
BRDA:210,24,1,0
BRDA:240,25,0,0
BRDA:240,25,1,0
BRF:52
BRH:6
end_of_record
TN:
SF:src/utils/LimiteService.js
FN:4,(anonymous_0)
FNF:1
FNH:0
FNDA:0,(anonymous_0)
DA:1,5
DA:10,0
DA:15,0
DA:16,0
DA:17,0
DA:20,0
DA:21,0
DA:22,0
DA:27,5
LF:9
LH:2
BRDA:15,0,0,0
BRDA:15,0,1,0
BRDA:16,1,0,0
BRDA:16,1,1,0
BRDA:20,2,0,0
BRDA:20,2,1,0
BRDA:21,3,0,0
BRDA:21,3,1,0
BRF:8
BRH:0
end_of_record
TN:
SF:src/utils/Logger.js
FN:2,(anonymous_0)
FNF:1
FNH:0
FNDA:0,(anonymous_0)
DA:3,0
DA:7,4
LF:2
LH:1
BRF:0
BRH:0
end_of_record
TN:
SF:src/utils/awsUtils.js
FN:7,(anonymous_0)
FN:21,(anonymous_1)
FNF:2
FNH:0
FNDA:0,(anonymous_0)
FNDA:0,(anonymous_1)
DA:1,5
DA:2,5
DA:3,5
DA:4,5
DA:8,0
DA:9,0
DA:14,0
DA:16,0
DA:17,0
DA:22,0
DA:23,0
DA:25,0
DA:37,0
DA:41,0
DA:45,5
LF:15
LH:5
BRDA:10,0,0,0
BRDA:10,0,1,0
BRF:2
BRH:0
end_of_record
TN:
SF:src/utils/organizarSetores.js
FN:1,(anonymous_0)
FN:3,(anonymous_1)
FN:4,(anonymous_2)
FN:7,(anonymous_3)
FN:10,(anonymous_4)
FNF:5
FNH:0
FNDA:0,(anonymous_0)
FNDA:0,(anonymous_1)
FNDA:0,(anonymous_2)
FNDA:0,(anonymous_3)
FNDA:0,(anonymous_4)
DA:1,4
DA:2,0
DA:3,0
DA:4,0
DA:7,0
DA:10,0
DA:15,4
LF:7
LH:2
BRDA:1,0,0,0
BRF:1
BRH:0
end_of_record
TN:
SF:src/validations/validateFuncionario.js
FN:43,(anonymous_0)
FNF:1
FNH:0
FNDA:0,(anonymous_0)
DA:1,3
DA:4,3
DA:43,0
DA:46,3
LF:4
LH:3
BRF:0
BRH:0
end_of_record
TN:
SF:src/validations/validates.js
FNF:0
FNH:0
LF:0
LH:0
BRF:0
BRH:0
end_of_record
TN:
SF:src/validations/validatesSetor.js
FN:14,(anonymous_0)
FNF:1
FNH:1
FNDA:3,(anonymous_0)
DA:1,3
DA:3,3
DA:14,3
DA:17,3
LF:4
LH:4
BRF:0
BRH:0
end_of_record
